<?xml version="1.0" encoding="UTF-8" standalone="yes"?><!DOCTYPE report PUBLIC "-//JACOCO//DTD Report 1.1//EN" "report.dtd"><report name="Implementation"><sessioninfo id="tantalum.local-6b0a9606" start="1732204107447" dump="1732204115009"/><package name="org/dynamoframework/domain/model/impl"><class name="org/dynamoframework/domain/model/impl/EntityModelFactoryImpl" sourcefilename="EntityModelFactoryImpl.java"><method name="&lt;init&gt;" desc="([Lorg/dynamoframework/domain/model/EntityModelFactory;)V" line="78"><counter type="INSTRUCTION" missed="19" covered="0"/><counter type="LINE" missed="6" covered="0"/><counter type="COMPLEXITY" missed="1" covered="0"/><counter type="METHOD" missed="1" covered="0"/></method><method name="addAttributeModels" desc="(Ljava/lang/Class;Lorg/dynamoframework/domain/model/impl/EntityModelImpl;Ljava/util/List;)V" line="112"><counter type="INSTRUCTION" missed="0" covered="39"/><counter type="BRANCH" missed="0" covered="4"/><counter type="LINE" missed="0" covered="10"/><counter type="COMPLEXITY" missed="0" covered="3"/><counter type="METHOD" missed="0" covered="1"/></method><method name="addEntityModelAnnotationOverrides" desc="(Ljava/lang/Class;Lorg/dynamoframework/domain/model/impl/EntityModelImpl$EntityModelImplBuilder;)V" line="135"><counter type="INSTRUCTION" missed="8" covered="127"/><counter type="BRANCH" missed="2" covered="24"/><counter type="LINE" missed="2" covered="31"/><counter type="COMPLEXITY" missed="2" covered="12"/><counter type="METHOD" missed="0" covered="1"/></method><method name="addEntityModelMessageBundleOverrides" desc="(Ljava/lang/String;Lorg/dynamoframework/domain/model/impl/EntityModelImpl$EntityModelImplBuilder;)V" line="197"><counter type="INSTRUCTION" missed="0" covered="173"/><counter type="LINE" missed="0" covered="32"/><counter type="COMPLEXITY" missed="0" covered="1"/><counter type="METHOD" missed="0" covered="1"/></method><method name="setMessageBundleRoleOverrides" desc="(Ljava/lang/String;Ljava/lang/String;Ljava/util/function/Consumer;)V" line="244"><counter type="INSTRUCTION" missed="0" covered="17"/><counter type="BRANCH" missed="0" covered="2"/><counter type="LINE" missed="0" covered="5"/><counter type="COMPLEXITY" missed="0" covered="2"/><counter type="METHOD" missed="0" covered="1"/></method><method name="addMissingAttributeNames" desc="(Ljava/util/List;Ljava/util/List;Ljava/util/List;)V" line="253"><counter type="INSTRUCTION" missed="0" covered="27"/><counter type="BRANCH" missed="1" covered="5"/><counter type="LINE" missed="0" covered="6"/><counter type="COMPLEXITY" missed="1" covered="3"/><counter type="METHOD" missed="0" covered="1"/></method><method name="canProvideModel" desc="(Ljava/lang/String;Ljava/lang/Class;)Z" line="270"><counter type="INSTRUCTION" missed="2" covered="0"/><counter type="LINE" missed="1" covered="0"/><counter type="COMPLEXITY" missed="1" covered="0"/><counter type="METHOD" missed="1" covered="0"/></method><method name="collectAttributeGroups" desc="(Lorg/dynamoframework/domain/model/EntityModel;Ljava/lang/Class;)Ljava/util/Map;" line="283"><counter type="INSTRUCTION" missed="7" covered="70"/><counter type="BRANCH" missed="1" covered="7"/><counter type="LINE" missed="1" covered="12"/><counter type="COMPLEXITY" missed="1" covered="4"/><counter type="METHOD" missed="0" covered="1"/></method><method name="constructAttributeModel" desc="(Ljava/beans/PropertyDescriptor;Lorg/dynamoframework/domain/model/EntityModel;Ljava/lang/Class;ZLjava/lang/String;)Ljava/util/List;" line="322"><counter type="INSTRUCTION" missed="2" covered="214"/><counter type="BRANCH" missed="3" covered="31"/><counter type="LINE" missed="0" covered="42"/><counter type="COMPLEXITY" missed="3" covered="15"/><counter type="METHOD" missed="0" covered="1"/></method><method name="processEmbeddedAttributeModel" desc="(Ljava/util/List;Lorg/dynamoframework/domain/model/AttributeModel;Lorg/dynamoframework/domain/model/EntityModel;Z)V" line="404"><counter type="INSTRUCTION" missed="5" covered="48"/><counter type="BRANCH" missed="1" covered="5"/><counter type="LINE" missed="1" covered="9"/><counter type="COMPLEXITY" missed="1" covered="3"/><counter type="METHOD" missed="0" covered="1"/></method><method name="constructAttributeModels" desc="(Ljava/lang/String;Ljava/lang/Class;Lorg/dynamoframework/domain/model/impl/EntityModelImpl;)Ljava/util/List;" line="430"><counter type="INSTRUCTION" missed="0" covered="51"/><counter type="BRANCH" missed="0" covered="6"/><counter type="LINE" missed="0" covered="9"/><counter type="COMPLEXITY" missed="0" covered="4"/><counter type="METHOD" missed="0" covered="1"/></method><method name="constructModel" desc="(Ljava/lang/String;Ljava/lang/Class;)Lorg/dynamoframework/domain/model/EntityModel;" line="454"><counter type="INSTRUCTION" missed="33" covered="12"/><counter type="BRANCH" missed="8" covered="2"/><counter type="LINE" missed="6" covered="4"/><counter type="COMPLEXITY" missed="5" covered="1"/><counter type="METHOD" missed="0" covered="1"/></method><method name="constructModelInner" desc="(Ljava/lang/Class;Ljava/lang/String;)Lorg/dynamoframework/domain/model/impl/EntityModelImpl;" line="481"><counter type="INSTRUCTION" missed="2" covered="165"/><counter type="BRANCH" missed="1" covered="5"/><counter type="LINE" missed="1" covered="38"/><counter type="COMPLEXITY" missed="1" covered="3"/><counter type="METHOD" missed="0" covered="1"/></method><method name="processJoinAnnotations" desc="(Ljava/lang/Class;Lorg/dynamoframework/domain/model/impl/EntityModelImpl;)V" line="542"><counter type="INSTRUCTION" missed="10" covered="28"/><counter type="BRANCH" missed="2" covered="4"/><counter type="LINE" missed="4" covered="9"/><counter type="COMPLEXITY" missed="2" covered="2"/><counter type="METHOD" missed="0" covered="1"/></method><method name="addEntityModelActions" desc="(Lorg/dynamoframework/domain/model/impl/EntityModelImpl;)V" line="561"><counter type="INSTRUCTION" missed="0" covered="42"/><counter type="BRANCH" missed="0" covered="4"/><counter type="LINE" missed="0" covered="9"/><counter type="COMPLEXITY" missed="0" covered="3"/><counter type="METHOD" missed="0" covered="1"/></method><method name="addEntityModelAction" desc="(Ljava/lang/reflect/Method;Ljava/util/List;)V" line="580"><counter type="INSTRUCTION" missed="26" covered="78"/><counter type="BRANCH" missed="2" covered="4"/><counter type="LINE" missed="4" covered="20"/><counter type="COMPLEXITY" missed="2" covered="2"/><counter type="METHOD" missed="0" covered="1"/></method><method name="processEntityModelActionMessageBundleOverrides" desc="(Lorg/dynamoframework/domain/model/impl/EntityModelActionImpl;)V" line="615"><counter type="INSTRUCTION" missed="0" covered="36"/><counter type="LINE" missed="0" covered="7"/><counter type="COMPLEXITY" missed="0" covered="1"/><counter type="METHOD" missed="0" covered="1"/></method><method name="processMessageBundleJoinOverrides" desc="(Lorg/dynamoframework/domain/model/impl/EntityModelImpl;)V" line="630"><counter type="INSTRUCTION" missed="3" covered="20"/><counter type="BRANCH" missed="1" covered="3"/><counter type="LINE" missed="1" covered="6"/><counter type="COMPLEXITY" missed="1" covered="2"/><counter type="METHOD" missed="0" covered="1"/></method><method name="processMessageBundleFetchJoinOverrides" desc="(Lorg/dynamoframework/domain/model/EntityModel;Ljava/lang/String;)Ljava/util/List;" line="653"><counter type="INSTRUCTION" missed="7" covered="62"/><counter type="BRANCH" missed="1" covered="5"/><counter type="LINE" missed="1" covered="17"/><counter type="COMPLEXITY" missed="1" covered="3"/><counter type="METHOD" missed="0" covered="1"/></method><method name="determineAttributeGroupMapping" desc="(Lorg/dynamoframework/domain/model/EntityModel;Ljava/lang/Class;)Ljava/util/Map;" line="689"><counter type="INSTRUCTION" missed="0" covered="81"/><counter type="BRANCH" missed="1" covered="9"/><counter type="LINE" missed="0" covered="20"/><counter type="COMPLEXITY" missed="1" covered="5"/><counter type="METHOD" missed="0" covered="1"/></method><method name="determineAttributeOrder" desc="(Ljava/lang/Class;Ljava/lang/String;Ljava/util/List;)V" line="730"><counter type="INSTRUCTION" missed="0" covered="24"/><counter type="BRANCH" missed="0" covered="2"/><counter type="LINE" missed="0" covered="6"/><counter type="COMPLEXITY" missed="0" covered="2"/><counter type="METHOD" missed="0" covered="1"/></method><method name="determineAttributeOrderInner" desc="(Ljava/lang/String;Ljava/lang/String;Ljava/util/List;Ljava/util/List;Ljava/util/function/BiConsumer;)Z" line="760"><counter type="INSTRUCTION" missed="12" covered="83"/><counter type="BRANCH" missed="1" covered="9"/><counter type="LINE" missed="1" covered="18"/><counter type="COMPLEXITY" missed="1" covered="5"/><counter type="METHOD" missed="0" covered="1"/></method><method name="determineAttributeType" desc="(Ljava/lang/Class;Lorg/dynamoframework/domain/model/impl/AttributeModelImpl;)Lorg/dynamoframework/domain/model/AttributeType;" line="799"><counter type="INSTRUCTION" missed="12" covered="127"/><counter type="BRANCH" missed="9" covered="21"/><counter type="LINE" missed="2" covered="32"/><counter type="COMPLEXITY" missed="7" covered="9"/><counter type="METHOD" missed="0" covered="1"/></method><method name="determineDateType" desc="(Ljava/lang/Class;)Lorg/dynamoframework/domain/model/AttributeDateType;" line="857"><counter type="INSTRUCTION" missed="0" covered="26"/><counter type="BRANCH" missed="0" covered="8"/><counter type="LINE" missed="0" covered="9"/><counter type="COMPLEXITY" missed="0" covered="5"/><counter type="METHOD" missed="0" covered="1"/></method><method name="determineDefaultDisplayFormat" desc="(Ljava/lang/Class;)Ljava/lang/String;" line="876"><counter type="INSTRUCTION" missed="0" covered="43"/><counter type="BRANCH" missed="0" covered="8"/><counter type="LINE" missed="0" covered="10"/><counter type="COMPLEXITY" missed="0" covered="5"/><counter type="METHOD" missed="0" covered="1"/></method><method name="determineGridAttributeOrder" desc="(Ljava/lang/Class;Ljava/lang/String;Ljava/util/List;)Z" line="901"><counter type="INSTRUCTION" missed="0" covered="23"/><counter type="BRANCH" missed="0" covered="2"/><counter type="LINE" missed="0" covered="5"/><counter type="COMPLEXITY" missed="0" covered="2"/><counter type="METHOD" missed="0" covered="1"/></method><method name="determineSearchAttributeOrder" desc="(Ljava/lang/Class;Ljava/lang/String;Ljava/util/List;)Z" line="922"><counter type="INSTRUCTION" missed="0" covered="23"/><counter type="BRANCH" missed="0" covered="2"/><counter type="LINE" missed="0" covered="5"/><counter type="COMPLEXITY" missed="0" covered="2"/><counter type="METHOD" missed="0" covered="1"/></method><method name="findModelFactory" desc="(Ljava/lang/String;Ljava/lang/Class;)Lorg/dynamoframework/domain/model/EntityModelFactory;" line="939"><counter type="INSTRUCTION" missed="25" covered="7"/><counter type="BRANCH" missed="5" covered="1"/><counter type="LINE" missed="4" covered="3"/><counter type="COMPLEXITY" missed="3" covered="1"/><counter type="METHOD" missed="0" covered="1"/></method><method name="getAttributeMessage" desc="(Lorg/dynamoframework/domain/model/EntityModel;Lorg/dynamoframework/domain/model/AttributeModel;Ljava/lang/String;)Ljava/lang/String;" line="960"><counter type="INSTRUCTION" missed="0" covered="15"/><counter type="BRANCH" missed="0" covered="2"/><counter type="LINE" missed="0" covered="3"/><counter type="COMPLEXITY" missed="0" covered="2"/><counter type="METHOD" missed="0" covered="1"/></method><method name="getEntityMessage" desc="(Ljava/lang/String;Ljava/lang/String;)Ljava/lang/String;" line="974"><counter type="INSTRUCTION" missed="0" covered="13"/><counter type="BRANCH" missed="0" covered="2"/><counter type="LINE" missed="0" covered="3"/><counter type="COMPLEXITY" missed="0" covered="2"/><counter type="METHOD" missed="0" covered="1"/></method><method name="getLocale" desc="()Ljava/util/Locale;" line="981"><counter type="INSTRUCTION" missed="0" covered="5"/><counter type="LINE" missed="0" covered="1"/><counter type="COMPLEXITY" missed="0" covered="1"/><counter type="METHOD" missed="0" covered="1"/></method><method name="getMessageService" desc="()Lorg/dynamoframework/service/MessageService;" line="985"><counter type="INSTRUCTION" missed="0" covered="3"/><counter type="LINE" missed="0" covered="1"/><counter type="COMPLEXITY" missed="0" covered="1"/><counter type="METHOD" missed="0" covered="1"/></method><method name="getModel" desc="(Ljava/lang/Class;)Lorg/dynamoframework/domain/model/EntityModel;" line="990"><counter type="INSTRUCTION" missed="0" covered="6"/><counter type="LINE" missed="0" covered="1"/><counter type="COMPLEXITY" missed="0" covered="1"/><counter type="METHOD" missed="0" covered="1"/></method><method name="getModel" desc="(Ljava/lang/String;Ljava/lang/Class;)Lorg/dynamoframework/domain/model/EntityModel;" line="996"><counter type="INSTRUCTION" missed="0" covered="27"/><counter type="BRANCH" missed="2" covered="4"/><counter type="LINE" missed="0" covered="7"/><counter type="COMPLEXITY" missed="2" covered="2"/><counter type="METHOD" missed="0" covered="1"/></method><method name="handleElementCollectionSettings" desc="(Ljava/lang/Class;Lorg/dynamoframework/domain/model/impl/AttributeModelImpl;Ljava/lang/String;)V" line="1015"><counter type="INSTRUCTION" missed="0" covered="50"/><counter type="BRANCH" missed="2" covered="6"/><counter type="LINE" missed="0" covered="10"/><counter type="COMPLEXITY" missed="2" covered="3"/><counter type="METHOD" missed="0" covered="1"/></method><method name="hasEntityModel" desc="(Ljava/lang/Class;Ljava/lang/String;)Z" line="1039"><counter type="INSTRUCTION" missed="28" covered="0"/><counter type="BRANCH" missed="6" covered="0"/><counter type="LINE" missed="5" covered="0"/><counter type="COMPLEXITY" missed="4" covered="0"/><counter type="METHOD" missed="1" covered="0"/></method><method name="hasModel" desc="(Ljava/lang/String;)Z" line="1058"><counter type="INSTRUCTION" missed="0" covered="5"/><counter type="LINE" missed="0" covered="1"/><counter type="COMPLEXITY" missed="0" covered="1"/><counter type="METHOD" missed="0" covered="1"/></method><method name="isVisible" desc="(Ljava/lang/String;)Z" line="1071"><counter type="INSTRUCTION" missed="7" covered="4"/><counter type="LINE" missed="2" covered="2"/><counter type="COMPLEXITY" missed="0" covered="1"/><counter type="METHOD" missed="0" covered="1"/></method><method name="setAnnotationCustomOverwrites" desc="(Lorg/dynamoframework/domain/model/annotation/Attribute;Lorg/dynamoframework/domain/model/AttributeModel;)V" line="1086"><counter type="INSTRUCTION" missed="0" covered="58"/><counter type="BRANCH" missed="2" covered="8"/><counter type="LINE" missed="0" covered="10"/><counter type="COMPLEXITY" missed="2" covered="4"/><counter type="METHOD" missed="0" covered="1"/></method><method name="setAnnotationVisibilityOverrides" desc="(Lorg/dynamoframework/domain/model/annotation/Attribute;Lorg/dynamoframework/domain/model/impl/AttributeModelImpl;Z)V" line="1112"><counter type="INSTRUCTION" missed="6" covered="41"/><counter type="BRANCH" missed="4" covered="12"/><counter type="LINE" missed="1" covered="6"/><counter type="COMPLEXITY" missed="4" covered="5"/><counter type="METHOD" missed="0" covered="1"/></method><method name="setAttributeModelAnnotationOverrides" desc="(Ljava/lang/Class;Lorg/dynamoframework/domain/model/impl/AttributeModelImpl;Ljava/beans/PropertyDescriptor;Z)V" line="1137"><counter type="INSTRUCTION" missed="8" covered="602"/><counter type="BRANCH" missed="11" covered="41"/><counter type="LINE" missed="2" covered="88"/><counter type="COMPLEXITY" missed="10" covered="17"/><counter type="METHOD" missed="0" covered="1"/></method><method name="setAttributeModelDefaults" desc="(Ljava/beans/PropertyDescriptor;Lorg/dynamoframework/domain/model/EntityModel;Ljava/lang/Class;Ljava/lang/String;Ljava/lang/String;Lorg/dynamoframework/domain/model/impl/AttributeModelImpl;)V" line="1291"><counter type="INSTRUCTION" missed="2" covered="112"/><counter type="BRANCH" missed="1" covered="5"/><counter type="LINE" missed="0" covered="23"/><counter type="COMPLEXITY" missed="1" covered="3"/><counter type="METHOD" missed="0" covered="1"/></method><method name="setAttributeModelMessageBundleOverrides" desc="(Lorg/dynamoframework/domain/model/EntityModel;Lorg/dynamoframework/domain/model/impl/AttributeModelImpl;)V" line="1325"><counter type="INSTRUCTION" missed="103" covered="672"/><counter type="BRANCH" missed="22" covered="14"/><counter type="LINE" missed="21" covered="118"/><counter type="COMPLEXITY" missed="16" covered="3"/><counter type="METHOD" missed="0" covered="1"/></method><method name="setBooleanFalseSetting" desc="(Ljava/lang/Boolean;Ljava/util/function/Consumer;)V" line="1513"><counter type="INSTRUCTION" missed="0" covered="8"/><counter type="BRANCH" missed="0" covered="2"/><counter type="LINE" missed="0" covered="3"/><counter type="COMPLEXITY" missed="0" covered="2"/><counter type="METHOD" missed="0" covered="1"/></method><method name="setBooleanSetting" desc="(Ljava/lang/String;Ljava/util/function/Consumer;)V" line="1525"><counter type="INSTRUCTION" missed="0" covered="7"/><counter type="BRANCH" missed="0" covered="2"/><counter type="LINE" missed="0" covered="3"/><counter type="COMPLEXITY" missed="0" covered="2"/><counter type="METHOD" missed="0" covered="1"/></method><method name="setBooleanTrueSetting" desc="(Ljava/lang/Boolean;Ljava/util/function/Consumer;)V" line="1537"><counter type="INSTRUCTION" missed="0" covered="8"/><counter type="BRANCH" missed="0" covered="2"/><counter type="LINE" missed="0" covered="3"/><counter type="COMPLEXITY" missed="0" covered="2"/><counter type="METHOD" missed="0" covered="1"/></method><method name="setDefaultValue" desc="(Lorg/dynamoframework/domain/model/impl/AttributeModelImpl;Ljava/lang/String;ZLjava/util/function/Consumer;)V" line="1553"><counter type="INSTRUCTION" missed="16" covered="56"/><counter type="BRANCH" missed="4" covered="8"/><counter type="LINE" missed="3" covered="11"/><counter type="COMPLEXITY" missed="4" covered="3"/><counter type="METHOD" missed="0" covered="1"/></method><method name="setDefaultValue" desc="(Lorg/dynamoframework/domain/model/impl/AttributeModelImpl;Lorg/dynamoframework/domain/model/annotation/Attribute;)V" line="1582"><counter type="INSTRUCTION" missed="13" covered="23"/><counter type="BRANCH" missed="1" covered="3"/><counter type="LINE" missed="2" covered="5"/><counter type="COMPLEXITY" missed="1" covered="2"/><counter type="METHOD" missed="0" covered="1"/></method><method name="setDefaultSearchValue" desc="(Lorg/dynamoframework/domain/model/impl/AttributeModelImpl;Lorg/dynamoframework/domain/model/annotation/Attribute;)V" line="1600"><counter type="INSTRUCTION" missed="13" covered="23"/><counter type="BRANCH" missed="1" covered="3"/><counter type="LINE" missed="2" covered="5"/><counter type="COMPLEXITY" missed="1" covered="2"/><counter type="METHOD" missed="0" covered="1"/></method><method name="setDefaultSearchValueFrom" desc="(Lorg/dynamoframework/domain/model/impl/AttributeModelImpl;Lorg/dynamoframework/domain/model/annotation/Attribute;)V" line="1618"><counter type="INSTRUCTION" missed="13" covered="23"/><counter type="BRANCH" missed="1" covered="3"/><counter type="LINE" missed="2" covered="5"/><counter type="COMPLEXITY" missed="1" covered="2"/><counter type="METHOD" missed="0" covered="1"/></method><method name="setDefaultSearchValueTo" desc="(Lorg/dynamoframework/domain/model/impl/AttributeModelImpl;Lorg/dynamoframework/domain/model/annotation/Attribute;)V" line="1636"><counter type="INSTRUCTION" missed="13" covered="23"/><counter type="BRANCH" missed="1" covered="3"/><counter type="LINE" missed="2" covered="5"/><counter type="COMPLEXITY" missed="1" covered="2"/><counter type="METHOD" missed="0" covered="1"/></method><method name="setEnumSetting" desc="(Ljava/lang/String;Ljava/lang/Class;Ljava/util/function/Consumer;)V" line="1655"><counter type="INSTRUCTION" missed="3" covered="12"/><counter type="BRANCH" missed="0" covered="2"/><counter type="LINE" missed="0" covered="5"/><counter type="COMPLEXITY" missed="0" covered="2"/><counter type="METHOD" missed="0" covered="1"/></method><method name="setEnumValueUnless" desc="(Ljava/lang/Enum;Ljava/lang/Enum;Ljava/util/function/Consumer;)V" line="1675"><counter type="INSTRUCTION" missed="0" covered="8"/><counter type="BRANCH" missed="0" covered="2"/><counter type="LINE" missed="0" covered="3"/><counter type="COMPLEXITY" missed="0" covered="2"/><counter type="METHOD" missed="0" covered="1"/></method><method name="setIntSetting" desc="(Ljava/lang/Integer;ILjava/util/function/Consumer;)V" line="1689"><counter type="INSTRUCTION" missed="0" covered="10"/><counter type="BRANCH" missed="1" covered="3"/><counter type="LINE" missed="0" covered="3"/><counter type="COMPLEXITY" missed="1" covered="2"/><counter type="METHOD" missed="0" covered="1"/></method><method name="setIntSettingIfAbove" desc="(Ljava/lang/String;ILjava/util/function/Consumer;)V" line="1703"><counter type="INSTRUCTION" missed="0" covered="14"/><counter type="BRANCH" missed="1" covered="3"/><counter type="LINE" missed="0" covered="6"/><counter type="COMPLEXITY" missed="1" covered="2"/><counter type="METHOD" missed="0" covered="1"/></method><method name="setIntSettingIfBelow" desc="(Ljava/lang/String;ILjava/util/function/Consumer;)V" line="1722"><counter type="INSTRUCTION" missed="0" covered="14"/><counter type="BRANCH" missed="1" covered="3"/><counter type="LINE" missed="0" covered="6"/><counter type="COMPLEXITY" missed="1" covered="2"/><counter type="METHOD" missed="0" covered="1"/></method><method name="setBigDecimalSetting" desc="(Ljava/lang/Double;Ljava/lang/Double;ZLjava/util/function/Consumer;)V" line="1742"><counter type="INSTRUCTION" missed="0" covered="18"/><counter type="BRANCH" missed="1" covered="7"/><counter type="LINE" missed="0" covered="3"/><counter type="COMPLEXITY" missed="1" covered="4"/><counter type="METHOD" missed="0" covered="1"/></method><method name="setMessageBundleCascadeOverrides" desc="(Lorg/dynamoframework/domain/model/EntityModel;Lorg/dynamoframework/domain/model/AttributeModel;)V" line="1754"><counter type="INSTRUCTION" missed="10" covered="54"/><counter type="BRANCH" missed="3" covered="5"/><counter type="LINE" missed="2" covered="13"/><counter type="COMPLEXITY" missed="3" covered="2"/><counter type="METHOD" missed="0" covered="1"/></method><method name="setMessageBundleCustomOverrides" desc="(Lorg/dynamoframework/domain/model/EntityModel;Lorg/dynamoframework/domain/model/AttributeModel;)V" line="1788"><counter type="INSTRUCTION" missed="0" covered="69"/><counter type="BRANCH" missed="1" covered="9"/><counter type="LINE" missed="0" covered="18"/><counter type="COMPLEXITY" missed="1" covered="5"/><counter type="METHOD" missed="0" covered="1"/></method><method name="setNestedEntityModel" desc="(Lorg/dynamoframework/domain/model/EntityModel;Lorg/dynamoframework/domain/model/impl/AttributeModelImpl;)V" line="1820"><counter type="INSTRUCTION" missed="8" covered="58"/><counter type="BRANCH" missed="1" covered="11"/><counter type="LINE" missed="1" covered="14"/><counter type="COMPLEXITY" missed="1" covered="6"/><counter type="METHOD" missed="0" covered="1"/></method><method name="setRequiredAndMinMaxSetting" desc="(Lorg/dynamoframework/domain/model/EntityModel;Lorg/dynamoframework/domain/model/impl/AttributeModelImpl;Ljava/lang/Class;Ljava/lang/String;)V" line="1865"><counter type="INSTRUCTION" missed="38" covered="94"/><counter type="BRANCH" missed="7" covered="25"/><counter type="LINE" missed="7" covered="15"/><counter type="COMPLEXITY" missed="6" covered="11"/><counter type="METHOD" missed="0" covered="1"/></method><method name="setSortOrder" desc="(Lorg/dynamoframework/domain/model/EntityModel;Ljava/lang/String;)V" line="1910"><counter type="INSTRUCTION" missed="0" covered="72"/><counter type="BRANCH" missed="3" covered="13"/><counter type="LINE" missed="0" covered="8"/><counter type="COMPLEXITY" missed="3" covered="6"/><counter type="METHOD" missed="0" covered="1"/></method><method name="setStringSetting" desc="(Ljava/lang/String;Ljava/util/function/Consumer;)V" line="1929"><counter type="INSTRUCTION" missed="0" covered="7"/><counter type="BRANCH" missed="0" covered="2"/><counter type="LINE" missed="0" covered="3"/><counter type="COMPLEXITY" missed="0" covered="2"/><counter type="METHOD" missed="0" covered="1"/></method><method name="setStringListSetting" desc="(Ljava/util/List;Ljava/util/function/Consumer;)V" line="1941"><counter type="INSTRUCTION" missed="0" covered="9"/><counter type="BRANCH" missed="2" covered="2"/><counter type="LINE" missed="0" covered="3"/><counter type="COMPLEXITY" missed="2" covered="1"/><counter type="METHOD" missed="0" covered="1"/></method><method name="skipAttribute" desc="(Ljava/lang/String;)Z" line="1954"><counter type="INSTRUCTION" missed="0" covered="12"/><counter type="BRANCH" missed="0" covered="4"/><counter type="LINE" missed="0" covered="1"/><counter type="COMPLEXITY" missed="0" covered="3"/><counter type="METHOD" missed="0" covered="1"/></method><method name="validateAttributeModel" desc="(Lorg/dynamoframework/domain/model/AttributeModel;)V" line="1965"><counter type="INSTRUCTION" missed="156" covered="101"/><counter type="BRANCH" missed="17" covered="35"/><counter type="LINE" missed="15" covered="17"/><counter type="COMPLEXITY" missed="14" covered="13"/><counter type="METHOD" missed="0" covered="1"/></method><method name="validateGroupTogetherSettings" desc="(Lorg/dynamoframework/domain/model/EntityModel;)V" line="2032"><counter type="INSTRUCTION" missed="0" covered="69"/><counter type="BRANCH" missed="1" covered="9"/><counter type="LINE" missed="0" covered="13"/><counter type="COMPLEXITY" missed="1" covered="5"/><counter type="METHOD" missed="0" covered="1"/></method><method name="isMultiSelectMaster" desc="(Lorg/dynamoframework/domain/model/AttributeModel;)Z" line="2051"><counter type="INSTRUCTION" missed="1" covered="10"/><counter type="BRANCH" missed="2" covered="2"/><counter type="LINE" missed="0" covered="2"/><counter type="COMPLEXITY" missed="2" covered="1"/><counter type="METHOD" missed="0" covered="1"/></method><method name="lambda$setAttributeModelAnnotationOverrides$6" desc="(Lorg/dynamoframework/domain/model/impl/AttributeModelImpl;Lorg/dynamoframework/domain/model/TrimType;)V" line="1267"><counter type="INSTRUCTION" missed="0" covered="6"/><counter type="LINE" missed="0" covered="1"/><counter type="COMPLEXITY" missed="0" covered="1"/><counter type="METHOD" missed="0" covered="1"/></method><method name="lambda$setAttributeModelAnnotationOverrides$5" desc="(Lorg/dynamoframework/domain/model/impl/AttributeModelImpl;Lorg/dynamoframework/domain/model/BooleanType;)V" line="1231"><counter type="INSTRUCTION" missed="0" covered="5"/><counter type="LINE" missed="0" covered="1"/><counter type="COMPLEXITY" missed="0" covered="1"/><counter type="METHOD" missed="0" covered="1"/></method><method name="lambda$setAttributeModelAnnotationOverrides$4" desc="(Lorg/dynamoframework/domain/model/impl/AttributeModelImpl;Lorg/dynamoframework/domain/model/BooleanType;)V" line="1229"><counter type="INSTRUCTION" missed="0" covered="5"/><counter type="LINE" missed="0" covered="1"/><counter type="COMPLEXITY" missed="0" covered="1"/><counter type="METHOD" missed="0" covered="1"/></method><method name="lambda$determineAttributeOrderInner$3" desc="(Ljava/lang/String;Lorg/dynamoframework/domain/model/AttributeModel;)Z" line="778"><counter type="INSTRUCTION" missed="0" covered="5"/><counter type="LINE" missed="0" covered="1"/><counter type="COMPLEXITY" missed="0" covered="1"/><counter type="METHOD" missed="0" covered="1"/></method><method name="lambda$processJoinAnnotations$2" desc="(Lorg/dynamoframework/domain/model/annotation/FetchJoin;)Lorg/dynamoframework/dao/FetchJoinInformation;" line="552"><counter type="INSTRUCTION" missed="6" covered="0"/><counter type="LINE" missed="1" covered="0"/><counter type="COMPLEXITY" missed="1" covered="0"/><counter type="METHOD" missed="1" covered="0"/></method><method name="lambda$processJoinAnnotations$1" desc="(Lorg/dynamoframework/domain/model/annotation/FetchJoin;)Lorg/dynamoframework/dao/FetchJoinInformation;" line="545"><counter type="INSTRUCTION" missed="0" covered="6"/><counter type="LINE" missed="0" covered="1"/><counter type="COMPLEXITY" missed="0" covered="1"/><counter type="METHOD" missed="0" covered="1"/></method><method name="lambda$constructModelInner$0" desc="(Lorg/dynamoframework/domain/model/AttributeModel;Lorg/dynamoframework/domain/model/AttributeModel;)I" line="506"><counter type="INSTRUCTION" missed="0" covered="6"/><counter type="LINE" missed="0" covered="1"/><counter type="COMPLEXITY" missed="0" covered="1"/><counter type="METHOD" missed="0" covered="1"/></method><method name="&lt;clinit&gt;" desc="()V" line="68"><counter type="INSTRUCTION" missed="0" covered="4"/><counter type="LINE" missed="0" covered="1"/><counter type="COMPLEXITY" missed="0" covered="1"/><counter type="METHOD" missed="0" covered="1"/></method><counter type="INSTRUCTION" missed="617" covered="4098"/><counter type="BRANCH" missed="138" covered="430"/><counter type="LINE" missed="102" covered="825"/><counter type="COMPLEXITY" missed="121" covered="239"/><counter type="METHOD" missed="4" covered="72"/><counter type="CLASS" missed="0" covered="1"/></class><class name="org/dynamoframework/domain/model/impl/EntityModelImpl$EntityModelImplBuilder" sourcefilename="EntityModelImpl.java"/><class name="org/dynamoframework/domain/model/impl/AttributeModelImpl" sourcefilename="AttributeModelImpl.java"><method name="&lt;init&gt;" desc="(Lorg/dynamoframework/configuration/DynamoProperties;)V" line="48"><counter type="INSTRUCTION" missed="0" covered="61"/><counter type="LINE" missed="0" covered="14"/><counter type="COMPLEXITY" missed="0" covered="1"/><counter type="METHOD" missed="0" covered="1"/></method><method name="addCascade" desc="(Ljava/lang/String;Ljava/lang/String;Lorg/dynamoframework/domain/model/CascadeMode;)V" line="223"><counter type="INSTRUCTION" missed="0" covered="13"/><counter type="LINE" missed="0" covered="3"/><counter type="COMPLEXITY" missed="0" covered="1"/><counter type="METHOD" missed="0" covered="1"/></method><method name="addGroupTogetherWith" desc="(Ljava/lang/String;)V" line="229"><counter type="INSTRUCTION" missed="0" covered="6"/><counter type="LINE" missed="0" covered="2"/><counter type="COMPLEXITY" missed="0" covered="1"/><counter type="METHOD" missed="0" covered="1"/></method><method name="compareTo" desc="(Lorg/dynamoframework/domain/model/AttributeModel;)I" line="234"><counter type="INSTRUCTION" missed="8" covered="0"/><counter type="LINE" missed="1" covered="0"/><counter type="COMPLEXITY" missed="1" covered="0"/><counter type="METHOD" missed="1" covered="0"/></method><method name="getActualSearchPath" desc="()Ljava/lang/String;" line="239"><counter type="INSTRUCTION" missed="3" covered="6"/><counter type="BRANCH" missed="1" covered="1"/><counter type="LINE" missed="0" covered="1"/><counter type="COMPLEXITY" missed="1" covered="1"/><counter type="METHOD" missed="0" covered="1"/></method><method name="getActualSortPath" desc="()Ljava/lang/String;" line="244"><counter type="INSTRUCTION" missed="3" covered="6"/><counter type="BRANCH" missed="1" covered="1"/><counter type="LINE" missed="0" covered="1"/><counter type="COMPLEXITY" missed="1" covered="1"/><counter type="METHOD" missed="0" covered="1"/></method><method name="getCascadeAttributes" desc="()Ljava/util/Set;" line="249"><counter type="INSTRUCTION" missed="0" covered="4"/><counter type="LINE" missed="0" covered="1"/><counter type="COMPLEXITY" missed="0" covered="1"/><counter type="METHOD" missed="0" covered="1"/></method><method name="getCascadeFilterPath" desc="(Ljava/lang/String;)Ljava/lang/String;" line="254"><counter type="INSTRUCTION" missed="0" covered="6"/><counter type="LINE" missed="0" covered="1"/><counter type="COMPLEXITY" missed="0" covered="1"/><counter type="METHOD" missed="0" covered="1"/></method><method name="getCascadeMode" desc="(Ljava/lang/String;)Lorg/dynamoframework/domain/model/CascadeMode;" line="259"><counter type="INSTRUCTION" missed="0" covered="6"/><counter type="LINE" missed="0" covered="1"/><counter type="COMPLEXITY" missed="0" covered="1"/><counter type="METHOD" missed="0" covered="1"/></method><method name="getCustomSetting" desc="(Ljava/lang/String;)Ljava/lang/Object;" line="264"><counter type="INSTRUCTION" missed="0" covered="5"/><counter type="LINE" missed="0" covered="1"/><counter type="COMPLEXITY" missed="0" covered="1"/><counter type="METHOD" missed="0" covered="1"/></method><method name="getDescription" desc="(Ljava/util/Locale;)Ljava/lang/String;" line="271"><counter type="INSTRUCTION" missed="0" covered="17"/><counter type="LINE" missed="0" covered="2"/><counter type="COMPLEXITY" missed="0" covered="1"/><counter type="METHOD" missed="0" covered="1"/></method><method name="getDisplayFormat" desc="(Ljava/util/Locale;)Ljava/lang/String;" line="277"><counter type="INSTRUCTION" missed="0" covered="10"/><counter type="LINE" missed="0" covered="1"/><counter type="COMPLEXITY" missed="0" covered="1"/><counter type="METHOD" missed="0" covered="1"/></method><method name="getDisplayName" desc="(Ljava/util/Locale;)Ljava/lang/String;" line="282"><counter type="INSTRUCTION" missed="0" covered="10"/><counter type="LINE" missed="0" covered="1"/><counter type="COMPLEXITY" missed="0" covered="1"/><counter type="METHOD" missed="0" covered="1"/></method><method name="getFalseRepresentation" desc="(Ljava/util/Locale;)Ljava/lang/String;" line="287"><counter type="INSTRUCTION" missed="0" covered="17"/><counter type="LINE" missed="0" covered="2"/><counter type="COMPLEXITY" missed="0" covered="1"/><counter type="METHOD" missed="0" covered="1"/></method><method name="getGroupTogetherWith" desc="()Ljava/util/List;" line="293"><counter type="INSTRUCTION" missed="0" covered="4"/><counter type="LINE" missed="0" covered="1"/><counter type="COMPLEXITY" missed="0" covered="1"/><counter type="METHOD" missed="0" covered="1"/></method><method name="getNormalizedType" desc="()Ljava/lang/Class;" line="298"><counter type="INSTRUCTION" missed="3" covered="6"/><counter type="BRANCH" missed="1" covered="1"/><counter type="LINE" missed="0" covered="1"/><counter type="COMPLEXITY" missed="1" covered="1"/><counter type="METHOD" missed="0" covered="1"/></method><method name="getPath" desc="()Ljava/lang/String;" line="303"><counter type="INSTRUCTION" missed="0" covered="22"/><counter type="BRANCH" missed="0" covered="2"/><counter type="LINE" missed="0" covered="5"/><counter type="COMPLEXITY" missed="0" covered="2"/><counter type="METHOD" missed="0" covered="1"/></method><method name="getPrompt" desc="(Ljava/util/Locale;)Ljava/lang/String;" line="315"><counter type="INSTRUCTION" missed="2" covered="22"/><counter type="BRANCH" missed="1" covered="1"/><counter type="LINE" missed="1" covered="3"/><counter type="COMPLEXITY" missed="1" covered="1"/><counter type="METHOD" missed="0" covered="1"/></method><method name="getTrueRepresentation" desc="(Ljava/util/Locale;)Ljava/lang/String;" line="326"><counter type="INSTRUCTION" missed="0" covered="17"/><counter type="LINE" missed="0" covered="2"/><counter type="COMPLEXITY" missed="0" covered="1"/><counter type="METHOD" missed="0" covered="1"/></method><method name="isBoolean" desc="()Z" line="332"><counter type="INSTRUCTION" missed="14" covered="0"/><counter type="BRANCH" missed="4" covered="0"/><counter type="LINE" missed="1" covered="0"/><counter type="COMPLEXITY" missed="3" covered="0"/><counter type="METHOD" missed="1" covered="0"/></method><method name="isEmbedded" desc="()Z" line="337"><counter type="INSTRUCTION" missed="0" covered="5"/><counter type="LINE" missed="0" covered="1"/><counter type="COMPLEXITY" missed="0" covered="1"/><counter type="METHOD" missed="0" covered="1"/></method><method name="isNumerical" desc="()Z" line="342"><counter type="INSTRUCTION" missed="0" covered="4"/><counter type="LINE" missed="0" covered="1"/><counter type="COMPLEXITY" missed="0" covered="1"/><counter type="METHOD" missed="0" covered="1"/></method><method name="isIntegral" desc="()Z" line="347"><counter type="INSTRUCTION" missed="12" covered="0"/><counter type="BRANCH" missed="4" covered="0"/><counter type="LINE" missed="1" covered="0"/><counter type="COMPLEXITY" missed="3" covered="0"/><counter type="METHOD" missed="1" covered="0"/></method><method name="isSearchable" desc="()Z" line="351"><counter type="INSTRUCTION" missed="0" covered="14"/><counter type="BRANCH" missed="0" covered="4"/><counter type="LINE" missed="0" covered="1"/><counter type="COMPLEXITY" missed="0" covered="3"/><counter type="METHOD" missed="0" covered="1"/></method><method name="lookup" desc="(Ljava/util/Map;Ljava/util/Locale;Ljava/lang/String;Ljava/lang/String;Ljava/lang/String;)Ljava/lang/String;" line="366"><counter type="INSTRUCTION" missed="0" covered="49"/><counter type="BRANCH" missed="0" covered="4"/><counter type="LINE" missed="0" covered="9"/><counter type="COMPLEXITY" missed="0" covered="3"/><counter type="METHOD" missed="0" covered="1"/></method><method name="lookupNoDefault" desc="(Ljava/util/Map;Ljava/util/Locale;Ljava/lang/String;)Ljava/lang/String;" line="390"><counter type="INSTRUCTION" missed="18" covered="25"/><counter type="BRANCH" missed="0" covered="2"/><counter type="LINE" missed="3" covered="5"/><counter type="COMPLEXITY" missed="0" covered="2"/><counter type="METHOD" missed="0" covered="1"/></method><method name="removeCascades" desc="()V" line="406"><counter type="INSTRUCTION" missed="4" covered="0"/><counter type="LINE" missed="2" covered="0"/><counter type="COMPLEXITY" missed="1" covered="0"/><counter type="METHOD" missed="1" covered="0"/></method><method name="setCustomSetting" desc="(Ljava/lang/String;Ljava/lang/Object;)V" line="411"><counter type="INSTRUCTION" missed="0" covered="7"/><counter type="LINE" missed="0" covered="2"/><counter type="COMPLEXITY" missed="0" covered="1"/><counter type="METHOD" missed="0" covered="1"/></method><method name="hasSetterMethod" desc="()Z" line="416"><counter type="INSTRUCTION" missed="3" covered="0"/><counter type="LINE" missed="1" covered="0"/><counter type="COMPLEXITY" missed="1" covered="0"/><counter type="METHOD" missed="1" covered="0"/></method><method name="setHasSetterMethod" desc="(Z)V" line="420"><counter type="INSTRUCTION" missed="0" covered="4"/><counter type="LINE" missed="0" covered="2"/><counter type="COMPLEXITY" missed="0" covered="1"/><counter type="METHOD" missed="0" covered="1"/></method><counter type="INSTRUCTION" missed="70" covered="346"/><counter type="BRANCH" missed="12" covered="16"/><counter type="LINE" missed="10" covered="64"/><counter type="COMPLEXITY" missed="13" covered="31"/><counter type="METHOD" missed="5" covered="25"/><counter type="CLASS" missed="0" covered="1"/></class><class name="org/dynamoframework/domain/model/impl/EntityModelImpl" sourcefilename="EntityModelImpl.java"><method name="addAttributeGroup" desc="(Ljava/lang/String;)V" line="122"><counter type="INSTRUCTION" missed="0" covered="14"/><counter type="BRANCH" missed="1" covered="1"/><counter type="LINE" missed="0" covered="3"/><counter type="COMPLEXITY" missed="1" covered="1"/><counter type="METHOD" missed="0" covered="1"/></method><method name="addAttributeModel" desc="(Ljava/lang/String;Lorg/dynamoframework/domain/model/AttributeModel;)V" line="128"><counter type="INSTRUCTION" missed="0" covered="9"/><counter type="LINE" missed="0" covered="2"/><counter type="COMPLEXITY" missed="0" covered="1"/><counter type="METHOD" missed="0" covered="1"/></method><method name="addAttributeModel" desc="(Ljava/lang/String;Lorg/dynamoframework/domain/model/AttributeModel;Lorg/dynamoframework/domain/model/AttributeModel;)V" line="133"><counter type="INSTRUCTION" missed="22" covered="0"/><counter type="BRANCH" missed="2" covered="0"/><counter type="LINE" missed="5" covered="0"/><counter type="COMPLEXITY" missed="2" covered="0"/><counter type="METHOD" missed="1" covered="0"/></method><method name="constructAttributeModelStream" desc="(Ljava/util/Comparator;)Ljava/util/stream/Stream;" line="142"><counter type="INSTRUCTION" missed="0" covered="9"/><counter type="LINE" missed="0" covered="1"/><counter type="COMPLEXITY" missed="0" covered="1"/><counter type="METHOD" missed="0" covered="1"/></method><method name="filterAttributeModels" desc="(Ljava/util/function/Predicate;)Ljava/util/List;" line="146"><counter type="INSTRUCTION" missed="0" covered="9"/><counter type="LINE" missed="0" covered="3"/><counter type="COMPLEXITY" missed="0" covered="1"/><counter type="METHOD" missed="0" covered="1"/></method><method name="findAttributeModel" desc="(Ljava/util/function/Predicate;)Lorg/dynamoframework/domain/model/AttributeModel;" line="152"><counter type="INSTRUCTION" missed="0" covered="11"/><counter type="LINE" missed="0" covered="2"/><counter type="COMPLEXITY" missed="0" covered="1"/><counter type="METHOD" missed="0" covered="1"/></method><method name="getAttributeGroups" desc="()Ljava/util/List;" line="158"><counter type="INSTRUCTION" missed="0" covered="7"/><counter type="LINE" missed="0" covered="1"/><counter type="COMPLEXITY" missed="0" covered="1"/><counter type="METHOD" missed="0" covered="1"/></method><method name="getAttributeModel" desc="(Ljava/lang/String;)Lorg/dynamoframework/domain/model/AttributeModel;" line="163"><counter type="INSTRUCTION" missed="0" covered="46"/><counter type="BRANCH" missed="2" covered="8"/><counter type="LINE" missed="0" covered="12"/><counter type="COMPLEXITY" missed="2" covered="4"/><counter type="METHOD" missed="0" covered="1"/></method><method name="getAttributeModelByActualSortPath" desc="(Ljava/lang/String;)Lorg/dynamoframework/domain/model/AttributeModel;" line="189"><counter type="INSTRUCTION" missed="0" covered="5"/><counter type="LINE" missed="0" covered="1"/><counter type="COMPLEXITY" missed="0" covered="1"/><counter type="METHOD" missed="0" covered="1"/></method><method name="getAttributeModels" desc="()Ljava/util/List;" line="194"><counter type="INSTRUCTION" missed="0" covered="9"/><counter type="LINE" missed="0" covered="3"/><counter type="COMPLEXITY" missed="0" covered="1"/><counter type="METHOD" missed="0" covered="1"/></method><method name="getAttributeModelsForGroup" desc="(Ljava/lang/String;)Ljava/util/List;" line="201"><counter type="INSTRUCTION" missed="0" covered="7"/><counter type="LINE" missed="0" covered="1"/><counter type="COMPLEXITY" missed="0" covered="1"/><counter type="METHOD" missed="0" covered="1"/></method><method name="getAttributeModelsForType" desc="(Lorg/dynamoframework/domain/model/AttributeType;Ljava/lang/Class;)Ljava/util/List;" line="206"><counter type="INSTRUCTION" missed="0" covered="7"/><counter type="LINE" missed="0" covered="1"/><counter type="COMPLEXITY" missed="0" covered="1"/><counter type="METHOD" missed="0" covered="1"/></method><method name="getAttributeModelsSortedForGrid" desc="()Ljava/util/List;" line="215"><counter type="INSTRUCTION" missed="3" covered="12"/><counter type="BRANCH" missed="1" covered="1"/><counter type="LINE" missed="1" covered="4"/><counter type="COMPLEXITY" missed="1" covered="1"/><counter type="METHOD" missed="0" covered="1"/></method><method name="getAttributeModelsSortedForSearch" desc="()Ljava/util/List;" line="225"><counter type="INSTRUCTION" missed="3" covered="12"/><counter type="BRANCH" missed="1" covered="1"/><counter type="LINE" missed="1" covered="4"/><counter type="COMPLEXITY" missed="1" covered="1"/><counter type="METHOD" missed="0" covered="1"/></method><method name="getCascadeAttributeModels" desc="()Ljava/util/List;" line="235"><counter type="INSTRUCTION" missed="8" covered="30"/><counter type="BRANCH" missed="1" covered="5"/><counter type="LINE" missed="2" covered="7"/><counter type="COMPLEXITY" missed="1" covered="3"/><counter type="METHOD" missed="0" covered="1"/></method><method name="getDescription" desc="(Ljava/util/Locale;)Ljava/lang/String;" line="252"><counter type="INSTRUCTION" missed="0" covered="9"/><counter type="LINE" missed="0" covered="1"/><counter type="COMPLEXITY" missed="0" covered="1"/><counter type="METHOD" missed="0" covered="1"/></method><method name="getDisplayName" desc="(Ljava/util/Locale;)Ljava/lang/String;" line="257"><counter type="INSTRUCTION" missed="0" covered="9"/><counter type="LINE" missed="0" covered="1"/><counter type="COMPLEXITY" missed="0" covered="1"/><counter type="METHOD" missed="0" covered="1"/></method><method name="getDisplayNamePlural" desc="(Ljava/util/Locale;)Ljava/lang/String;" line="262"><counter type="INSTRUCTION" missed="0" covered="9"/><counter type="LINE" missed="0" covered="1"/><counter type="COMPLEXITY" missed="0" covered="1"/><counter type="METHOD" missed="0" covered="1"/></method><method name="getRequiredForSearchingAttributeModels" desc="()Ljava/util/List;" line="267"><counter type="INSTRUCTION" missed="0" covered="13"/><counter type="LINE" missed="0" covered="4"/><counter type="COMPLEXITY" missed="0" covered="1"/><counter type="METHOD" missed="0" covered="1"/></method><method name="isAttributeGroupVisible" desc="(Ljava/lang/String;Z)Z" line="285"><counter type="INSTRUCTION" missed="0" covered="10"/><counter type="LINE" missed="0" covered="2"/><counter type="COMPLEXITY" missed="0" covered="1"/><counter type="METHOD" missed="0" covered="1"/></method><method name="lookup" desc="(Ljava/util/Map;Ljava/util/Locale;Ljava/lang/String;Ljava/lang/String;)Ljava/lang/String;" line="300"><counter type="INSTRUCTION" missed="0" covered="42"/><counter type="BRANCH" missed="1" covered="1"/><counter type="LINE" missed="0" covered="9"/><counter type="COMPLEXITY" missed="1" covered="1"/><counter type="METHOD" missed="0" covered="1"/></method><method name="usesDefaultGroupOnly" desc="()Z" line="317"><counter type="INSTRUCTION" missed="0" covered="19"/><counter type="BRANCH" missed="1" covered="3"/><counter type="LINE" missed="0" covered="2"/><counter type="COMPLEXITY" missed="1" covered="2"/><counter type="METHOD" missed="0" covered="1"/></method><method name="getAttributeModels" desc="(Ljava/util/function/Predicate;)Ljava/util/stream/Stream;" line="323"><counter type="INSTRUCTION" missed="10" covered="0"/><counter type="LINE" missed="1" covered="0"/><counter type="COMPLEXITY" missed="1" covered="0"/><counter type="METHOD" missed="1" covered="0"/></method><method name="findAction" desc="(Ljava/lang/String;)Lorg/dynamoframework/domain/model/EntityModelAction;" line="328"><counter type="INSTRUCTION" missed="0" covered="11"/><counter type="LINE" missed="0" covered="2"/><counter type="COMPLEXITY" missed="0" covered="1"/><counter type="METHOD" missed="0" covered="1"/></method><method name="hasEmbeddedAttributeModel" desc="(Ljava/lang/String;)Z" line="334"><counter type="INSTRUCTION" missed="10" covered="0"/><counter type="BRANCH" missed="2" covered="0"/><counter type="LINE" missed="1" covered="0"/><counter type="COMPLEXITY" missed="2" covered="0"/><counter type="METHOD" missed="1" covered="0"/></method><method name="lambda$hasEmbeddedAttributeModel$6" desc="(Ljava/lang/String;Lorg/dynamoframework/domain/model/AttributeModel;)Z" line="334"><counter type="INSTRUCTION" missed="6" covered="0"/><counter type="LINE" missed="1" covered="0"/><counter type="COMPLEXITY" missed="1" covered="0"/><counter type="METHOD" missed="1" covered="0"/></method><method name="lambda$findAction$5" desc="(Ljava/lang/String;Lorg/dynamoframework/domain/model/EntityModelAction;)Z" line="328"><counter type="INSTRUCTION" missed="0" covered="5"/><counter type="LINE" missed="0" covered="1"/><counter type="COMPLEXITY" missed="0" covered="1"/><counter type="METHOD" missed="0" covered="1"/></method><method name="lambda$isAttributeGroupVisible$4" desc="(ZLorg/dynamoframework/domain/model/AttributeModel;)Z" line="286"><counter type="INSTRUCTION" missed="1" covered="13"/><counter type="BRANCH" missed="2" covered="4"/><counter type="LINE" missed="0" covered="1"/><counter type="COMPLEXITY" missed="2" covered="2"/><counter type="METHOD" missed="0" covered="1"/></method><method name="lambda$getRequiredForSearchingAttributeModels$3" desc="(Lorg/dynamoframework/domain/model/AttributeModel;)Ljava/util/List;" line="269"><counter type="INSTRUCTION" missed="0" covered="27"/><counter type="BRANCH" missed="0" covered="6"/><counter type="LINE" missed="0" covered="7"/><counter type="COMPLEXITY" missed="0" covered="4"/><counter type="METHOD" missed="0" covered="1"/></method><method name="lambda$getAttributeModelsForType$2" desc="(Lorg/dynamoframework/domain/model/AttributeType;Ljava/lang/Class;Lorg/dynamoframework/domain/model/AttributeModel;)Z" line="207"><counter type="INSTRUCTION" missed="0" covered="36"/><counter type="BRANCH" missed="1" covered="11"/><counter type="LINE" missed="0" covered="3"/><counter type="COMPLEXITY" missed="1" covered="6"/><counter type="METHOD" missed="0" covered="1"/></method><method name="lambda$getAttributeModelByActualSortPath$1" desc="(Ljava/lang/String;Lorg/dynamoframework/domain/model/AttributeModel;)Z" line="189"><counter type="INSTRUCTION" missed="0" covered="5"/><counter type="LINE" missed="0" covered="1"/><counter type="COMPLEXITY" missed="0" covered="1"/><counter type="METHOD" missed="0" covered="1"/></method><method name="lambda$getAttributeModel$0" desc="(Ljava/lang/String;Lorg/dynamoframework/domain/model/AttributeModel;)Z" line="165"><counter type="INSTRUCTION" missed="0" covered="5"/><counter type="LINE" missed="0" covered="1"/><counter type="COMPLEXITY" missed="0" covered="1"/><counter type="METHOD" missed="0" covered="1"/></method><counter type="INSTRUCTION" missed="63" covered="400"/><counter type="BRANCH" missed="15" covered="41"/><counter type="LINE" missed="11" covered="77"/><counter type="COMPLEXITY" missed="17" covered="43"/><counter type="METHOD" missed="4" covered="28"/><counter type="CLASS" missed="0" covered="1"/></class><class name="org/dynamoframework/domain/model/impl/EntityModelActionImpl" sourcefilename="EntityModelActionImpl.java"><method name="&lt;init&gt;" desc="()V" line="33"><counter type="INSTRUCTION" missed="0" covered="16"/><counter type="LINE" missed="0" covered="4"/><counter type="COMPLEXITY" missed="0" covered="1"/><counter type="METHOD" missed="0" covered="1"/></method><method name="getDisplayName" desc="(Ljava/util/Locale;)Ljava/lang/String;" line="62"><counter type="INSTRUCTION" missed="9" covered="0"/><counter type="LINE" missed="1" covered="0"/><counter type="COMPLEXITY" missed="1" covered="0"/><counter type="METHOD" missed="1" covered="0"/></method><method name="lookup" desc="(Ljava/util/Map;Ljava/util/Locale;Ljava/lang/String;Ljava/lang/String;)Ljava/lang/String;" line="67"><counter type="INSTRUCTION" missed="42" covered="0"/><counter type="BRANCH" missed="2" covered="0"/><counter type="LINE" missed="9" covered="0"/><counter type="COMPLEXITY" missed="2" covered="0"/><counter type="METHOD" missed="1" covered="0"/></method><counter type="INSTRUCTION" missed="51" covered="16"/><counter type="BRANCH" missed="2" covered="0"/><counter type="LINE" missed="10" covered="4"/><counter type="COMPLEXITY" missed="3" covered="1"/><counter type="METHOD" missed="2" covered="1"/><counter type="CLASS" missed="0" covered="1"/></class><sourcefile name="EntityModelActionImpl.java"><line nr="33" mi="0" ci="2" mb="0" cb="0"/><line nr="39" mi="0" ci="5" mb="0" cb="0"/><line nr="56" mi="0" ci="5" mb="0" cb="0"/><line nr="58" mi="0" ci="4" mb="0" cb="0"/><line nr="62" mi="9" ci="0" mb="0" cb="0"/><line nr="67" mi="5" ci="0" mb="2" cb="0"/><line nr="69" mi="4" ci="0" mb="0" cb="0"/><line nr="70" mi="7" ci="0" mb="0" cb="0"/><line nr="71" mi="7" ci="0" mb="0" cb="0"/><line nr="72" mi="1" ci="0" mb="0" cb="0"/><line nr="73" mi="6" ci="0" mb="0" cb="0"/><line nr="74" mi="1" ci="0" mb="0" cb="0"/><line nr="78" mi="6" ci="0" mb="0" cb="0"/><line nr="79" mi="5" ci="0" mb="0" cb="0"/><counter type="INSTRUCTION" missed="51" covered="16"/><counter type="BRANCH" missed="2" covered="0"/><counter type="LINE" missed="10" covered="4"/><counter type="COMPLEXITY" missed="3" covered="1"/><counter type="METHOD" missed="2" covered="1"/><counter type="CLASS" missed="0" covered="1"/></sourcefile><sourcefile name="EntityModelFactoryImpl.java"><line nr="68" mi="0" ci="4" mb="0" cb="0"/><line nr="78" mi="5" ci="0" mb="0" cb="0"/><line nr="80" mi="5" ci="0" mb="0" cb="0"/><line nr="90" mi="3" ci="0" mb="0" cb="0"/><line nr="98" mi="2" ci="0" mb="0" cb="0"/><line nr="99" mi="3" ci="0" mb="0" cb="0"/><line nr="100" mi="1" ci="0" mb="0" cb="0"/><line nr="112" mi="0" ci="5" mb="0" cb="0"/><line nr="113" mi="0" ci="3" mb="0" cb="0"/><line nr="115" mi="0" ci="4" mb="0" cb="0"/><line nr="116" mi="0" ci="10" mb="0" cb="2"/><line nr="118" mi="0" ci="6" mb="0" cb="0"/><line nr="119" mi="0" ci="3" mb="0" cb="2"/><line nr="120" mi="0" ci="2" mb="0" cb="0"/><line nr="122" mi="0" ci="4" mb="0" cb="0"/><line nr="123" mi="0" ci="1" mb="0" cb="0"/><line nr="124" mi="0" ci="1" mb="0" cb="0"/><line nr="135" mi="0" ci="5" mb="0" cb="0"/><line nr="136" mi="0" ci="2" mb="0" cb="2"/><line nr="137" mi="0" ci="4" mb="0" cb="2"/><line nr="138" mi="0" ci="5" mb="0" cb="0"/><line nr="139" mi="0" ci="5" mb="0" cb="0"/><line nr="141" mi="0" ci="4" mb="0" cb="2"/><line nr="142" mi="0" ci="5" mb="0" cb="0"/><line nr="144" mi="0" ci="4" mb="0" cb="2"/><line nr="145" mi="0" ci="5" mb="0" cb="0"/><line nr="147" mi="0" ci="4" mb="0" cb="2"/><line nr="148" mi="0" ci="5" mb="0" cb="0"/><line nr="151" mi="0" ci="4" mb="0" cb="2"/><line nr="152" mi="0" ci="5" mb="0" cb="0"/><line nr="155" mi="0" ci="3" mb="1" cb="1"/><line nr="156" mi="4" ci="0" mb="0" cb="0"/><line nr="158" mi="0" ci="3" mb="1" cb="1"/><line nr="159" mi="4" ci="0" mb="0" cb="0"/><line nr="161" mi="0" ci="3" mb="0" cb="2"/><line nr="162" mi="0" ci="4" mb="0" cb="0"/><line nr="164" mi="0" ci="3" mb="0" cb="2"/><line nr="165" mi="0" ci="4" mb="0" cb="0"/><line nr="168" mi="0" ci="3" mb="0" cb="2"/><line nr="169" mi="0" ci="4" mb="0" cb="0"/><line nr="172" mi="0" ci="3" mb="0" cb="2"/><line nr="173" mi="0" ci="4" mb="0" cb="0"/><line nr="176" mi="0" ci="5" mb="0" cb="0"/><line nr="177" mi="0" ci="5" mb="0" cb="0"/><line nr="180" mi="0" ci="5" mb="0" cb="0"/><line nr="181" mi="0" ci="2" mb="0" cb="2"/><line nr="182" mi="0" ci="6" mb="0" cb="0"/><line nr="183" mi="0" ci="6" mb="0" cb="0"/><line nr="184" mi="0" ci="6" mb="0" cb="0"/><line nr="186" mi="0" ci="1" mb="0" cb="0"/><line nr="197" mi="0" ci="8" mb="0" cb="0"/><line nr="198" mi="0" ci="3" mb="0" cb="0"/><line nr="199" mi="0" ci="8" mb="0" cb="0"/><line nr="200" mi="0" ci="3" mb="0" cb="0"/><line nr="201" mi="0" ci="8" mb="0" cb="0"/><line nr="202" mi="0" ci="3" mb="0" cb="0"/><line nr="203" mi="0" ci="8" mb="0" cb="0"/><line nr="204" mi="0" ci="3" mb="0" cb="0"/><line nr="205" mi="0" ci="8" mb="0" cb="0"/><line nr="206" mi="0" ci="3" mb="0" cb="0"/><line nr="208" mi="0" ci="12" mb="0" cb="0"/><line nr="210" mi="0" ci="9" mb="0" cb="0"/><line nr="211" mi="0" ci="3" mb="0" cb="0"/><line nr="213" mi="0" ci="8" mb="0" cb="0"/><line nr="214" mi="0" ci="3" mb="0" cb="0"/><line nr="215" mi="0" ci="8" mb="0" cb="0"/><line nr="216" mi="0" ci="3" mb="0" cb="0"/><line nr="218" mi="0" ci="8" mb="0" cb="0"/><line nr="219" mi="0" ci="3" mb="0" cb="0"/><line nr="220" mi="0" ci="8" mb="0" cb="0"/><line nr="221" mi="0" ci="3" mb="0" cb="0"/><line nr="222" mi="0" ci="8" mb="0" cb="0"/><line nr="223" mi="0" ci="3" mb="0" cb="0"/><line nr="224" mi="0" ci="8" mb="0" cb="0"/><line nr="225" mi="0" ci="3" mb="0" cb="0"/><line nr="227" mi="0" ci="6" mb="0" cb="0"/><line nr="228" mi="0" ci="3" mb="0" cb="0"/><line nr="229" mi="0" ci="6" mb="0" cb="0"/><line nr="230" mi="0" ci="3" mb="0" cb="0"/><line nr="231" mi="0" ci="6" mb="0" cb="0"/><line nr="232" mi="0" ci="3" mb="0" cb="0"/><line nr="233" mi="0" ci="1" mb="0" cb="0"/><line nr="244" mi="0" ci="5" mb="0" cb="0"/><line nr="245" mi="0" ci="2" mb="0" cb="2"/><line nr="246" mi="0" ci="4" mb="0" cb="0"/><line nr="247" mi="0" ci="5" mb="0" cb="0"/><line nr="249" mi="0" ci="1" mb="0" cb="0"/><line nr="253" mi="0" ci="10" mb="0" cb="2"/><line nr="254" mi="0" ci="3" mb="0" cb="0"/><line nr="255" mi="0" ci="8" mb="1" cb="3"/><line nr="256" mi="0" ci="4" mb="0" cb="0"/><line nr="258" mi="0" ci="1" mb="0" cb="0"/><line nr="259" mi="0" ci="1" mb="0" cb="0"/><line nr="270" mi="2" ci="0" mb="0" cb="0"/><line nr="283" mi="0" ci="4" mb="0" cb="0"/><line nr="284" mi="0" ci="5" mb="0" cb="0"/><line nr="286" mi="0" ci="3" mb="0" cb="0"/><line nr="287" mi="0" ci="2" mb="0" cb="2"/><line nr="288" mi="0" ci="4" mb="0" cb="0"/><line nr="291" mi="0" ci="5" mb="0" cb="0"/><line nr="292" mi="0" ci="2" mb="1" cb="1"/><line nr="293" mi="7" ci="0" mb="0" cb="0"/><line nr="297" mi="0" ci="16" mb="0" cb="2"/><line nr="298" mi="0" ci="4" mb="0" cb="0"/><line nr="299" mi="0" ci="17" mb="0" cb="2"/><line nr="300" mi="0" ci="6" mb="0" cb="0"/><line nr="303" mi="0" ci="2" mb="0" cb="0"/><line nr="322" mi="0" ci="4" mb="0" cb="0"/><line nr="325" mi="0" ci="3" mb="0" cb="0"/><line nr="326" mi="2" ci="5" mb="1" cb="1"/><line nr="327" mi="0" ci="6" mb="0" cb="0"/><line nr="328" mi="0" ci="6" mb="0" cb="0"/><line nr="329" mi="0" ci="4" mb="1" cb="3"/><line nr="330" mi="0" ci="2" mb="0" cb="0"/><line nr="333" mi="0" ci="6" mb="0" cb="0"/><line nr="334" mi="0" ci="3" mb="0" cb="0"/><line nr="336" mi="0" ci="8" mb="0" cb="0"/><line nr="338" mi="0" ci="4" mb="0" cb="0"/><line nr="342" mi="0" ci="5" mb="0" cb="0"/><line nr="343" mi="0" ci="6" mb="0" cb="0"/><line nr="345" mi="0" ci="16" mb="0" cb="8"/><line nr="346" mi="0" ci="11" mb="0" cb="4"/><line nr="347" mi="0" ci="6" mb="0" cb="2"/><line nr="349" mi="0" ci="6" mb="0" cb="2"/><line nr="350" mi="0" ci="8" mb="1" cb="1"/><line nr="351" mi="0" ci="7" mb="0" cb="2"/><line nr="353" mi="0" ci="3" mb="0" cb="2"/><line nr="354" mi="0" ci="6" mb="0" cb="0"/><line nr="355" mi="0" ci="6" mb="0" cb="0"/><line nr="358" mi="0" ci="5" mb="0" cb="2"/><line nr="359" mi="0" ci="2" mb="0" cb="0"/><line nr="360" mi="0" ci="2" mb="0" cb="0"/><line nr="362" mi="0" ci="3" mb="0" cb="0"/><line nr="363" mi="0" ci="3" mb="0" cb="0"/><line nr="364" mi="0" ci="3" mb="0" cb="0"/><line nr="365" mi="0" ci="6" mb="0" cb="0"/><line nr="366" mi="0" ci="6" mb="0" cb="0"/><line nr="367" mi="0" ci="6" mb="0" cb="0"/><line nr="368" mi="0" ci="6" mb="0" cb="0"/><line nr="370" mi="0" ci="7" mb="0" cb="0"/><line nr="372" mi="0" ci="2" mb="0" cb="2"/><line nr="373" mi="0" ci="3" mb="0" cb="0"/><line nr="376" mi="0" ci="6" mb="0" cb="0"/><line nr="377" mi="0" ci="4" mb="0" cb="0"/><line nr="379" mi="0" ci="3" mb="0" cb="2"/><line nr="380" mi="0" ci="5" mb="0" cb="0"/><line nr="382" mi="0" ci="6" mb="0" cb="0"/><line nr="384" mi="0" ci="3" mb="0" cb="0"/><line nr="386" mi="0" ci="2" mb="0" cb="0"/><line nr="404" mi="0" ci="6" mb="1" cb="1"/><line nr="405" mi="5" ci="0" mb="0" cb="0"/><line nr="407" mi="0" ci="4" mb="0" cb="0"/><line nr="408" mi="0" ci="16" mb="0" cb="2"/><line nr="409" mi="0" ci="3" mb="0" cb="0"/><line nr="410" mi="0" ci="4" mb="0" cb="2"/><line nr="411" mi="0" ci="6" mb="0" cb="0"/><line nr="412" mi="0" ci="4" mb="0" cb="0"/><line nr="413" mi="0" ci="4" mb="0" cb="0"/><line nr="416" mi="0" ci="1" mb="0" cb="0"/><line nr="430" mi="0" ci="8" mb="0" cb="2"/><line nr="432" mi="0" ci="3" mb="0" cb="0"/><line nr="433" mi="0" ci="4" mb="0" cb="0"/><line nr="434" mi="0" ci="16" mb="0" cb="2"/><line nr="435" mi="0" ci="5" mb="0" cb="2"/><line nr="436" mi="0" ci="6" mb="0" cb="0"/><line nr="437" mi="0" ci="3" mb="0" cb="0"/><line nr="438" mi="0" ci="4" mb="0" cb="0"/><line nr="441" mi="0" ci="2" mb="0" cb="0"/><line nr="454" mi="0" ci="2" mb="0" cb="0"/><line nr="455" mi="0" ci="3" mb="1" cb="1"/><line nr="456" mi="17" ci="0" mb="2" cb="0"/><line nr="457" mi="5" ci="0" mb="2" cb="0"/><line nr="458" mi="6" ci="0" mb="0" cb="0"/><line nr="459" mi="2" ci="0" mb="2" cb="0"/><line nr="460" mi="1" ci="0" mb="0" cb="0"/><line nr="466" mi="0" ci="2" mb="1" cb="1"/><line nr="467" mi="2" ci="0" mb="0" cb="0"/><line nr="469" mi="0" ci="5" mb="0" cb="0"/><line nr="481" mi="0" ci="7" mb="0" cb="0"/><line nr="483" mi="0" ci="2" mb="0" cb="0"/><line nr="484" mi="0" ci="10" mb="0" cb="0"/><line nr="485" mi="0" ci="5" mb="0" cb="0"/><line nr="486" mi="0" ci="4" mb="0" cb="0"/><line nr="488" mi="0" ci="4" mb="0" cb="0"/><line nr="489" mi="0" ci="4" mb="0" cb="0"/><line nr="490" mi="0" ci="4" mb="0" cb="0"/><line nr="491" mi="0" ci="4" mb="0" cb="0"/><line nr="492" mi="0" ci="4" mb="0" cb="0"/><line nr="493" mi="0" ci="4" mb="0" cb="0"/><line nr="495" mi="0" ci="4" mb="0" cb="0"/><line nr="496" mi="0" ci="4" mb="0" cb="0"/><line nr="498" mi="0" ci="3" mb="0" cb="0"/><line nr="499" mi="0" ci="6" mb="0" cb="0"/><line nr="501" mi="0" ci="3" mb="0" cb="0"/><line nr="503" mi="0" ci="6" mb="0" cb="0"/><line nr="506" mi="0" ci="9" mb="0" cb="0"/><line nr="507" mi="0" ci="5" mb="0" cb="0"/><line nr="508" mi="0" ci="6" mb="0" cb="0"/><line nr="509" mi="0" ci="6" mb="0" cb="0"/><line nr="510" mi="0" ci="3" mb="0" cb="0"/><line nr="511" mi="0" ci="3" mb="0" cb="0"/><line nr="513" mi="0" ci="5" mb="0" cb="0"/><line nr="515" mi="0" ci="3" mb="0" cb="0"/><line nr="517" mi="0" ci="2" mb="0" cb="0"/><line nr="518" mi="0" ci="5" mb="0" cb="0"/><line nr="519" mi="0" ci="6" mb="0" cb="4"/><line nr="520" mi="0" ci="3" mb="0" cb="0"/><line nr="523" mi="0" ci="5" mb="0" cb="0"/><line nr="524" mi="0" ci="3" mb="1" cb="1"/><line nr="525" mi="2" ci="0" mb="0" cb="0"/><line nr="527" mi="0" ci="4" mb="0" cb="0"/><line nr="529" mi="0" ci="5" mb="0" cb="0"/><line nr="530" mi="0" ci="5" mb="0" cb="0"/><line nr="532" mi="0" ci="4" mb="0" cb="0"/><line nr="533" mi="0" ci="3" mb="0" cb="0"/><line nr="535" mi="0" ci="6" mb="0" cb="0"/><line nr="537" mi="0" ci="2" mb="0" cb="0"/><line nr="542" mi="0" ci="5" mb="0" cb="0"/><line nr="543" mi="0" ci="2" mb="0" cb="2"/><line nr="544" mi="0" ci="4" mb="0" cb="0"/><line nr="545" mi="0" ci="7" mb="0" cb="0"/><line nr="546" mi="0" ci="2" mb="0" cb="0"/><line nr="547" mi="0" ci="3" mb="0" cb="0"/><line nr="548" mi="0" ci="3" mb="0" cb="0"/><line nr="550" mi="0" ci="7" mb="2" cb="2"/><line nr="551" mi="4" ci="0" mb="0" cb="0"/><line nr="552" mi="7" ci="0" mb="0" cb="0"/><line nr="553" mi="2" ci="0" mb="0" cb="0"/><line nr="554" mi="3" ci="0" mb="0" cb="0"/><line nr="557" mi="0" ci="1" mb="0" cb="0"/><line nr="561" mi="0" ci="4" mb="0" cb="0"/><line nr="562" mi="0" ci="6" mb="0" cb="0"/><line nr="563" mi="0" ci="2" mb="0" cb="2"/><line nr="564" mi="0" ci="3" mb="0" cb="0"/><line nr="565" mi="0" ci="3" mb="0" cb="0"/><line nr="566" mi="0" ci="16" mb="0" cb="2"/><line nr="567" mi="0" ci="4" mb="0" cb="0"/><line nr="570" mi="0" ci="3" mb="0" cb="0"/><line nr="571" mi="0" ci="1" mb="0" cb="0"/><line nr="580" mi="0" ci="5" mb="0" cb="0"/><line nr="581" mi="0" ci="2" mb="0" cb="2"/><line nr="583" mi="0" ci="4" mb="1" cb="1"/><line nr="584" mi="8" ci="0" mb="0" cb="0"/><line nr="585" mi="5" ci="0" mb="0" cb="0"/><line nr="588" mi="0" ci="4" mb="1" cb="1"/><line nr="589" mi="8" ci="0" mb="0" cb="0"/><line nr="590" mi="5" ci="0" mb="0" cb="0"/><line nr="593" mi="0" ci="6" mb="0" cb="0"/><line nr="594" mi="0" ci="4" mb="0" cb="0"/><line nr="595" mi="0" ci="3" mb="0" cb="0"/><line nr="596" mi="0" ci="4" mb="0" cb="0"/><line nr="597" mi="0" ci="4" mb="0" cb="0"/><line nr="598" mi="0" ci="4" mb="0" cb="0"/><line nr="599" mi="0" ci="4" mb="0" cb="0"/><line nr="600" mi="0" ci="4" mb="0" cb="0"/><line nr="601" mi="0" ci="4" mb="0" cb="0"/><line nr="602" mi="0" ci="5" mb="0" cb="0"/><line nr="603" mi="0" ci="4" mb="0" cb="0"/><line nr="605" mi="0" ci="6" mb="0" cb="0"/><line nr="606" mi="0" ci="3" mb="0" cb="0"/><line nr="607" mi="0" ci="4" mb="0" cb="0"/><line nr="609" mi="0" ci="3" mb="0" cb="0"/><line nr="611" mi="0" ci="1" mb="0" cb="0"/><line nr="615" mi="0" ci="7" mb="0" cb="0"/><line nr="616" mi="0" ci="3" mb="0" cb="0"/><line nr="617" mi="0" ci="9" mb="0" cb="0"/><line nr="618" mi="0" ci="3" mb="0" cb="0"/><line nr="619" mi="0" ci="10" mb="0" cb="0"/><line nr="620" mi="0" ci="3" mb="0" cb="0"/><line nr="621" mi="0" ci="1" mb="0" cb="0"/><line nr="630" mi="0" ci="5" mb="0" cb="0"/><line nr="632" mi="0" ci="3" mb="0" cb="2"/><line nr="633" mi="0" ci="3" mb="0" cb="0"/><line nr="636" mi="0" ci="5" mb="0" cb="0"/><line nr="638" mi="0" ci="3" mb="1" cb="1"/><line nr="639" mi="3" ci="0" mb="0" cb="0"/><line nr="641" mi="0" ci="1" mb="0" cb="0"/><line nr="653" mi="0" ci="4" mb="0" cb="0"/><line nr="656" mi="0" ci="2" mb="0" cb="0"/><line nr="657" mi="0" ci="3" mb="0" cb="2"/><line nr="658" mi="0" ci="4" mb="0" cb="0"/><line nr="659" mi="0" ci="8" mb="0" cb="0"/><line nr="660" mi="0" ci="1" mb="0" cb="0"/><line nr="661" mi="0" ci="2" mb="0" cb="2"/><line nr="662" mi="0" ci="10" mb="0" cb="0"/><line nr="663" mi="0" ci="1" mb="0" cb="0"/><line nr="665" mi="0" ci="2" mb="1" cb="1"/><line nr="666" mi="0" ci="8" mb="0" cb="0"/><line nr="667" mi="0" ci="2" mb="0" cb="0"/><line nr="669" mi="7" ci="0" mb="0" cb="0"/><line nr="671" mi="0" ci="1" mb="0" cb="0"/><line nr="672" mi="0" ci="10" mb="0" cb="0"/><line nr="673" mi="0" ci="1" mb="0" cb="0"/><line nr="674" mi="0" ci="1" mb="0" cb="0"/><line nr="677" mi="0" ci="2" mb="0" cb="0"/><line nr="689" mi="0" ci="5" mb="0" cb="0"/><line nr="691" mi="0" ci="2" mb="0" cb="0"/><line nr="692" mi="0" ci="3" mb="0" cb="2"/><line nr="693" mi="0" ci="9" mb="0" cb="0"/><line nr="694" mi="0" ci="1" mb="0" cb="0"/><line nr="696" mi="0" ci="2" mb="0" cb="2"/><line nr="697" mi="0" ci="2" mb="0" cb="0"/><line nr="698" mi="0" ci="3" mb="0" cb="0"/><line nr="701" mi="0" ci="2" mb="0" cb="2"/><line nr="702" mi="0" ci="9" mb="0" cb="0"/><line nr="703" mi="0" ci="1" mb="0" cb="0"/><line nr="705" mi="0" ci="2" mb="1" cb="1"/><line nr="706" mi="0" ci="3" mb="0" cb="0"/><line nr="707" mi="0" ci="18" mb="0" cb="2"/><line nr="708" mi="0" ci="5" mb="0" cb="0"/><line nr="711" mi="0" ci="1" mb="0" cb="0"/><line nr="712" mi="0" ci="9" mb="0" cb="0"/><line nr="713" mi="0" ci="1" mb="0" cb="0"/><line nr="714" mi="0" ci="1" mb="0" cb="0"/><line nr="716" mi="0" ci="2" mb="0" cb="0"/><line nr="730" mi="0" ci="4" mb="0" cb="0"/><line nr="731" mi="0" ci="5" mb="0" cb="0"/><line nr="732" mi="0" ci="2" mb="0" cb="2"/><line nr="733" mi="0" ci="4" mb="0" cb="0"/><line nr="737" mi="0" ci="8" mb="0" cb="0"/><line nr="739" mi="0" ci="1" mb="0" cb="0"/><line nr="760" mi="0" ci="4" mb="0" cb="0"/><line nr="763" mi="0" ci="5" mb="0" cb="2"/><line nr="764" mi="0" ci="8" mb="0" cb="0"/><line nr="765" mi="0" ci="2" mb="0" cb="2"/><line nr="766" mi="0" ci="8" mb="0" cb="0"/><line nr="769" mi="0" ci="7" mb="0" cb="2"/><line nr="770" mi="0" ci="5" mb="0" cb="0"/><line nr="772" mi="0" ci="5" mb="0" cb="0"/><line nr="773" mi="0" ci="4" mb="0" cb="0"/><line nr="776" mi="0" ci="2" mb="0" cb="0"/><line nr="777" mi="0" ci="10" mb="0" cb="2"/><line nr="778" mi="0" ci="12" mb="0" cb="0"/><line nr="779" mi="0" ci="3" mb="0" cb="0"/><line nr="780" mi="0" ci="2" mb="1" cb="1"/><line nr="781" mi="0" ci="6" mb="0" cb="0"/><line nr="782" mi="0" ci="2" mb="0" cb="0"/><line nr="784" mi="12" ci="0" mb="0" cb="0"/><line nr="786" mi="0" ci="1" mb="0" cb="0"/><line nr="788" mi="0" ci="2" mb="0" cb="0"/><line nr="799" mi="0" ci="2" mb="0" cb="0"/><line nr="800" mi="0" ci="3" mb="0" cb="0"/><line nr="801" mi="0" ci="4" mb="0" cb="0"/><line nr="802" mi="0" ci="2" mb="0" cb="2"/><line nr="803" mi="0" ci="6" mb="0" cb="0"/><line nr="806" mi="0" ci="8" mb="1" cb="3"/><line nr="809" mi="0" ci="6" mb="0" cb="0"/><line nr="810" mi="0" ci="6" mb="0" cb="0"/><line nr="812" mi="0" ci="2" mb="0" cb="2"/><line nr="813" mi="0" ci="3" mb="0" cb="0"/><line nr="814" mi="0" ci="5" mb="0" cb="2"/><line nr="815" mi="0" ci="6" mb="1" cb="3"/><line nr="816" mi="0" ci="4" mb="0" cb="2"/><line nr="818" mi="0" ci="2" mb="0" cb="0"/><line nr="819" mi="0" ci="5" mb="0" cb="0"/><line nr="820" mi="0" ci="8" mb="1" cb="1"/><line nr="821" mi="0" ci="2" mb="0" cb="2"/><line nr="822" mi="0" ci="2" mb="0" cb="0"/><line nr="823" mi="0" ci="12" mb="0" cb="0"/><line nr="824" mi="0" ci="5" mb="1" cb="1"/><line nr="825" mi="0" ci="2" mb="0" cb="0"/><line nr="826" mi="0" ci="6" mb="0" cb="0"/><line nr="827" mi="5" ci="0" mb="2" cb="0"/><line nr="829" mi="3" ci="0" mb="0" cb="0"/><line nr="831" mi="0" ci="4" mb="0" cb="2"/><line nr="832" mi="0" ci="6" mb="0" cb="0"/><line nr="833" mi="0" ci="4" mb="0" cb="0"/><line nr="835" mi="4" ci="2" mb="3" cb="1"/><line nr="836" mi="0" ci="2" mb="0" cb="0"/><line nr="838" mi="0" ci="1" mb="0" cb="0"/><line nr="840" mi="0" ci="2" mb="0" cb="0"/><line nr="842" mi="0" ci="1" mb="0" cb="0"/><line nr="844" mi="0" ci="2" mb="0" cb="0"/><line nr="846" mi="0" ci="2" mb="0" cb="0"/><line nr="857" mi="0" ci="4" mb="0" cb="2"/><line nr="858" mi="0" ci="2" mb="0" cb="0"/><line nr="859" mi="0" ci="4" mb="0" cb="2"/><line nr="860" mi="0" ci="2" mb="0" cb="0"/><line nr="861" mi="0" ci="4" mb="0" cb="2"/><line nr="862" mi="0" ci="2" mb="0" cb="0"/><line nr="863" mi="0" ci="4" mb="0" cb="2"/><line nr="864" mi="0" ci="2" mb="0" cb="0"/><line nr="866" mi="0" ci="2" mb="0" cb="0"/><line nr="876" mi="0" ci="2" mb="0" cb="0"/><line nr="877" mi="0" ci="4" mb="0" cb="2"/><line nr="878" mi="0" ci="6" mb="0" cb="0"/><line nr="879" mi="0" ci="4" mb="0" cb="2"/><line nr="880" mi="0" ci="6" mb="0" cb="0"/><line nr="881" mi="0" ci="4" mb="0" cb="2"/><line nr="882" mi="0" ci="6" mb="0" cb="0"/><line nr="883" mi="0" ci="4" mb="0" cb="2"/><line nr="884" mi="0" ci="5" mb="0" cb="0"/><line nr="886" mi="0" ci="2" mb="0" cb="0"/><line nr="901" mi="0" ci="4" mb="0" cb="0"/><line nr="902" mi="0" ci="5" mb="0" cb="0"/><line nr="903" mi="0" ci="2" mb="0" cb="2"/><line nr="904" mi="0" ci="4" mb="0" cb="0"/><line nr="906" mi="0" ci="8" mb="0" cb="0"/><line nr="922" mi="0" ci="4" mb="0" cb="0"/><line nr="923" mi="0" ci="5" mb="0" cb="0"/><line nr="924" mi="0" ci="2" mb="0" cb="2"/><line nr="925" mi="0" ci="4" mb="0" cb="0"/><line nr="927" mi="0" ci="8" mb="0" cb="0"/><line nr="939" mi="0" ci="2" mb="0" cb="0"/><line nr="940" mi="0" ci="3" mb="1" cb="1"/><line nr="941" mi="17" ci="0" mb="2" cb="0"/><line nr="942" mi="5" ci="0" mb="2" cb="0"/><line nr="943" mi="2" ci="0" mb="0" cb="0"/><line nr="944" mi="1" ci="0" mb="0" cb="0"/><line nr="948" mi="0" ci="2" mb="0" cb="0"/><line nr="960" mi="0" ci="3" mb="0" cb="2"/><line nr="961" mi="0" ci="10" mb="0" cb="0"/><line nr="963" mi="0" ci="2" mb="0" cb="0"/><line nr="974" mi="0" ci="3" mb="0" cb="2"/><line nr="975" mi="0" ci="8" mb="0" cb="0"/><line nr="977" mi="0" ci="2" mb="0" cb="0"/><line nr="981" mi="0" ci="5" mb="0" cb="0"/><line nr="985" mi="0" ci="3" mb="0" cb="0"/><line nr="990" mi="0" ci="6" mb="0" cb="0"/><line nr="996" mi="0" ci="2" mb="0" cb="0"/><line nr="997" mi="0" ci="5" mb="2" cb="2"/><line nr="998" mi="0" ci="6" mb="0" cb="0"/><line nr="999" mi="0" ci="2" mb="0" cb="2"/><line nr="1000" mi="0" ci="5" mb="0" cb="0"/><line nr="1001" mi="0" ci="5" mb="0" cb="0"/><line nr="1004" mi="0" ci="2" mb="0" cb="0"/><line nr="1015" mi="0" ci="11" mb="0" cb="0"/><line nr="1016" mi="0" ci="4" mb="0" cb="0"/><line nr="1017" mi="0" ci="4" mb="0" cb="0"/><line nr="1020" mi="0" ci="6" mb="0" cb="0"/><line nr="1021" mi="0" ci="5" mb="1" cb="3"/><line nr="1022" mi="0" ci="4" mb="0" cb="0"/><line nr="1025" mi="0" ci="6" mb="0" cb="0"/><line nr="1026" mi="0" ci="5" mb="1" cb="3"/><line nr="1027" mi="0" ci="4" mb="0" cb="0"/><line nr="1029" mi="0" ci="1" mb="0" cb="0"/><line nr="1039" mi="12" ci="0" mb="2" cb="0"/><line nr="1040" mi="11" ci="0" mb="4" cb="0"/><line nr="1044" mi="2" ci="0" mb="0" cb="0"/><line nr="1046" mi="1" ci="0" mb="0" cb="0"/><line nr="1047" mi="2" ci="0" mb="0" cb="0"/><line nr="1058" mi="0" ci="5" mb="0" cb="0"/><line nr="1071" mi="3" ci="0" mb="0" cb="0"/><line nr="1072" mi="4" ci="0" mb="0" cb="0"/><line nr="1073" mi="0" ci="1" mb="0" cb="0"/><line nr="1076" mi="0" ci="3" mb="0" cb="0"/><line nr="1086" mi="0" ci="3" mb="1" cb="1"/><line nr="1087" mi="0" ci="17" mb="0" cb="2"/><line nr="1088" mi="0" ci="4" mb="1" cb="1"/><line nr="1089" mi="0" ci="3" mb="0" cb="0"/><line nr="1090" mi="0" ci="5" mb="0" cb="2"/><line nr="1091" mi="0" ci="7" mb="0" cb="0"/><line nr="1092" mi="0" ci="5" mb="0" cb="2"/><line nr="1093" mi="0" ci="8" mb="0" cb="0"/><line nr="1095" mi="0" ci="5" mb="0" cb="0"/><line nr="1100" mi="0" ci="1" mb="0" cb="0"/><line nr="1112" mi="0" ci="10" mb="1" cb="5"/><line nr="1113" mi="0" ci="6" mb="0" cb="0"/><line nr="1117" mi="0" ci="10" mb="1" cb="5"/><line nr="1118" mi="0" ci="6" mb="0" cb="0"/><line nr="1122" mi="0" ci="8" mb="2" cb="2"/><line nr="1123" mi="6" ci="0" mb="0" cb="0"/><line nr="1125" mi="0" ci="1" mb="0" cb="0"/><line nr="1137" mi="0" ci="7" mb="0" cb="0"/><line nr="1139" mi="0" ci="2" mb="0" cb="2"/><line nr="1140" mi="0" ci="4" mb="0" cb="2"/><line nr="1141" mi="0" ci="4" mb="0" cb="0"/><line nr="1142" mi="0" ci="4" mb="0" cb="0"/><line nr="1143" mi="0" ci="4" mb="0" cb="0"/><line nr="1146" mi="0" ci="9" mb="0" cb="0"/><line nr="1147" mi="0" ci="9" mb="0" cb="0"/><line nr="1148" mi="0" ci="9" mb="0" cb="0"/><line nr="1149" mi="0" ci="9" mb="0" cb="0"/><line nr="1150" mi="0" ci="9" mb="0" cb="0"/><line nr="1151" mi="0" ci="9" mb="0" cb="0"/><line nr="1152" mi="0" ci="9" mb="0" cb="0"/><line nr="1153" mi="0" ci="9" mb="0" cb="0"/><line nr="1154" mi="0" ci="9" mb="0" cb="0"/><line nr="1156" mi="0" ci="6" mb="0" cb="2"/><line nr="1157" mi="0" ci="8" mb="1" cb="1"/><line nr="1158" mi="0" ci="8" mb="0" cb="2"/><line nr="1160" mi="0" ci="5" mb="0" cb="0"/><line nr="1162" mi="0" ci="12" mb="0" cb="6"/><line nr="1164" mi="0" ci="4" mb="0" cb="0"/><line nr="1167" mi="0" ci="5" mb="1" cb="3"/><line nr="1168" mi="0" ci="3" mb="0" cb="0"/><line nr="1171" mi="0" ci="10" mb="0" cb="0"/><line nr="1172" mi="0" ci="10" mb="0" cb="0"/><line nr="1173" mi="0" ci="10" mb="0" cb="0"/><line nr="1174" mi="0" ci="10" mb="0" cb="0"/><line nr="1175" mi="0" ci="10" mb="0" cb="0"/><line nr="1176" mi="0" ci="10" mb="0" cb="0"/><line nr="1177" mi="0" ci="10" mb="0" cb="0"/><line nr="1178" mi="0" ci="10" mb="0" cb="0"/><line nr="1180" mi="0" ci="10" mb="0" cb="0"/><line nr="1182" mi="0" ci="7" mb="1" cb="3"/><line nr="1183" mi="0" ci="5" mb="0" cb="0"/><line nr="1184" mi="0" ci="4" mb="0" cb="0"/><line nr="1185" mi="0" ci="3" mb="0" cb="0"/><line nr="1188" mi="0" ci="3" mb="1" cb="1"/><line nr="1189" mi="0" ci="17" mb="0" cb="2"/><line nr="1190" mi="0" ci="8" mb="0" cb="0"/><line nr="1194" mi="0" ci="4" mb="0" cb="0"/><line nr="1196" mi="0" ci="3" mb="1" cb="1"/><line nr="1197" mi="0" ci="17" mb="0" cb="2"/><line nr="1198" mi="0" ci="3" mb="0" cb="0"/><line nr="1202" mi="0" ci="8" mb="1" cb="3"/><line nr="1203" mi="0" ci="4" mb="0" cb="0"/><line nr="1206" mi="0" ci="8" mb="1" cb="3"/><line nr="1208" mi="0" ci="4" mb="0" cb="0"/><line nr="1209" mi="0" ci="4" mb="0" cb="0"/><line nr="1213" mi="0" ci="3" mb="0" cb="2"/><line nr="1214" mi="0" ci="3" mb="0" cb="0"/><line nr="1215" mi="0" ci="3" mb="0" cb="0"/><line nr="1218" mi="0" ci="5" mb="0" cb="2"/><line nr="1219" mi="0" ci="4" mb="0" cb="0"/><line nr="1222" mi="2" ci="5" mb="1" cb="1"/><line nr="1223" mi="3" ci="0" mb="2" cb="0"/><line nr="1224" mi="3" ci="0" mb="0" cb="0"/><line nr="1228" mi="0" ci="7" mb="0" cb="0"/><line nr="1229" mi="0" ci="5" mb="0" cb="0"/><line nr="1230" mi="0" ci="7" mb="0" cb="0"/><line nr="1231" mi="0" ci="5" mb="0" cb="0"/><line nr="1232" mi="0" ci="7" mb="0" cb="0"/><line nr="1233" mi="0" ci="3" mb="0" cb="0"/><line nr="1234" mi="0" ci="7" mb="0" cb="0"/><line nr="1235" mi="0" ci="3" mb="0" cb="0"/><line nr="1237" mi="0" ci="5" mb="1" cb="1"/><line nr="1238" mi="0" ci="3" mb="0" cb="2"/><line nr="1239" mi="0" ci="4" mb="0" cb="0"/><line nr="1242" mi="0" ci="11" mb="0" cb="0"/><line nr="1243" mi="0" ci="11" mb="0" cb="0"/><line nr="1244" mi="0" ci="11" mb="0" cb="0"/><line nr="1245" mi="0" ci="11" mb="0" cb="0"/><line nr="1247" mi="0" ci="13" mb="0" cb="0"/><line nr="1248" mi="0" ci="13" mb="0" cb="0"/><line nr="1250" mi="0" ci="9" mb="0" cb="0"/><line nr="1251" mi="0" ci="9" mb="0" cb="0"/><line nr="1253" mi="0" ci="10" mb="0" cb="0"/><line nr="1254" mi="0" ci="9" mb="0" cb="0"/><line nr="1256" mi="0" ci="4" mb="0" cb="0"/><line nr="1258" mi="0" ci="4" mb="0" cb="0"/><line nr="1259" mi="0" ci="4" mb="0" cb="0"/><line nr="1260" mi="0" ci="4" mb="0" cb="0"/><line nr="1261" mi="0" ci="4" mb="0" cb="0"/><line nr="1263" mi="0" ci="4" mb="0" cb="0"/><line nr="1264" mi="0" ci="4" mb="0" cb="0"/><line nr="1266" mi="0" ci="7" mb="0" cb="0"/><line nr="1267" mi="0" ci="6" mb="0" cb="0"/><line nr="1268" mi="0" ci="10" mb="0" cb="0"/><line nr="1269" mi="0" ci="7" mb="0" cb="0"/><line nr="1270" mi="0" ci="3" mb="0" cb="0"/><line nr="1271" mi="0" ci="7" mb="0" cb="0"/><line nr="1272" mi="0" ci="3" mb="0" cb="0"/><line nr="1274" mi="0" ci="11" mb="0" cb="0"/><line nr="1276" mi="0" ci="1" mb="0" cb="0"/><line nr="1291" mi="0" ci="6" mb="0" cb="0"/><line nr="1292" mi="0" ci="3" mb="0" cb="0"/><line nr="1293" mi="0" ci="8" mb="0" cb="2"/><line nr="1294" mi="0" ci="3" mb="0" cb="0"/><line nr="1295" mi="0" ci="3" mb="0" cb="0"/><line nr="1296" mi="0" ci="3" mb="0" cb="0"/><line nr="1297" mi="0" ci="10" mb="0" cb="2"/><line nr="1298" mi="0" ci="3" mb="0" cb="0"/><line nr="1299" mi="2" ci="6" mb="1" cb="1"/><line nr="1300" mi="0" ci="3" mb="0" cb="0"/><line nr="1301" mi="0" ci="7" mb="0" cb="0"/><line nr="1302" mi="0" ci="6" mb="0" cb="0"/><line nr="1303" mi="0" ci="6" mb="0" cb="0"/><line nr="1304" mi="0" ci="3" mb="0" cb="0"/><line nr="1305" mi="0" ci="6" mb="0" cb="0"/><line nr="1306" mi="0" ci="4" mb="0" cb="0"/><line nr="1307" mi="0" ci="6" mb="0" cb="0"/><line nr="1308" mi="0" ci="6" mb="0" cb="0"/><line nr="1309" mi="0" ci="6" mb="0" cb="0"/><line nr="1310" mi="0" ci="4" mb="0" cb="0"/><line nr="1311" mi="0" ci="3" mb="0" cb="0"/><line nr="1313" mi="0" ci="6" mb="0" cb="0"/><line nr="1314" mi="0" ci="1" mb="0" cb="0"/><line nr="1325" mi="0" ci="9" mb="0" cb="0"/><line nr="1326" mi="0" ci="3" mb="0" cb="0"/><line nr="1327" mi="0" ci="9" mb="0" cb="0"/><line nr="1328" mi="0" ci="3" mb="0" cb="0"/><line nr="1329" mi="0" ci="9" mb="0" cb="0"/><line nr="1330" mi="0" ci="3" mb="0" cb="0"/><line nr="1331" mi="0" ci="9" mb="0" cb="0"/><line nr="1332" mi="0" ci="3" mb="0" cb="0"/><line nr="1333" mi="0" ci="9" mb="0" cb="0"/><line nr="1334" mi="0" ci="3" mb="0" cb="0"/><line nr="1335" mi="0" ci="9" mb="0" cb="0"/><line nr="1336" mi="0" ci="3" mb="0" cb="0"/><line nr="1337" mi="0" ci="9" mb="0" cb="0"/><line nr="1338" mi="0" ci="3" mb="0" cb="0"/><line nr="1339" mi="0" ci="9" mb="0" cb="0"/><line nr="1340" mi="0" ci="3" mb="0" cb="0"/><line nr="1341" mi="0" ci="9" mb="0" cb="0"/><line nr="1342" mi="0" ci="3" mb="0" cb="0"/><line nr="1343" mi="0" ci="9" mb="0" cb="0"/><line nr="1344" mi="0" ci="3" mb="0" cb="0"/><line nr="1345" mi="0" ci="9" mb="0" cb="0"/><line nr="1346" mi="0" ci="3" mb="0" cb="0"/><line nr="1347" mi="0" ci="9" mb="0" cb="0"/><line nr="1348" mi="0" ci="3" mb="0" cb="0"/><line nr="1349" mi="0" ci="9" mb="0" cb="0"/><line nr="1350" mi="0" ci="3" mb="0" cb="0"/><line nr="1352" mi="0" ci="9" mb="0" cb="0"/><line nr="1353" mi="0" ci="3" mb="0" cb="0"/><line nr="1354" mi="0" ci="9" mb="0" cb="0"/><line nr="1355" mi="0" ci="3" mb="0" cb="0"/><line nr="1356" mi="0" ci="9" mb="0" cb="0"/><line nr="1357" mi="0" ci="3" mb="0" cb="0"/><line nr="1358" mi="0" ci="9" mb="0" cb="0"/><line nr="1359" mi="0" ci="3" mb="0" cb="0"/><line nr="1360" mi="0" ci="9" mb="0" cb="0"/><line nr="1361" mi="0" ci="3" mb="0" cb="0"/><line nr="1363" mi="0" ci="9" mb="0" cb="0"/><line nr="1364" mi="0" ci="3" mb="0" cb="0"/><line nr="1365" mi="0" ci="9" mb="0" cb="0"/><line nr="1366" mi="0" ci="3" mb="0" cb="0"/><line 
[...]
cb="0"/><line nr="132" mi="0" ci="5" mb="1" cb="3"/><line nr="133" mi="0" ci="4" mb="0" cb="0"/><line nr="135" mi="0" ci="5" mb="0" cb="4"/><line nr="136" mi="0" ci="4" mb="0" cb="0"/><line nr="137" mi="0" ci="16" mb="0" cb="2"/><line nr="138" mi="0" ci="8" mb="0" cb="2"/><line nr="139" mi="0" ci="5" mb="0" cb="0"/><line nr="140" mi="0" ci="4" mb="0" cb="0"/><line nr="141" mi="0" ci="13" mb="0" cb="2"/><line nr="143" mi="0" ci="4" mb="0" cb="0"/><line nr="145" mi="0" ci="5" mb="1" cb="3"/><line nr="146" mi="0" ci="4" mb="0" cb="0"/><line nr="148" mi="0" ci="2" mb="0" cb="0"/><line nr="162" mi="0" ci="3" mb="0" cb="0"/><line nr="163" mi="0" ci="6" mb="0" cb="0"/><line nr="165" mi="0" ci="2" mb="0" cb="0"/><line nr="166" mi="0" ci="3" mb="1" cb="1"/><line nr="167" mi="0" ci="9" mb="0" cb="0"/><line nr="168" mi="0" ci="3" mb="0" cb="2"/><line nr="169" mi="0" ci="9" mb="0" cb="0"/><line nr="170" mi="0" ci="2" mb="1" cb="1"/><line nr="171" mi="0" ci="5" mb="0" cb="0"/><line nr="173" mi="0" ci="1" mb="0" cb="0"/><line nr="175" mi="0" ci="2" mb="0" cb="0"/><line nr="188" mi="0" ci="3" mb="0" cb="0"/><line nr="189" mi="0" ci="3" mb="1" cb="1"/><line nr="190" mi="13" ci="0" mb="0" cb="0"/><line nr="191" mi="2" ci="0" mb="0" cb="0"/><line nr="192" mi="5" ci="0" mb="0" cb="0"/><line nr="193" mi="3" ci="0" mb="0" cb="0"/><line nr="196" mi="0" ci="11" mb="0" cb="0"/><line nr="197" mi="0" ci="2" mb="0" cb="0"/><line nr="210" mi="0" ci="3" mb="0" cb="0"/><line nr="211" mi="0" ci="6" mb="0" cb="0"/><line nr="212" mi="0" ci="3" mb="0" cb="0"/><line nr="217" mi="0" ci="6" mb="0" cb="2"/><line nr="220" mi="0" ci="6" mb="0" cb="0"/><line nr="221" mi="0" ci="9" mb="1" cb="1"/><line nr="224" mi="8" ci="0" mb="0" cb="0"/><line nr="225" mi="2" ci="0" mb="0" cb="0"/><line nr="229" mi="0" ci="6" mb="1" cb="5"/><line nr="231" mi="0" ci="3" mb="1" cb="1"/><line nr="233" mi="8" ci="0" mb="0" cb="0"/><line nr="235" mi="0" ci="5" mb="0" cb="0"/><line nr="237" mi="0" ci="6" mb="0" cb="0"/><line nr="239" mi="0" ci="6" mb="0" cb="0"/><line nr="241" mi="0" ci="6" mb="0" cb="0"/><line nr="243" mi="0" ci="6" mb="0" cb="0"/><line nr="245" mi="2" ci="0" mb="0" cb="0"/><line nr="260" mi="0" ci="3" mb="0" cb="0"/><line nr="261" mi="0" ci="4" mb="0" cb="0"/><line nr="262" mi="0" ci="4" mb="0" cb="0"/><line nr="264" mi="0" ci="12" mb="0" cb="2"/><line nr="266" mi="0" ci="2" mb="0" cb="0"/><line nr="267" mi="0" ci="6" mb="0" cb="0"/><line nr="268" mi="0" ci="2" mb="0" cb="2"/><line nr="269" mi="0" ci="4" mb="0" cb="0"/><line nr="271" mi="0" ci="4" mb="0" cb="0"/><line nr="272" mi="0" ci="3" mb="0" cb="0"/><line nr="273" mi="0" ci="2" mb="0" cb="0"/><line nr="289" mi="0" ci="3" mb="0" cb="0"/><line nr="290" mi="0" ci="3" mb="0" cb="0"/><line nr="291" mi="0" ci="4" mb="0" cb="0"/><line nr="294" mi="0" ci="12" mb="0" cb="0"/><line nr="296" mi="0" ci="2" mb="0" cb="0"/><line nr="297" mi="0" ci="6" mb="0" cb="0"/><line nr="298" mi="0" ci="2" mb="0" cb="2"/><line nr="299" mi="0" ci="4" mb="0" cb="0"/><line nr="301" mi="0" ci="4" mb="0" cb="0"/><line nr="302" mi="0" ci="7" mb="0" cb="0"/><line nr="304" mi="0" ci="4" mb="0" cb="0"/><line nr="305" mi="0" ci="3" mb="0" cb="0"/><line nr="307" mi="0" ci="2" mb="0" cb="0"/><line nr="323" mi="0" ci="3" mb="0" cb="0"/><line nr="324" mi="0" ci="4" mb="0" cb="0"/><line nr="325" mi="0" ci="4" mb="0" cb="0"/><line nr="327" mi="0" ci="4" mb="0" cb="0"/><line nr="328" mi="0" ci="2" mb="1" cb="1"/><line nr="329" mi="3" ci="0" mb="0" cb="0"/><line nr="334" mi="0" ci="4" mb="0" cb="0"/><line nr="335" mi="0" ci="5" mb="0" cb="0"/><line nr="336" mi="0" ci="4" mb="0" cb="0"/><line nr="338" mi="0" ci="2" mb="0" cb="0"/><line nr="339" mi="0" ci="2" mb="0" cb="2"/><line nr="340" mi="0" ci="6" mb="0" cb="0"/><line nr="341" mi="0" ci="2" mb="1" cb="1"/><line nr="342" mi="0" ci="21" mb="0" cb="0"/><line nr="344" mi="11" ci="0" mb="0" cb="0"/><line nr="346" mi="0" ci="1" mb="0" cb="0"/><line nr="347" mi="0" ci="11" mb="0" cb="0"/><line nr="350" mi="0" ci="12" mb="0" cb="2"/><line nr="351" mi="0" ci="4" mb="0" cb="0"/><line nr="353" mi="0" ci="5" mb="0" cb="0"/><line nr="355" mi="0" ci="2" mb="0" cb="2"/><line nr="356" mi="0" ci="3" mb="0" cb="0"/><line nr="359" mi="0" ci="2" mb="0" cb="0"/><line nr="373" mi="0" ci="3" mb="0" cb="0"/><line nr="374" mi="0" ci="4" mb="0" cb="0"/><line nr="375" mi="0" ci="4" mb="0" cb="0"/><line nr="377" mi="0" ci="4" mb="0" cb="0"/><line nr="378" mi="0" ci="4" mb="0" cb="0"/><line nr="380" mi="0" ci="2" mb="0" cb="0"/><line nr="381" mi="0" ci="3" mb="1" cb="1"/><line nr="382" mi="0" ci="5" mb="0" cb="0"/><line nr="383" mi="0" ci="7" mb="0" cb="0"/><line nr="384" mi="3" ci="1" mb="2" cb="0"/><line nr="385" mi="5" ci="0" mb="0" cb="0"/><line nr="386" mi="7" ci="0" mb="0" cb="0"/><line nr="387" mi="4" ci="0" mb="2" cb="0"/><line nr="388" mi="5" ci="0" mb="0" cb="0"/><line nr="389" mi="7" ci="0" mb="0" cb="0"/><line nr="390" mi="1" ci="0" mb="0" cb="0"/><line nr="392" mi="2" ci="0" mb="0" cb="0"/><line nr="393" mi="9" ci="0" mb="0" cb="0"/><line nr="396" mi="0" ci="4" mb="0" cb="0"/><line nr="397" mi="0" ci="2" mb="1" cb="1"/><line nr="398" mi="0" ci="5" mb="0" cb="0"/><line nr="401" mi="0" ci="2" mb="0" cb="0"/><line nr="416" mi="0" ci="3" mb="0" cb="0"/><line nr="417" mi="0" ci="3" mb="0" cb="0"/><line nr="418" mi="0" ci="4" mb="0" cb="0"/><line nr="420" mi="0" ci="4" mb="0" cb="0"/><line nr="421" mi="0" ci="6" mb="0" cb="0"/><line nr="423" mi="0" ci="2" mb="0" cb="0"/><line nr="424" mi="0" ci="6" mb="0" cb="0"/><line nr="425" mi="0" ci="2" mb="1" cb="1"/><line nr="426" mi="4" ci="0" mb="0" cb="0"/><line nr="430" mi="0" ci="4" mb="1" cb="1"/><line nr="431" mi="4" ci="0" mb="0" cb="0"/><line nr="437" mi="0" ci="8" mb="0" cb="0"/><line nr="438" mi="0" ci="4" mb="0" cb="0"/><line nr="439" mi="0" ci="3" mb="0" cb="0"/><line nr="440" mi="0" ci="2" mb="0" cb="0"/><line nr="452" mi="0" ci="3" mb="0" cb="0"/><line nr="453" mi="0" ci="3" mb="0" cb="2"/><line nr="454" mi="0" ci="5" mb="0" cb="0"/><line nr="456" mi="0" ci="5" mb="0" cb="0"/><line nr="470" mi="0" ci="3" mb="0" cb="0"/><line nr="471" mi="0" ci="3" mb="1" cb="1"/><line nr="472" mi="12" ci="0" mb="0" cb="0"/><line nr="473" mi="6" ci="0" mb="0" cb="0"/><line nr="474" mi="2" ci="0" mb="0" cb="0"/><line nr="477" mi="0" ci="10" mb="0" cb="0"/><line nr="490" mi="0" ci="3" mb="0" cb="0"/><line nr="491" mi="0" ci="3" mb="0" cb="2"/><line nr="493" mi="0" ci="13" mb="0" cb="0"/><line nr="494" mi="0" ci="4" mb="0" cb="0"/><line nr="497" mi="0" ci="12" mb="0" cb="0"/><line nr="498" mi="0" ci="4" mb="0" cb="0"/><line nr="513" mi="0" ci="3" mb="0" cb="0"/><line nr="514" mi="0" ci="6" mb="0" cb="0"/><line nr="516" mi="0" ci="2" mb="0" cb="0"/><line nr="517" mi="0" ci="3" mb="1" cb="1"/><line nr="518" mi="0" ci="9" mb="0" cb="0"/><line nr="519" mi="0" ci="3" mb="0" cb="2"/><line nr="520" mi="0" ci="9" mb="0" cb="0"/><line nr="521" mi="0" ci="2" mb="1" cb="1"/><line nr="522" mi="0" ci="5" mb="0" cb="0"/><line nr="524" mi="0" ci="1" mb="0" cb="0"/><line nr="527" mi="0" ci="2" mb="0" cb="0"/><line nr="531" mi="0" ci="4" mb="0" cb="0"/><line nr="545" mi="0" ci="2" mb="0" cb="2"/><line nr="546" mi="0" ci="2" mb="0" cb="0"/><line nr="549" mi="0" ci="3" mb="0" cb="2"/><line nr="550" mi="0" ci="6" mb="0" cb="0"/><line nr="551" mi="0" ci="3" mb="0" cb="2"/><line nr="552" mi="0" ci="6" mb="0" cb="0"/><line nr="553" mi="0" ci="6" mb="0" cb="2"/><line nr="554" mi="0" ci="9" mb="0" cb="0"/><line nr="555" mi="0" ci="6" mb="0" cb="2"/><line nr="556" mi="0" ci="6" mb="0" cb="0"/><line nr="557" mi="0" ci="8" mb="0" cb="0"/><line nr="558" mi="0" ci="3" mb="0" cb="2"/><line nr="559" mi="0" ci="5" mb="0" cb="0"/><line nr="560" mi="0" ci="6" mb="0" cb="2"/><line nr="561" mi="0" ci="6" mb="0" cb="0"/><line nr="562" mi="0" ci="3" mb="1" cb="1"/><line nr="563" mi="4" ci="0" mb="0" cb="0"/><line nr="565" mi="0" ci="4" mb="0" cb="0"/><line nr="566" mi="0" ci="3" mb="0" cb="2"/><line nr="567" mi="0" ci="5" mb="0" cb="0"/><line nr="568" mi="3" ci="3" mb="1" cb="1"/><line nr="569" mi="7" ci="0" mb="0" cb="0"/><line nr="570" mi="3" ci="0" mb="0" cb="0"/><line nr="571" mi="0" ci="6" mb="0" cb="2"/><line nr="572" mi="0" ci="7" mb="1" cb="3"/><line nr="573" mi="0" ci="6" mb="0" cb="0"/><line nr="574" mi="0" ci="6" mb="0" cb="0"/><line nr="576" mi="0" ci="4" mb="1" cb="1"/><line nr="577" mi="4" ci="0" mb="0" cb="0"/><line nr="580" mi="0" ci="5" mb="0" cb="0"/><line nr="581" mi="0" ci="6" mb="0" cb="0"/><line nr="582" mi="0" ci="9" mb="0" cb="0"/><line nr="585" mi="0" ci="6" mb="0" cb="0"/><line nr="586" mi="0" ci="6" mb="0" cb="0"/><line nr="588" mi="0" ci="3" mb="1" cb="1"/><line nr="589" mi="0" ci="5" mb="0" cb="0"/><line nr="592" mi="8" ci="0" mb="0" cb="0"/><line nr="606" mi="0" ci="3" mb="0" cb="0"/><line nr="607" mi="0" ci="4" mb="0" cb="0"/><line nr="608" mi="0" ci="4" mb="0" cb="0"/><line nr="610" mi="0" ci="4" mb="0" cb="0"/><line nr="611" mi="0" ci="4" mb="0" cb="0"/><line nr="612" mi="0" ci="4" mb="0" cb="0"/><line nr="614" mi="0" ci="2" mb="0" cb="0"/><line nr="615" mi="0" ci="6" mb="0" cb="0"/><line nr="616" mi="0" ci="2" mb="0" cb="2"/><line nr="617" mi="0" ci="4" mb="0" cb="0"/><line nr="619" mi="0" ci="7" mb="0" cb="0"/><line nr="620" mi="0" ci="4" mb="0" cb="0"/><line nr="621" mi="0" ci="3" mb="0" cb="0"/><line nr="622" mi="0" ci="2" mb="0" cb="0"/><line nr="637" mi="0" ci="3" mb="0" cb="0"/><line nr="638" mi="0" ci="4" mb="0" cb="0"/><line nr="639" mi="0" ci="4" mb="0" cb="0"/><line nr="641" mi="0" ci="4" mb="0" cb="0"/><line nr="644" mi="0" ci="5" mb="1" cb="3"/><line nr="645" mi="0" ci="13" mb="0" cb="0"/><line nr="646" mi="0" ci="1" mb="0" cb="0"/><line nr="648" mi="0" ci="7" mb="0" cb="0"/><line nr="650" mi="0" ci="4" mb="0" cb="0"/><line nr="651" mi="0" ci="4" mb="0" cb="0"/><line nr="653" mi="0" ci="2" mb="0" cb="0"/><line nr="668" mi="0" ci="3" mb="0" cb="0"/><line nr="669" mi="0" ci="4" mb="0" cb="0"/><line nr="670" mi="0" ci="4" mb="0" cb="0"/><line nr="673" mi="0" ci="5" mb="2" cb="2"/><line nr="674" mi="0" ci="13" mb="0" cb="0"/><line nr="675" mi="0" ci="1" mb="0" cb="0"/><line nr="677" mi="7" ci="0" mb="0" cb="0"/><line nr="679" mi="0" ci="4" mb="0" cb="0"/><line nr="681" mi="0" ci="2" mb="0" cb="0"/><line nr="695" mi="0" ci="5" mb="0" cb="0"/><line nr="697" mi="0" ci="2" mb="0" cb="0"/><line nr="698" mi="0" ci="2" mb="0" cb="0"/><line nr="699" mi="0" ci="16" mb="0" cb="2"/><line nr="700" mi="0" ci="2" mb="0" cb="2"/><line nr="701" mi="0" ci="5" mb="0" cb="0"/><line nr="703" mi="0" ci="4" mb="0" cb="0"/><line nr="706" mi="0" ci="5" mb="2" cb="2"/><line nr="708" mi="2" ci="0" mb="0" cb="0"/><line nr="709" mi="5" ci="0" mb="2" cb="0"/><line nr="710" mi="3" ci="0" mb="0" cb="0"/><line nr="711" mi="2" ci="0" mb="2" cb="0"/><line nr="712" mi="10" ci="0" mb="2" cb="0"/><line nr="713" mi="6" ci="0" mb="2" cb="0"/><line nr="714" mi="2" ci="0" mb="0" cb="0"/><line nr="715" mi="2" ci="0" mb="0" cb="0"/><line nr="716" mi="1" ci="0" mb="0" cb="0"/><line nr="718" mi="1" ci="0" mb="0" cb="0"/><line nr="721" mi="2" ci="0" mb="2" cb="0"/><line nr="722" mi="2" ci="0" mb="2" cb="0"/><line nr="723" mi="5" ci="0" mb="0" cb="0"/><line nr="725" mi="4" ci="0" mb="0" cb="0"/><line nr="727" mi="2" ci="0" mb="0" cb="0"/><line nr="731" mi="0" ci="2" mb="0" cb="0"/><line nr="743" mi="0" ci="5" mb="0" cb="0"/><line nr="745" mi="0" ci="2" mb="0" cb="0"/><line nr="746" mi="0" ci="2" mb="0" cb="0"/><line nr="747" mi="0" ci="16" mb="0" cb="2"/><line nr="748" mi="0" ci="2" mb="1" cb="1"/><line nr="749" mi="0" ci="5" mb="0" cb="0"/><line nr="751" mi="4" ci="0" mb="0" cb="0"/><line nr="754" mi="0" ci="3" mb="1" cb="1"/><line nr="756" mi="2" ci="0" mb="0" cb="0"/><line nr="757" mi="5" ci="0" mb="2" cb="0"/><line nr="758" mi="3" ci="0" mb="0" cb="0"/><line nr="759" mi="2" ci="0" mb="2" cb="0"/><line nr="760" mi="10" ci="0" mb="2" cb="0"/><line nr="761" mi="6" ci="0" mb="2" cb="0"/><line nr="762" mi="2" ci="0" mb="0" cb="0"/><line nr="763" mi="2" ci="0" mb="0" cb="0"/><line nr="764" mi="1" ci="0" mb="0" cb="0"/><line nr="766" mi="1" ci="0" mb="0" cb="0"/><line nr="769" mi="2" ci="0" mb="2" cb="0"/><line nr="770" mi="2" ci="0" mb="2" cb="0"/><line nr="771" mi="6" ci="0" mb="0" cb="0"/><line nr="773" mi="5" ci="0" mb="0" cb="0"/><line nr="775" mi="2" ci="0" mb="0" cb="0"/><line nr="780" mi="0" ci="2" mb="0" cb="0"/><line nr="791" mi="0" ci="2" mb="0" cb="0"/><line nr="793" mi="0" ci="11" mb="0" cb="2"/><line nr="794" mi="0" ci="3" mb="0" cb="0"/><line nr="796" mi="0" ci="3" mb="0" cb="0"/><line nr="797" mi="0" ci="11" mb="2" cb="4"/><line nr="798" mi="0" ci="1" mb="0" cb="0"/><line nr="799" mi="0" ci="2" mb="0" cb="0"/><line nr="803" mi="0" ci="2" mb="0" cb="0"/><line nr="805" mi="2" ci="11" mb="2" cb="2"/><line nr="806" mi="0" ci="1" mb="0" cb="0"/><line nr="808" mi="0" ci="1" mb="0" cb="0"/><line nr="809" mi="0" ci="2" mb="0" cb="0"/><line nr="813" mi="0" ci="2" mb="0" cb="0"/><line nr="816" mi="0" ci="5" mb="1" cb="1"/><line nr="817" mi="2" ci="5" mb="1" cb="1"/><line nr="818" mi="1" ci="0" mb="0" cb="0"/><line nr="820" mi="0" ci="1" mb="0" cb="0"/><line nr="821" mi="0" ci="2" mb="0" cb="0"/><line nr="826" mi="3" ci="0" mb="0" cb="0"/><line nr="836" mi="0" ci="11" mb="0" cb="2"/><line nr="837" mi="0" ci="8" mb="0" cb="0"/><line nr="838" mi="0" ci="1" mb="0" cb="0"/><line nr="839" mi="0" ci="1" mb="0" cb="0"/><line nr="848" mi="0" ci="6" mb="2" cb="1"/><line nr="849" mi="2" ci="0" mb="0" cb="0"/><line nr="850" mi="0" ci="2" mb="0" cb="0"/><line nr="851" mi="1" ci="0" mb="0" cb="0"/><counter type="INSTRUCTION" missed="288" covered="1216"/><counter type="BRANCH" missed="68" covered="121"/><counter type="LINE" missed="66" covered="263"/><counter type="COMPLEXITY" missed="55" covered="72"/><counter type="METHOD" missed="1" covered="29"/><counter type="CLASS" missed="0" covered="1"/></sourcefile><sourcefile name="BaseDaoImpl.java"><line nr="46" mi="0" ci="3" mb="0" cb="0"/><line nr="62" mi="2" ci="0" mb="2" cb="0"/><line nr="63" mi="5" ci="0" mb="0" cb="0"/><line nr="65" mi="1" ci="0" mb="0" cb="0"/><line nr="70" mi="4" ci="0" mb="0" cb="0"/><line nr="75" mi="0" ci="8" mb="0" cb="0"/><line nr="76" mi="0" ci="5" mb="0" cb="0"/><line nr="85" mi="8" ci="0" mb="0" cb="0"/><line nr="94" mi="0" ci="6" mb="0" cb="0"/><line nr="95" mi="0" ci="5" mb="0" cb="0"/><line nr="96" mi="0" ci="2" mb="0" cb="0"/><line nr="105" mi="8" ci="0" mb="0" cb="0"/><line nr="110" mi="4" ci="0" mb="0" cb="0"/><line nr="111" mi="1" ci="0" mb="0" cb="0"/><line nr="115" mi="0" ci="6" mb="0" cb="0"/><line nr="116" mi="0" ci="4" mb="0" cb="0"/><line nr="117" mi="0" ci="1" mb="0" cb="0"/><line nr="121" mi="4" ci="0" mb="0" cb="0"/><line nr="122" mi="1" ci="0" mb="0" cb="0"/><line nr="126" mi="0" ci="7" mb="0" cb="0"/><line nr="131" mi="2" ci="10" mb="1" cb="1"/><line nr="146" mi="0" ci="7" mb="0" cb="0"/><line nr="147" mi="0" ci="9" mb="0" cb="4"/><line nr="148" mi="0" ci="6" mb="0" cb="2"/><line nr="150" mi="0" ci="2" mb="0" cb="2"/><line nr="151" mi="0" ci="5" mb="0" cb="0"/><line nr="152" mi="0" ci="5" mb="0" cb="0"/><line nr="154" mi="0" ci="3" mb="0" cb="0"/><line nr="158" mi="0" ci="6" mb="0" cb="0"/><line nr="159" mi="0" ci="5" mb="0" cb="0"/><line nr="163" mi="0" ci="6" mb="0" cb="0"/><line nr="164" mi="0" ci="5" mb="0" cb="0"/><line nr="169" mi="0" ci="7" mb="0" cb="0"/><line nr="174" mi="0" ci="7" mb="0" cb="0"/><line nr="175" mi="2" ci="7" mb="2" cb="2"/><line nr="176" mi="0" ci="5" mb="0" cb="0"/><line nr="182" mi="0" ci="3" mb="1" cb="1"/><line nr="183" mi="2" ci="0" mb="0" cb="0"/><line nr="185" mi="0" ci="9" mb="0" cb="0"/><line nr="186" mi="2" ci="7" mb="2" cb="2"/><line nr="187" mi="0" ci="3" mb="0" cb="0"/><line nr="192" mi="0" ci="7" mb="0" cb="0"/><line nr="198" mi="0" ci="6" mb="0" cb="0"/><line nr="199" mi="1" ci="11" mb="2" cb="2"/><line nr="200" mi="0" ci="5" mb="0" cb="0"/><line nr="202" mi="0" ci="4" mb="0" cb="0"/><line nr="203" mi="0" ci="1" mb="0" cb="0"/><line nr="204" mi="0" ci="2" mb="0" cb="0"/><line nr="205" mi="1" ci="0" mb="0" cb="0"/><line nr="206" mi="6" ci="0" mb="0" cb="0"/><line nr="212" mi="0" ci="8" mb="0" cb="0"/><line nr="216" mi="0" ci="8" mb="0" cb="0"/><line nr="217" mi="2" ci="4" mb="1" cb="1"/><line nr="219" mi="0" ci="2" mb="1" cb="1"/><line nr="220" mi="5" ci="0" mb="0" cb="0"/><line nr="221" mi="5" ci="0" mb="0" cb="0"/><line nr="223" mi="0" ci="3" mb="0" cb="0"/><line nr="228" mi="0" ci="11" mb="0" cb="0"/><line nr="233" mi="0" ci="5" mb="0" cb="0"/><line nr="238" mi="0" ci="9" mb="0" cb="0"/><line nr="243" mi="0" ci="8" mb="0" cb="0"/><line nr="248" mi="0" ci="9" mb="0" cb="0"/><line nr="250" mi="0" ci="5" mb="0" cb="0"/><line nr="252" mi="0" ci="4" mb="0" cb="0"/><line nr="253" mi="0" ci="1" mb="0" cb="0"/><line nr="254" mi="0" ci="2" mb="0" cb="0"/><line nr="255" mi="1" ci="0" mb="0" cb="0"/><line nr="256" mi="6" ci="0" mb="0" cb="0"/><line nr="263" mi="0" ci="9" mb="0" cb="0"/><line nr="265" mi="0" ci="16" mb="0" cb="0"/><line nr="266" mi="0" ci="1" mb="0" cb="0"/><line nr="272" mi="0" ci="13" mb="0" cb="0"/><line nr="273" mi="0" ci="6" mb="0" cb="0"/><line nr="279" mi="0" ci="8" mb="0" cb="0"/><line nr="280" mi="0" ci="2" mb="1" cb="1"/><line nr="281" mi="5" ci="0" mb="0" cb="0"/><line nr="283" mi="0" ci="17" mb="0" cb="0"/><line nr="288" mi="0" ci="6" mb="0" cb="0"/><line nr="293" mi="0" ci="3" mb="0" cb="0"/><line nr="294" mi="0" ci="3" mb="0" cb="0"/><line nr="295" mi="0" ci="1" mb="0" cb="0"/><line nr="305" mi="0" ci="3" mb="0" cb="0"/><line nr="326" mi="1" ci="11" mb="2" cb="2"/><line nr="336" mi="5" ci="0" mb="0" cb="0"/><line nr="341" mi="0" ci="4" mb="0" cb="0"/><line nr="342" mi="0" ci="10" mb="0" cb="2"/><line nr="343" mi="0" ci="6" mb="0" cb="0"/><line nr="344" mi="0" ci="1" mb="0" cb="0"/><line nr="345" mi="0" ci="2" mb="0" cb="0"/><line nr="350" mi="0" ci="3" mb="0" cb="2"/><line nr="351" mi="0" ci="5" mb="0" cb="0"/><line nr="353" mi="0" ci="6" mb="0" cb="0"/><line nr="355" mi="0" ci="2" mb="0" cb="0"/><counter type="INSTRUCTION" missed="84" covered="417"/><counter type="BRANCH" missed="15" covered="25"/><counter type="LINE" missed="19" covered="74"/><counter type="COMPLEXITY" missed="21" covered="40"/><counter type="METHOD" missed="7" covered="34"/><counter type="CLASS" missed="0" covered="1"/></sourcefile><sourcefile name="DefaultDaoImpl.java"><line nr="53" mi="0" ci="6" mb="0" cb="0"/><line nr="54" mi="0" ci="1" mb="0" cb="0"/><line nr="63" mi="0" ci="2" mb="0" cb="0"/><line nr="64" mi="0" ci="3" mb="0" cb="0"/><line nr="65" mi="0" ci="3" mb="0" cb="0"/><line nr="66" mi="0" ci="3" mb="0" cb="0"/><line nr="67" mi="0" ci="1" mb="0" cb="0"/><line nr="71" mi="0" ci="3" mb="0" cb="0"/><line nr="76" mi="0" ci="3" mb="0" cb="0"/><line nr="81" mi="0" ci="7" mb="1" cb="3"/><line nr="82" mi="0" ci="3" mb="0" cb="0"/><line nr="85" mi="0" ci="9" mb="0" cb="0"/><line nr="86" mi="0" ci="2" mb="0" cb="0"/><line nr="91" mi="7" ci="0" mb="4" cb="0"/><line nr="92" mi="3" ci="0" mb="0" cb="0"/><line nr="95" mi="9" ci="0" mb="0" cb="0"/><line nr="96" mi="2" ci="0" mb="0" cb="0"/><counter type="INSTRUCTION" missed="21" covered="46"/><counter type="BRANCH" missed="5" covered="3"/><counter type="LINE" missed="4" covered="13"/><counter type="COMPLEXITY" missed="4" covered="6"/><counter type="METHOD" missed="1" covered="5"/><counter type="CLASS" missed="0" covered="1"/></sourcefile><counter type="INSTRUCTION" missed="393" covered="1679"/><counter type="BRANCH" missed="88" covered="149"/><counter type="LINE" missed="89" covered="350"/><counter type="COMPLEXITY" missed="80" covered="118"/><counter type="METHOD" missed="9" covered="68"/><counter type="CLASS" missed="0" covered="3"/></package><counter type="INSTRUCTION" missed="2191" covered="10902"/><counter type="BRANCH" missed="436" covered="1231"/><counter type="LINE" missed="425" covered="2290"/><counter type="COMPLEXITY" missed="442" covered="911"/><counter type="METHOD" missed="80" covered="435"/><counter type="CLASS" missed="4" covered="46"/></report>