<?xml version="1.0" encoding="UTF-8" standalone="yes"?><!DOCTYPE report PUBLIC "-//JACOCO//DTD Report 1.1//EN" "report.dtd"><report name="Implementation"><sessioninfo id="tantalum.local-92d38cb9" start="1727948956657" dump="1727948963867"/><package name="org/dynamoframework/domain/model/impl"><class name="org/dynamoframework/domain/model/impl/EntityModelFactoryImpl" sourcefilename="EntityModelFactoryImpl.java"><method name="&lt;init&gt;" desc="([Lorg/dynamoframework/domain/model/EntityModelFactory;)V" line="78"><counter type="INSTRUCTION" missed="19" covered="0"/><counter type="LINE" missed="6" covered="0"/><counter type="COMPLEXITY" missed="1" covered="0"/><counter type="METHOD" missed="1" covered="0"/></method><method name="addAttributeModels" desc="(Ljava/lang/Class;Lorg/dynamoframework/domain/model/impl/EntityModelImpl;Ljava/util/List;)V" line="112"><counter type="INSTRUCTION" missed="0" covered="39"/><counter type="BRANCH" missed="0" covered="4"/><counter type="LINE" missed="0" covered="10"/><counter type="COMPLEXITY" missed="0" covered="3"/><counter type="METHOD" missed="0" covered="1"/></method><method name="addEntityModelAnnotationOverrides" desc="(Ljava/lang/Class;Lorg/dynamoframework/domain/model/impl/EntityModelImpl$EntityModelImplBuilder;)V" line="135"><counter type="INSTRUCTION" missed="8" covered="127"/><counter type="BRANCH" missed="2" covered="24"/><counter type="LINE" missed="2" covered="31"/><counter type="COMPLEXITY" missed="2" covered="12"/><counter type="METHOD" missed="0" covered="1"/></method><method name="addEntityModelMessageBundleOverrides" desc="(Ljava/lang/String;Lorg/dynamoframework/domain/model/impl/EntityModelImpl$EntityModelImplBuilder;)V" line="197"><counter type="INSTRUCTION" missed="0" covered="173"/><counter type="LINE" missed="0" covered="32"/><counter type="COMPLEXITY" missed="0" covered="1"/><counter type="METHOD" missed="0" covered="1"/></method><method name="setMessageBundleRoleOverrides" desc="(Ljava/lang/String;Ljava/lang/String;Ljava/util/function/Consumer;)V" line="244"><counter type="INSTRUCTION" missed="0" covered="17"/><counter type="BRANCH" missed="0" covered="2"/><counter type="LINE" missed="0" covered="5"/><counter type="COMPLEXITY" missed="0" covered="2"/><counter type="METHOD" missed="0" covered="1"/></method><method name="addMissingAttributeNames" desc="(Ljava/util/List;Ljava/util/List;Ljava/util/List;)V" line="253"><counter type="INSTRUCTION" missed="0" covered="27"/><counter type="BRANCH" missed="1" covered="5"/><counter type="LINE" missed="0" covered="6"/><counter type="COMPLEXITY" missed="1" covered="3"/><counter type="METHOD" missed="0" covered="1"/></method><method name="canProvideModel" desc="(Ljava/lang/String;Ljava/lang/Class;)Z" line="270"><counter type="INSTRUCTION" missed="2" covered="0"/><counter type="LINE" missed="1" covered="0"/><counter type="COMPLEXITY" missed="1" covered="0"/><counter type="METHOD" missed="1" covered="0"/></method><method name="collectAttributeGroups" desc="(Lorg/dynamoframework/domain/model/EntityModel;Ljava/lang/Class;)Ljava/util/Map;" line="283"><counter type="INSTRUCTION" missed="7" covered="70"/><counter type="BRANCH" missed="1" covered="7"/><counter type="LINE" missed="1" covered="12"/><counter type="COMPLEXITY" missed="1" covered="4"/><counter type="METHOD" missed="0" covered="1"/></method><method name="constructAttributeModel" desc="(Ljava/beans/PropertyDescriptor;Lorg/dynamoframework/domain/model/EntityModel;Ljava/lang/Class;ZLjava/lang/String;)Ljava/util/List;" line="322"><counter type="INSTRUCTION" missed="2" covered="208"/><counter type="BRANCH" missed="3" covered="31"/><counter type="LINE" missed="0" covered="41"/><counter type="COMPLEXITY" missed="3" covered="15"/><counter type="METHOD" missed="0" covered="1"/></method><method name="processEmbeddedAttributeModel" desc="(Ljava/util/List;Lorg/dynamoframework/domain/model/AttributeModel;Lorg/dynamoframework/domain/model/EntityModel;Z)V" line="403"><counter type="INSTRUCTION" missed="5" covered="48"/><counter type="BRANCH" missed="1" covered="5"/><counter type="LINE" missed="1" covered="9"/><counter type="COMPLEXITY" missed="1" covered="3"/><counter type="METHOD" missed="0" covered="1"/></method><method name="constructAttributeModels" desc="(Ljava/lang/String;Ljava/lang/Class;Lorg/dynamoframework/domain/model/impl/EntityModelImpl;)Ljava/util/List;" line="429"><counter type="INSTRUCTION" missed="0" covered="51"/><counter type="BRANCH" missed="0" covered="6"/><counter type="LINE" missed="0" covered="9"/><counter type="COMPLEXITY" missed="0" covered="4"/><counter type="METHOD" missed="0" covered="1"/></method><method name="constructModel" desc="(Ljava/lang/String;Ljava/lang/Class;)Lorg/dynamoframework/domain/model/EntityModel;" line="453"><counter type="INSTRUCTION" missed="33" covered="12"/><counter type="BRANCH" missed="8" covered="2"/><counter type="LINE" missed="6" covered="4"/><counter type="COMPLEXITY" missed="5" covered="1"/><counter type="METHOD" missed="0" covered="1"/></method><method name="constructModelInner" desc="(Ljava/lang/Class;Ljava/lang/String;)Lorg/dynamoframework/domain/model/impl/EntityModelImpl;" line="480"><counter type="INSTRUCTION" missed="2" covered="165"/><counter type="BRANCH" missed="1" covered="5"/><counter type="LINE" missed="1" covered="38"/><counter type="COMPLEXITY" missed="1" covered="3"/><counter type="METHOD" missed="0" covered="1"/></method><method name="processJoinAnnotations" desc="(Ljava/lang/Class;Lorg/dynamoframework/domain/model/impl/EntityModelImpl;)V" line="541"><counter type="INSTRUCTION" missed="10" covered="28"/><counter type="BRANCH" missed="2" covered="4"/><counter type="LINE" missed="4" covered="9"/><counter type="COMPLEXITY" missed="2" covered="2"/><counter type="METHOD" missed="0" covered="1"/></method><method name="addEntityModelActions" desc="(Lorg/dynamoframework/domain/model/impl/EntityModelImpl;)V" line="560"><counter type="INSTRUCTION" missed="0" covered="42"/><counter type="BRANCH" missed="0" covered="4"/><counter type="LINE" missed="0" covered="9"/><counter type="COMPLEXITY" missed="0" covered="3"/><counter type="METHOD" missed="0" covered="1"/></method><method name="addEntityModelAction" desc="(Ljava/lang/reflect/Method;Ljava/util/List;)V" line="579"><counter type="INSTRUCTION" missed="26" covered="74"/><counter type="BRANCH" missed="2" covered="4"/><counter type="LINE" missed="4" covered="19"/><counter type="COMPLEXITY" missed="2" covered="2"/><counter type="METHOD" missed="0" covered="1"/></method><method name="processEntityModelActionMessageBundleOverrides" desc="(Lorg/dynamoframework/domain/model/impl/EntityModelActionImpl;)V" line="613"><counter type="INSTRUCTION" missed="0" covered="23"/><counter type="LINE" missed="0" covered="5"/><counter type="COMPLEXITY" missed="0" covered="1"/><counter type="METHOD" missed="0" covered="1"/></method><method name="processMessageBundleJoinOverrides" desc="(Lorg/dynamoframework/domain/model/impl/EntityModelImpl;)V" line="626"><counter type="INSTRUCTION" missed="3" covered="20"/><counter type="BRANCH" missed="1" covered="3"/><counter type="LINE" missed="1" covered="6"/><counter type="COMPLEXITY" missed="1" covered="2"/><counter type="METHOD" missed="0" covered="1"/></method><method name="processMessageBundleFetchJoinOverrides" desc="(Lorg/dynamoframework/domain/model/EntityModel;Ljava/lang/String;)Ljava/util/List;" line="649"><counter type="INSTRUCTION" missed="7" covered="62"/><counter type="BRANCH" missed="1" covered="5"/><counter type="LINE" missed="1" covered="17"/><counter type="COMPLEXITY" missed="1" covered="3"/><counter type="METHOD" missed="0" covered="1"/></method><method name="determineAttributeGroupMapping" desc="(Lorg/dynamoframework/domain/model/EntityModel;Ljava/lang/Class;)Ljava/util/Map;" line="685"><counter type="INSTRUCTION" missed="0" covered="81"/><counter type="BRANCH" missed="1" covered="9"/><counter type="LINE" missed="0" covered="20"/><counter type="COMPLEXITY" missed="1" covered="5"/><counter type="METHOD" missed="0" covered="1"/></method><method name="determineAttributeOrder" desc="(Ljava/lang/Class;Ljava/lang/String;Ljava/util/List;)V" line="726"><counter type="INSTRUCTION" missed="0" covered="24"/><counter type="BRANCH" missed="0" covered="2"/><counter type="LINE" missed="0" covered="6"/><counter type="COMPLEXITY" missed="0" covered="2"/><counter type="METHOD" missed="0" covered="1"/></method><method name="determineAttributeOrderInner" desc="(Ljava/lang/String;Ljava/lang/String;Ljava/util/List;Ljava/util/List;Ljava/util/function/BiConsumer;)Z" line="756"><counter type="INSTRUCTION" missed="12" covered="83"/><counter type="BRANCH" missed="1" covered="9"/><counter type="LINE" missed="1" covered="18"/><counter type="COMPLEXITY" missed="1" covered="5"/><counter type="METHOD" missed="0" covered="1"/></method><method name="determineAttributeType" desc="(Ljava/lang/Class;Lorg/dynamoframework/domain/model/impl/AttributeModelImpl;)Lorg/dynamoframework/domain/model/AttributeType;" line="795"><counter type="INSTRUCTION" missed="12" covered="127"/><counter type="BRANCH" missed="9" covered="21"/><counter type="LINE" missed="2" covered="32"/><counter type="COMPLEXITY" missed="7" covered="9"/><counter type="METHOD" missed="0" covered="1"/></method><method name="determineDateType" desc="(Ljava/lang/Class;)Lorg/dynamoframework/domain/model/AttributeDateType;" line="853"><counter type="INSTRUCTION" missed="0" covered="26"/><counter type="BRANCH" missed="0" covered="8"/><counter type="LINE" missed="0" covered="9"/><counter type="COMPLEXITY" missed="0" covered="5"/><counter type="METHOD" missed="0" covered="1"/></method><method name="determineDefaultDisplayFormat" desc="(Ljava/lang/Class;)Ljava/lang/String;" line="872"><counter type="INSTRUCTION" missed="0" covered="43"/><counter type="BRANCH" missed="0" covered="8"/><counter type="LINE" missed="0" covered="10"/><counter type="COMPLEXITY" missed="0" covered="5"/><counter type="METHOD" missed="0" covered="1"/></method><method name="determineGridAttributeOrder" desc="(Ljava/lang/Class;Ljava/lang/String;Ljava/util/List;)Z" line="897"><counter type="INSTRUCTION" missed="0" covered="23"/><counter type="BRANCH" missed="0" covered="2"/><counter type="LINE" missed="0" covered="5"/><counter type="COMPLEXITY" missed="0" covered="2"/><counter type="METHOD" missed="0" covered="1"/></method><method name="determineSearchAttributeOrder" desc="(Ljava/lang/Class;Ljava/lang/String;Ljava/util/List;)Z" line="918"><counter type="INSTRUCTION" missed="0" covered="23"/><counter type="BRANCH" missed="0" covered="2"/><counter type="LINE" missed="0" covered="5"/><counter type="COMPLEXITY" missed="0" covered="2"/><counter type="METHOD" missed="0" covered="1"/></method><method name="findModelFactory" desc="(Ljava/lang/String;Ljava/lang/Class;)Lorg/dynamoframework/domain/model/EntityModelFactory;" line="935"><counter type="INSTRUCTION" missed="25" covered="7"/><counter type="BRANCH" missed="5" covered="1"/><counter type="LINE" missed="4" covered="3"/><counter type="COMPLEXITY" missed="3" covered="1"/><counter type="METHOD" missed="0" covered="1"/></method><method name="getAttributeMessage" desc="(Lorg/dynamoframework/domain/model/EntityModel;Lorg/dynamoframework/domain/model/AttributeModel;Ljava/lang/String;)Ljava/lang/String;" line="956"><counter type="INSTRUCTION" missed="0" covered="15"/><counter type="BRANCH" missed="0" covered="2"/><counter type="LINE" missed="0" covered="3"/><counter type="COMPLEXITY" missed="0" covered="2"/><counter type="METHOD" missed="0" covered="1"/></method><method name="getEntityMessage" desc="(Ljava/lang/String;Ljava/lang/String;)Ljava/lang/String;" line="970"><counter type="INSTRUCTION" missed="0" covered="13"/><counter type="BRANCH" missed="0" covered="2"/><counter type="LINE" missed="0" covered="3"/><counter type="COMPLEXITY" missed="0" covered="2"/><counter type="METHOD" missed="0" covered="1"/></method><method name="getLocale" desc="()Ljava/util/Locale;" line="977"><counter type="INSTRUCTION" missed="0" covered="5"/><counter type="LINE" missed="0" covered="1"/><counter type="COMPLEXITY" missed="0" covered="1"/><counter type="METHOD" missed="0" covered="1"/></method><method name="getMessageService" desc="()Lorg/dynamoframework/service/MessageService;" line="981"><counter type="INSTRUCTION" missed="0" covered="3"/><counter type="LINE" missed="0" covered="1"/><counter type="COMPLEXITY" missed="0" covered="1"/><counter type="METHOD" missed="0" covered="1"/></method><method name="getModel" desc="(Ljava/lang/Class;)Lorg/dynamoframework/domain/model/EntityModel;" line="986"><counter type="INSTRUCTION" missed="0" covered="6"/><counter type="LINE" missed="0" covered="1"/><counter type="COMPLEXITY" missed="0" covered="1"/><counter type="METHOD" missed="0" covered="1"/></method><method name="getModel" desc="(Ljava/lang/String;Ljava/lang/Class;)Lorg/dynamoframework/domain/model/EntityModel;" line="992"><counter type="INSTRUCTION" missed="0" covered="27"/><counter type="BRANCH" missed="2" covered="4"/><counter type="LINE" missed="0" covered="7"/><counter type="COMPLEXITY" missed="2" covered="2"/><counter type="METHOD" missed="0" covered="1"/></method><method name="handleElementCollectionSettings" desc="(Ljava/lang/Class;Lorg/dynamoframework/domain/model/impl/AttributeModelImpl;Ljava/lang/String;)V" line="1011"><counter type="INSTRUCTION" missed="0" covered="50"/><counter type="BRANCH" missed="2" covered="6"/><counter type="LINE" missed="0" covered="10"/><counter type="COMPLEXITY" missed="2" covered="3"/><counter type="METHOD" missed="0" covered="1"/></method><method name="hasEntityModel" desc="(Ljava/lang/Class;Ljava/lang/String;)Z" line="1035"><counter type="INSTRUCTION" missed="28" covered="0"/><counter type="BRANCH" missed="6" covered="0"/><counter type="LINE" missed="5" covered="0"/><counter type="COMPLEXITY" missed="4" covered="0"/><counter type="METHOD" missed="1" covered="0"/></method><method name="hasModel" desc="(Ljava/lang/String;)Z" line="1054"><counter type="INSTRUCTION" missed="0" covered="5"/><counter type="LINE" missed="0" covered="1"/><counter type="COMPLEXITY" missed="0" covered="1"/><counter type="METHOD" missed="0" covered="1"/></method><method name="isVisible" desc="(Ljava/lang/String;)Z" line="1067"><counter type="INSTRUCTION" missed="7" covered="4"/><counter type="LINE" missed="2" covered="2"/><counter type="COMPLEXITY" missed="0" covered="1"/><counter type="METHOD" missed="0" covered="1"/></method><method name="setAnnotationCustomOverwrites" desc="(Lorg/dynamoframework/domain/model/annotation/Attribute;Lorg/dynamoframework/domain/model/AttributeModel;)V" line="1082"><counter type="INSTRUCTION" missed="0" covered="58"/><counter type="BRANCH" missed="2" covered="8"/><counter type="LINE" missed="0" covered="10"/><counter type="COMPLEXITY" missed="2" covered="4"/><counter type="METHOD" missed="0" covered="1"/></method><method name="setAnnotationVisibilityOverrides" desc="(Lorg/dynamoframework/domain/model/annotation/Attribute;Lorg/dynamoframework/domain/model/impl/AttributeModelImpl;Z)V" line="1108"><counter type="INSTRUCTION" missed="0" covered="33"/><counter type="BRANCH" missed="2" covered="10"/><counter type="LINE" missed="0" covered="5"/><counter type="COMPLEXITY" missed="2" covered="5"/><counter type="METHOD" missed="0" covered="1"/></method><method name="setAttributeModelAnnotationOverrides" desc="(Ljava/lang/Class;Lorg/dynamoframework/domain/model/impl/AttributeModelImpl;Ljava/beans/PropertyDescriptor;Z)V" line="1128"><counter type="INSTRUCTION" missed="8" covered="602"/><counter type="BRANCH" missed="11" covered="41"/><counter type="LINE" missed="2" covered="88"/><counter type="COMPLEXITY" missed="10" covered="17"/><counter type="METHOD" missed="0" covered="1"/></method><method name="setAttributeModelDefaults" desc="(Ljava/beans/PropertyDescriptor;Lorg/dynamoframework/domain/model/EntityModel;Ljava/lang/Class;Ljava/lang/String;Ljava/lang/String;Lorg/dynamoframework/domain/model/impl/AttributeModelImpl;)V" line="1282"><counter type="INSTRUCTION" missed="2" covered="112"/><counter type="BRANCH" missed="1" covered="5"/><counter type="LINE" missed="0" covered="23"/><counter type="COMPLEXITY" missed="1" covered="3"/><counter type="METHOD" missed="0" covered="1"/></method><method name="setAttributeModelMessageBundleOverrides" desc="(Lorg/dynamoframework/domain/model/EntityModel;Lorg/dynamoframework/domain/model/impl/AttributeModelImpl;)V" line="1316"><counter type="INSTRUCTION" missed="98" covered="663"/><counter type="BRANCH" missed="21" covered="13"/><counter type="LINE" missed="20" covered="116"/><counter type="COMPLEXITY" missed="15" covered="3"/><counter type="METHOD" missed="0" covered="1"/></method><method name="setBooleanFalseSetting" desc="(Ljava/lang/Boolean;Ljava/util/function/Consumer;)V" line="1500"><counter type="INSTRUCTION" missed="0" covered="8"/><counter type="BRANCH" missed="0" covered="2"/><counter type="LINE" missed="0" covered="3"/><counter type="COMPLEXITY" missed="0" covered="2"/><counter type="METHOD" missed="0" covered="1"/></method><method name="setBooleanSetting" desc="(Ljava/lang/String;Ljava/util/function/Consumer;)V" line="1512"><counter type="INSTRUCTION" missed="0" covered="7"/><counter type="BRANCH" missed="0" covered="2"/><counter type="LINE" missed="0" covered="3"/><counter type="COMPLEXITY" missed="0" covered="2"/><counter type="METHOD" missed="0" covered="1"/></method><method name="setBooleanTrueSetting" desc="(Ljava/lang/Boolean;Ljava/util/function/Consumer;)V" line="1524"><counter type="INSTRUCTION" missed="0" covered="8"/><counter type="BRANCH" missed="0" covered="2"/><counter type="LINE" missed="0" covered="3"/><counter type="COMPLEXITY" missed="0" covered="2"/><counter type="METHOD" missed="0" covered="1"/></method><method name="setDefaultValue" desc="(Lorg/dynamoframework/domain/model/impl/AttributeModelImpl;Ljava/lang/String;ZLjava/util/function/Consumer;)V" line="1540"><counter type="INSTRUCTION" missed="16" covered="56"/><counter type="BRANCH" missed="4" covered="8"/><counter type="LINE" missed="3" covered="11"/><counter type="COMPLEXITY" missed="4" covered="3"/><counter type="METHOD" missed="0" covered="1"/></method><method name="setDefaultValue" desc="(Lorg/dynamoframework/domain/model/impl/AttributeModelImpl;Lorg/dynamoframework/domain/model/annotation/Attribute;)V" line="1569"><counter type="INSTRUCTION" missed="13" covered="23"/><counter type="BRANCH" missed="1" covered="3"/><counter type="LINE" missed="2" covered="5"/><counter type="COMPLEXITY" missed="1" covered="2"/><counter type="METHOD" missed="0" covered="1"/></method><method name="setDefaultSearchValue" desc="(Lorg/dynamoframework/domain/model/impl/AttributeModelImpl;Lorg/dynamoframework/domain/model/annotation/Attribute;)V" line="1587"><counter type="INSTRUCTION" missed="13" covered="23"/><counter type="BRANCH" missed="1" covered="3"/><counter type="LINE" missed="2" covered="5"/><counter type="COMPLEXITY" missed="1" covered="2"/><counter type="METHOD" missed="0" covered="1"/></method><method name="setDefaultSearchValueFrom" desc="(Lorg/dynamoframework/domain/model/impl/AttributeModelImpl;Lorg/dynamoframework/domain/model/annotation/Attribute;)V" line="1605"><counter type="INSTRUCTION" missed="13" covered="23"/><counter type="BRANCH" missed="1" covered="3"/><counter type="LINE" missed="2" covered="5"/><counter type="COMPLEXITY" missed="1" covered="2"/><counter type="METHOD" missed="0" covered="1"/></method><method name="setDefaultSearchValueTo" desc="(Lorg/dynamoframework/domain/model/impl/AttributeModelImpl;Lorg/dynamoframework/domain/model/annotation/Attribute;)V" line="1623"><counter type="INSTRUCTION" missed="13" covered="23"/><counter type="BRANCH" missed="1" covered="3"/><counter type="LINE" missed="2" covered="5"/><counter type="COMPLEXITY" missed="1" covered="2"/><counter type="METHOD" missed="0" covered="1"/></method><method name="setEnumSetting" desc="(Ljava/lang/String;Ljava/lang/Class;Ljava/util/function/Consumer;)V" line="1642"><counter type="INSTRUCTION" missed="3" covered="12"/><counter type="BRANCH" missed="0" covered="2"/><counter type="LINE" missed="0" covered="5"/><counter type="COMPLEXITY" missed="0" covered="2"/><counter type="METHOD" missed="0" covered="1"/></method><method name="setEnumValueUnless" desc="(Ljava/lang/Enum;Ljava/lang/Enum;Ljava/util/function/Consumer;)V" line="1662"><counter type="INSTRUCTION" missed="0" covered="8"/><counter type="BRANCH" missed="0" covered="2"/><counter type="LINE" missed="0" covered="3"/><counter type="COMPLEXITY" missed="0" covered="2"/><counter type="METHOD" missed="0" covered="1"/></method><method name="setIntSetting" desc="(Ljava/lang/Integer;ILjava/util/function/Consumer;)V" line="1676"><counter type="INSTRUCTION" missed="0" covered="10"/><counter type="BRANCH" missed="1" covered="3"/><counter type="LINE" missed="0" covered="3"/><counter type="COMPLEXITY" missed="1" covered="2"/><counter type="METHOD" missed="0" covered="1"/></method><method name="setIntSettingIfAbove" desc="(Ljava/lang/String;ILjava/util/function/Consumer;)V" line="1690"><counter type="INSTRUCTION" missed="0" covered="14"/><counter type="BRANCH" missed="1" covered="3"/><counter type="LINE" missed="0" covered="6"/><counter type="COMPLEXITY" missed="1" covered="2"/><counter type="METHOD" missed="0" covered="1"/></method><method name="setIntSettingIfBelow" desc="(Ljava/lang/String;ILjava/util/function/Consumer;)V" line="1709"><counter type="INSTRUCTION" missed="0" covered="14"/><counter type="BRANCH" missed="1" covered="3"/><counter type="LINE" missed="0" covered="6"/><counter type="COMPLEXITY" missed="1" covered="2"/><counter type="METHOD" missed="0" covered="1"/></method><method name="setBigDecimalSetting" desc="(Ljava/lang/Double;Ljava/lang/Double;ZLjava/util/function/Consumer;)V" line="1729"><counter type="INSTRUCTION" missed="0" covered="18"/><counter type="BRANCH" missed="1" covered="7"/><counter type="LINE" missed="0" covered="3"/><counter type="COMPLEXITY" missed="1" covered="4"/><counter type="METHOD" missed="0" covered="1"/></method><method name="setMessageBundleCascadeOverrides" desc="(Lorg/dynamoframework/domain/model/EntityModel;Lorg/dynamoframework/domain/model/AttributeModel;)V" line="1741"><counter type="INSTRUCTION" missed="10" covered="54"/><counter type="BRANCH" missed="3" covered="5"/><counter type="LINE" missed="2" covered="13"/><counter type="COMPLEXITY" missed="3" covered="2"/><counter type="METHOD" missed="0" covered="1"/></method><method name="setMessageBundleCustomOverrides" desc="(Lorg/dynamoframework/domain/model/EntityModel;Lorg/dynamoframework/domain/model/AttributeModel;)V" line="1775"><counter type="INSTRUCTION" missed="0" covered="69"/><counter type="BRANCH" missed="1" covered="9"/><counter type="LINE" missed="0" covered="18"/><counter type="COMPLEXITY" missed="1" covered="5"/><counter type="METHOD" missed="0" covered="1"/></method><method name="setNestedEntityModel" desc="(Lorg/dynamoframework/domain/model/EntityModel;Lorg/dynamoframework/domain/model/impl/AttributeModelImpl;)V" line="1807"><counter type="INSTRUCTION" missed="8" covered="58"/><counter type="BRANCH" missed="1" covered="11"/><counter type="LINE" missed="1" covered="14"/><counter type="COMPLEXITY" missed="1" covered="6"/><counter type="METHOD" missed="0" covered="1"/></method><method name="setRequiredAndMinMaxSetting" desc="(Lorg/dynamoframework/domain/model/EntityModel;Lorg/dynamoframework/domain/model/impl/AttributeModelImpl;Ljava/lang/Class;Ljava/lang/String;)V" line="1852"><counter type="INSTRUCTION" missed="38" covered="94"/><counter type="BRANCH" missed="7" covered="25"/><counter type="LINE" missed="7" covered="15"/><counter type="COMPLEXITY" missed="6" covered="11"/><counter type="METHOD" missed="0" covered="1"/></method><method name="setSortOrder" desc="(Lorg/dynamoframework/domain/model/EntityModel;Ljava/lang/String;)V" line="1897"><counter type="INSTRUCTION" missed="0" covered="72"/><counter type="BRANCH" missed="3" covered="13"/><counter type="LINE" missed="0" covered="8"/><counter type="COMPLEXITY" missed="3" covered="6"/><counter type="METHOD" missed="0" covered="1"/></method><method name="setStringSetting" desc="(Ljava/lang/String;Ljava/util/function/Consumer;)V" line="1916"><counter type="INSTRUCTION" missed="0" covered="7"/><counter type="BRANCH" missed="0" covered="2"/><counter type="LINE" missed="0" covered="3"/><counter type="COMPLEXITY" missed="0" covered="2"/><counter type="METHOD" missed="0" covered="1"/></method><method name="setStringListSetting" desc="(Ljava/util/List;Ljava/util/function/Consumer;)V" line="1928"><counter type="INSTRUCTION" missed="0" covered="9"/><counter type="BRANCH" missed="2" covered="2"/><counter type="LINE" missed="0" covered="3"/><counter type="COMPLEXITY" missed="2" covered="1"/><counter type="METHOD" missed="0" covered="1"/></method><method name="skipAttribute" desc="(Ljava/lang/String;)Z" line="1941"><counter type="INSTRUCTION" missed="0" covered="12"/><counter type="BRANCH" missed="0" covered="4"/><counter type="LINE" missed="0" covered="1"/><counter type="COMPLEXITY" missed="0" covered="3"/><counter type="METHOD" missed="0" covered="1"/></method><method name="validateAttributeModel" desc="(Lorg/dynamoframework/domain/model/AttributeModel;)V" line="1952"><counter type="INSTRUCTION" missed="156" covered="101"/><counter type="BRANCH" missed="17" covered="35"/><counter type="LINE" missed="15" covered="17"/><counter type="COMPLEXITY" missed="14" covered="13"/><counter type="METHOD" missed="0" covered="1"/></method><method name="validateGroupTogetherSettings" desc="(Lorg/dynamoframework/domain/model/EntityModel;)V" line="2019"><counter type="INSTRUCTION" missed="0" covered="69"/><counter type="BRANCH" missed="1" covered="9"/><counter type="LINE" missed="0" covered="13"/><counter type="COMPLEXITY" missed="1" covered="5"/><counter type="METHOD" missed="0" covered="1"/></method><method name="isMultiSelectMaster" desc="(Lorg/dynamoframework/domain/model/AttributeModel;)Z" line="2038"><counter type="INSTRUCTION" missed="1" covered="10"/><counter type="BRANCH" missed="2" covered="2"/><counter type="LINE" missed="0" covered="2"/><counter type="COMPLEXITY" missed="2" covered="1"/><counter type="METHOD" missed="0" covered="1"/></method><method name="&lt;init&gt;" desc="()V" line="69"><counter type="INSTRUCTION" missed="0" covered="16"/><counter type="LINE" missed="0" covered="4"/><counter type="COMPLEXITY" missed="0" covered="1"/><counter type="METHOD" missed="0" covered="1"/></method><method name="lambda$setAttributeModelAnnotationOverrides$6" desc="(Lorg/dynamoframework/domain/model/impl/AttributeModelImpl;Lorg/dynamoframework/domain/model/TrimType;)V" line="1258"><counter type="INSTRUCTION" missed="0" covered="6"/><counter type="LINE" missed="0" covered="1"/><counter type="COMPLEXITY" missed="0" covered="1"/><counter type="METHOD" missed="0" covered="1"/></method><method name="lambda$setAttributeModelAnnotationOverrides$5" desc="(Lorg/dynamoframework/domain/model/impl/AttributeModelImpl;Lorg/dynamoframework/domain/model/BooleanType;)V" line="1222"><counter type="INSTRUCTION" missed="0" covered="5"/><counter type="LINE" missed="0" covered="1"/><counter type="COMPLEXITY" missed="0" covered="1"/><counter type="METHOD" missed="0" covered="1"/></method><method name="lambda$setAttributeModelAnnotationOverrides$4" desc="(Lorg/dynamoframework/domain/model/impl/AttributeModelImpl;Lorg/dynamoframework/domain/model/BooleanType;)V" line="1220"><counter type="INSTRUCTION" missed="0" covered="5"/><counter type="LINE" missed="0" covered="1"/><counter type="COMPLEXITY" missed="0" covered="1"/><counter type="METHOD" missed="0" covered="1"/></method><method name="lambda$determineAttributeOrderInner$3" desc="(Ljava/lang/String;Lorg/dynamoframework/domain/model/AttributeModel;)Z" line="774"><counter type="INSTRUCTION" missed="0" covered="5"/><counter type="LINE" missed="0" covered="1"/><counter type="COMPLEXITY" missed="0" covered="1"/><counter type="METHOD" missed="0" covered="1"/></method><method name="lambda$processJoinAnnotations$2" desc="(Lorg/dynamoframework/domain/model/annotation/FetchJoin;)Lorg/dynamoframework/dao/FetchJoinInformation;" line="551"><counter type="INSTRUCTION" missed="6" covered="0"/><counter type="LINE" missed="1" covered="0"/><counter type="COMPLEXITY" missed="1" covered="0"/><counter type="METHOD" missed="1" covered="0"/></method><method name="lambda$processJoinAnnotations$1" desc="(Lorg/dynamoframework/domain/model/annotation/FetchJoin;)Lorg/dynamoframework/dao/FetchJoinInformation;" line="544"><counter type="INSTRUCTION" missed="0" covered="6"/><counter type="LINE" missed="0" covered="1"/><counter type="COMPLEXITY" missed="0" covered="1"/><counter type="METHOD" missed="0" covered="1"/></method><method name="lambda$constructModelInner$0" desc="(Lorg/dynamoframework/domain/model/AttributeModel;Lorg/dynamoframework/domain/model/AttributeModel;)I" line="505"><counter type="INSTRUCTION" missed="0" covered="6"/><counter type="LINE" missed="0" covered="1"/><counter type="COMPLEXITY" missed="0" covered="1"/><counter type="METHOD" missed="0" covered="1"/></method><method name="&lt;clinit&gt;" desc="()V" line="68"><counter type="INSTRUCTION" missed="0" covered="4"/><counter type="LINE" missed="0" covered="1"/><counter type="COMPLEXITY" missed="0" covered="1"/><counter type="METHOD" missed="0" covered="1"/></method><counter type="INSTRUCTION" missed="606" covered="4074"/><counter type="BRANCH" missed="135" covered="427"/><counter type="LINE" missed="97" covered="822"/><counter type="COMPLEXITY" missed="118" covered="240"/><counter type="METHOD" missed="4" covered="73"/><counter type="CLASS" missed="0" covered="1"/></class><class name="org/dynamoframework/domain/model/impl/EntityModelImpl$EntityModelImplBuilder" sourcefilename="EntityModelImpl.java"><method name="&lt;init&gt;" desc="()V" line="45"><counter type="INSTRUCTION" missed="0" covered="3"/><counter type="LINE" missed="0" covered="1"/><counter type="COMPLEXITY" missed="0" covered="1"/><counter type="METHOD" missed="0" covered="1"/></method><method name="autofillInstructions" desc="(Ljava/lang/String;)Lorg/dynamoframework/domain/model/impl/EntityModelImpl$EntityModelImplBuilder;" line="45"><counter type="INSTRUCTION" missed="0" covered="5"/><counter type="LINE" missed="0" covered="1"/><counter type="COMPLEXITY" missed="0" covered="1"/><counter type="METHOD" missed="0" covered="1"/></method><method name="attributeModels" desc="(Ljava/util/Map;)Lorg/dynamoframework/domain/model/impl/EntityModelImpl$EntityModelImplBuilder;" line="45"><counter type="INSTRUCTION" missed="8" covered="0"/><counter type="LINE" missed="1" covered="0"/><counter type="COMPLEXITY" missed="1" covered="0"/><counter type="METHOD" missed="1" covered="0"/></method><method name="defaultDescription" desc="(Ljava/lang/String;)Lorg/dynamoframework/domain/model/impl/EntityModelImpl$EntityModelImplBuilder;" line="45"><counter type="INSTRUCTION" missed="0" covered="5"/><counter type="LINE" missed="0" covered="1"/><counter type="COMPLEXITY" missed="0" covered="1"/><counter type="METHOD" missed="0" covered="1"/></method><method name="defaultDisplayName" desc="(Ljava/lang/String;)Lorg/dynamoframework/domain/model/impl/EntityModelImpl$EntityModelImplBuilder;" line="45"><counter type="INSTRUCTION" missed="0" covered="5"/><counter type="LINE" missed="0" covered="1"/><counter type="COMPLEXITY" missed="0" covered="1"/><counter type="METHOD" missed="0" covered="1"/></method><method name="defaultDisplayNamePlural" desc="(Ljava/lang/String;)Lorg/dynamoframework/domain/model/impl/EntityModelImpl$EntityModelImplBuilder;" line="45"><counter type="INSTRUCTION" missed="0" covered="5"/><counter type="LINE" missed="0" covered="1"/><counter type="COMPLEXITY" missed="0" covered="1"/><counter type="METHOD" missed="0" covered="1"/></method><method name="descriptions" desc="(Ljava/util/Map;)Lorg/dynamoframework/domain/model/impl/EntityModelImpl$EntityModelImplBuilder;" line="45"><counter type="INSTRUCTION" missed="8" covered="0"/><counter type="LINE" missed="1" covered="0"/><counter type="COMPLEXITY" missed="1" covered="0"/><counter type="METHOD" missed="1" covered="0"/></method><method name="displayNames" desc="(Ljava/util/Map;)Lorg/dynamoframework/domain/model/impl/EntityModelImpl$EntityModelImplBuilder;" line="45"><counter type="INSTRUCTION" missed="8" covered="0"/><counter type="LINE" missed="1" covered="0"/><counter type="COMPLEXITY" missed="1" covered="0"/><counter type="METHOD" missed="1" covered="0"/></method><method name="displayNamesPlural" desc="(Ljava/util/Map;)Lorg/dynamoframework/domain/model/impl/EntityModelImpl$EntityModelImplBuilder;" line="45"><counter type="INSTRUCTION" missed="8" covered="0"/><counter type="LINE" missed="1" covered="0"/><counter type="COMPLEXITY" missed="1" covered="0"/><counter type="METHOD" missed="1" covered="0"/></method><method name="displayProperty" desc="(Ljava/lang/String;)Lorg/dynamoframework/domain/model/impl/EntityModelImpl$EntityModelImplBuilder;" line="45"><counter type="INSTRUCTION" missed="0" covered="5"/><counter type="LINE" missed="0" covered="1"/><counter type="COMPLEXITY" missed="0" covered="1"/><counter type="METHOD" missed="0" covered="1"/></method><method name="entityClass" desc="(Ljava/lang/Class;)Lorg/dynamoframework/domain/model/impl/EntityModelImpl$EntityModelImplBuilder;" line="45"><counter type="INSTRUCTION" missed="0" covered="5"/><counter type="LINE" missed="0" covered="1"/><counter type="COMPLEXITY" missed="0" covered="1"/><counter type="METHOD" missed="0" covered="1"/></method><method name="gridOrderSet" desc="(Z)Lorg/dynamoframework/domain/model/impl/EntityModelImpl$EntityModelImplBuilder;" line="45"><counter type="INSTRUCTION" missed="5" covered="0"/><counter type="LINE" missed="1" covered="0"/><counter type="COMPLEXITY" missed="1" covered="0"/><counter type="METHOD" missed="1" covered="0"/></method><method name="nestingDepth" desc="(I)Lorg/dynamoframework/domain/model/impl/EntityModelImpl$EntityModelImplBuilder;" line="45"><counter type="INSTRUCTION" missed="0" covered="5"/><counter type="LINE" missed="0" covered="1"/><counter type="COMPLEXITY" missed="0" covered="1"/><counter type="METHOD" missed="0" covered="1"/></method><method name="reference" desc="(Ljava/lang/String;)Lorg/dynamoframework/domain/model/impl/EntityModelImpl$EntityModelImplBuilder;" line="45"><counter type="INSTRUCTION" missed="0" covered="5"/><counter type="LINE" missed="0" covered="1"/><counter type="COMPLEXITY" missed="0" covered="1"/><counter type="METHOD" missed="0" covered="1"/></method><method name="searchOrderSet" desc="(Z)Lorg/dynamoframework/domain/model/impl/EntityModelImpl$EntityModelImplBuilder;" line="45"><counter type="INSTRUCTION" missed="5" covered="0"/><counter type="LINE" missed="1" covered="0"/><counter type="COMPLEXITY" missed="1" covered="0"/><counter type="METHOD" missed="1" covered="0"/></method><method name="listAllowed" desc="(Z)Lorg/dynamoframework/domain/model/impl/EntityModelImpl$EntityModelImplBuilder;" line="45"><counter type="INSTRUCTION" missed="0" covered="5"/><counter type="LINE" missed="0" covered="1"/><counter type="COMPLEXITY" missed="0" covered="1"/><counter type="METHOD" missed="0" covered="1"/></method><method name="exportAllowed" desc="(Z)Lorg/dynamoframework/domain/model/impl/EntityModelImpl$EntityModelImplBuilder;" line="45"><counter type="INSTRUCTION" missed="0" covered="5"/><counter type="LINE" missed="0" covered="1"/><counter type="COMPLEXITY" missed="0" covered="1"/><counter type="METHOD" missed="0" covered="1"/></method><method name="updateAllowed" desc="(Z)Lorg/dynamoframework/domain/model/impl/EntityModelImpl$EntityModelImplBuilder;" line="45"><counter type="INSTRUCTION" missed="0" covered="5"/><counter type="LINE" missed="0" covered="1"/><counter type="COMPLEXITY" missed="0" covered="1"/><counter type="METHOD" missed="0" covered="1"/></method><method name="deleteAllowed" desc="(Z)Lorg/dynamoframework/domain/model/impl/EntityModelImpl$EntityModelImplBuilder;" line="45"><counter type="INSTRUCTION" missed="0" covered="5"/><counter type="LINE" missed="0" covered="1"/><counter type="COMPLEXITY" missed="0" covered="1"/><counter type="METHOD" missed="0" covered="1"/></method><method name="createAllowed" desc="(Z)Lorg/dynamoframework/domain/model/impl/EntityModelImpl$EntityModelImplBuilder;" line="45"><counter type="INSTRUCTION" missed="0" covered="5"/><counter type="LINE" missed="0" covered="1"/><counter type="COMPLEXITY" missed="0" covered="1"/><counter type="METHOD" missed="0" covered="1"/></method><method name="searchAllowed" desc="(Z)Lorg/dynamoframework/domain/model/impl/EntityModelImpl$EntityModelImplBuilder;" line="45"><counter type="INSTRUCTION" missed="0" covered="5"/><counter type="LINE" missed="0" covered="1"/><counter type="COMPLEXITY" missed="0" covered="1"/><counter type="METHOD" missed="0" covered="1"/></method><method name="fileUploadEntityName" desc="(Ljava/lang/String;)Lorg/dynamoframework/domain/model/impl/EntityModelImpl$EntityModelImplBuilder;" line="45"><counter type="INSTRUCTION" missed="5" covered="0"/><counter type="LINE" missed="1" covered="0"/><counter type="COMPLEXITY" missed="1" covered="0"/><counter type="METHOD" missed="1" covered="0"/></method><method name="fileUploadAttributeName" desc="(Ljava/lang/String;)Lorg/dynamoframework/domain/model/impl/EntityModelImpl$EntityModelImplBuilder;" line="45"><counter type="INSTRUCTION" missed="5" covered="0"/><counter type="LINE" missed="1" covered="0"/><counter type="COMPLEXITY" missed="1" covered="0"/><counter type="METHOD" missed="1" covered="0"/></method><method name="fileUploadEntityIdPath" desc="(Ljava/lang/String;)Lorg/dynamoframework/domain/model/impl/EntityModelImpl$EntityModelImplBuilder;" line="45"><counter type="INSTRUCTION" missed="5" covered="0"/><counter type="LINE" missed="1" covered="0"/><counter type="COMPLEXITY" missed="1" covered="0"/><counter type="METHOD" missed="1" covered="0"/></method><method name="fetchJoins" desc="(Ljava/util/List;)Lorg/dynamoframework/domain/model/impl/EntityModelImpl$EntityModelImplBuilder;" line="45"><counter type="INSTRUCTION" missed="5" covered="0"/><counter type="LINE" missed="1" covered="0"/><counter type="COMPLEXITY" missed="1" covered="0"/><counter type="METHOD" missed="1" covered="0"/></method><method name="detailJoins" desc="(Ljava/util/List;)Lorg/dynamoframework/domain/model/impl/EntityModelImpl$EntityModelImplBuilder;" line="45"><counter type="INSTRUCTION" missed="5" covered="0"/><counter type="LINE" missed="1" covered="0"/><counter type="COMPLEXITY" missed="1" covered="0"/><counter type="METHOD" missed="1" covered="0"/></method><method name="maxSearchResults" desc="(I)Lorg/dynamoframework/domain/model/impl/EntityModelImpl$EntityModelImplBuilder;" line="45"><counter type="INSTRUCTION" missed="0" covered="5"/><counter type="LINE" missed="0" covered="1"/><counter type="COMPLEXITY" missed="0" covered="1"/><counter type="METHOD" missed="0" covered="1"/></method><method name="entityModelActions" desc="(Ljava/util/List;)Lorg/dynamoframework/domain/model/impl/EntityModelImpl$EntityModelImplBuilder;" line="45"><counter type="INSTRUCTION" missed="5" covered="0"/><counter type="LINE" missed="1" covered="0"/><counter type="COMPLEXITY" missed="1" covered="0"/><counter type="METHOD" missed="1" covered="0"/></method><method name="sortOrder" desc="(Ljava/util/Map;)Lorg/dynamoframework/domain/model/impl/EntityModelImpl$EntityModelImplBuilder;" line="45"><counter type="INSTRUCTION" missed="8" covered="0"/><counter type="LINE" missed="1" covered="0"/><counter type="COMPLEXITY" missed="1" covered="0"/><counter type="METHOD" missed="1" covered="0"/></method><method name="readRoles" desc="(Ljava/util/List;)Lorg/dynamoframework/domain/model/impl/EntityModelImpl$EntityModelImplBuilder;" line="45"><counter type="INSTRUCTION" missed="0" covered="8"/><counter type="LINE" missed="0" covered="1"/><counter type="COMPLEXITY" missed="0" covered="1"/><counter type="METHOD" missed="0" covered="1"/></method><method name="writeRoles" desc="(Ljava/util/List;)Lorg/dynamoframework/domain/model/impl/EntityModelImpl$EntityModelImplBuilder;" line="45"><counter type="INSTRUCTION" missed="0" covered="8"/><counter type="LINE" missed="0" covered="1"/><counter type="COMPLEXITY" missed="0" covered="1"/><counter type="METHOD" missed="0" covered="1"/></method><method name="deleteRoles" desc="(Ljava/util/List;)Lorg/dynamoframework/domain/model/impl/EntityModelImpl$EntityModelImplBuilder;" line="45"><counter type="INSTRUCTION" missed="0" covered="8"/><counter type="LINE" missed="0" covered="1"/><counter type="COMPLEXITY" missed="0" covered="1"/><counter type="METHOD" missed="0" covered="1"/></method><method name="build" desc="()Lorg/dynamoframework/domain/model/impl/EntityModelImpl;" line="45"><counter type="INSTRUCTION" missed="0" covered="122"/><counter type="BRANCH" missed="5" covered="11"/><counter type="LINE" missed="0" covered="1"/><counter type="COMPLEXITY" missed="5" covered="4"/><counter type="METHOD" missed="0" covered="1"/></method><method name="toString" desc="()Ljava/lang/String;" line="45"><counter type="INSTRUCTION" missed="76" covered="0"/><counter type="LINE" missed="1" covered="0"/><counter type="COMPLEXITY" missed="1" covered="0"/><counter type="METHOD" missed="1" covered="0"/></method><counter type="INSTRUCTION" missed="156" covered="224"/><counter type="BRANCH" missed="5" covered="11"/><counter type="LINE" missed="0" covered="1"/><counter type="COMPLEXITY" missed="19" covered="23"/><counter type="METHOD" missed="14" covered="20"/><counter type="CLASS" missed="0" covered="1"/></class><class name="org/dynamoframework/domain/model/impl/AttributeModelImpl" sourcefilename="AttributeModelImpl.java"><method name="&lt;init&gt;" desc="(Lorg/dynamoframework/configuration/DynamoProperties;)V" line="48"><counter type="INSTRUCTION" missed="0" covered="61"/><counter type="LINE" missed="0" covered="14"/><counter type="COMPLEXITY" missed="0" covered="1"/><counter type="METHOD" missed="0" covered="1"/></method><method name="addCascade" desc="(Ljava/lang/String;Ljava/lang/String;Lorg/dynamoframework/domain/model/CascadeMode;)V" line="221"><counter type="INSTRUCTION" missed="0" covered="13"/><counter type="LINE" missed="0" covered="3"/><counter type="COMPLEXITY" missed="0" covered="1"/><counter type="METHOD" missed="0" covered="1"/></method><method name="addGroupTogetherWith" desc="(Ljava/lang/String;)V" line="227"><counter type="INSTRUCTION" missed="0" covered="6"/><counter type="LINE" missed="0" covered="2"/><counter type="COMPLEXITY" missed="0" covered="1"/><counter type="METHOD" missed="0" covered="1"/></method><method name="compareTo" desc="(Lorg/dynamoframework/domain/model/AttributeModel;)I" line="232"><counter type="INSTRUCTION" missed="8" covered="0"/><counter type="LINE" missed="1" covered="0"/><counter type="COMPLEXITY" missed="1" covered="0"/><counter type="METHOD" missed="1" covered="0"/></method><method name="getActualSearchPath" desc="()Ljava/lang/String;" line="237"><counter type="INSTRUCTION" missed="3" covered="6"/><counter type="BRANCH" missed="1" covered="1"/><counter type="LINE" missed="0" covered="1"/><counter type="COMPLEXITY" missed="1" covered="1"/><counter type="METHOD" missed="0" covered="1"/></method><method name="getActualSortPath" desc="()Ljava/lang/String;" line="242"><counter type="INSTRUCTION" missed="3" covered="6"/><counter type="BRANCH" missed="1" covered="1"/><counter type="LINE" missed="0" covered="1"/><counter type="COMPLEXITY" missed="1" covered="1"/><counter type="METHOD" missed="0" covered="1"/></method><method name="getCascadeAttributes" desc="()Ljava/util/Set;" line="247"><counter type="INSTRUCTION" missed="0" covered="4"/><counter type="LINE" missed="0" covered="1"/><counter type="COMPLEXITY" missed="0" covered="1"/><counter type="METHOD" missed="0" covered="1"/></method><method name="getCascadeFilterPath" desc="(Ljava/lang/String;)Ljava/lang/String;" line="252"><counter type="INSTRUCTION" missed="0" covered="6"/><counter type="LINE" missed="0" covered="1"/><counter type="COMPLEXITY" missed="0" covered="1"/><counter type="METHOD" missed="0" covered="1"/></method><method name="getCascadeMode" desc="(Ljava/lang/String;)Lorg/dynamoframework/domain/model/CascadeMode;" line="257"><counter type="INSTRUCTION" missed="0" covered="6"/><counter type="LINE" missed="0" covered="1"/><counter type="COMPLEXITY" missed="0" covered="1"/><counter type="METHOD" missed="0" covered="1"/></method><method name="getCustomSetting" desc="(Ljava/lang/String;)Ljava/lang/Object;" line="262"><counter type="INSTRUCTION" missed="0" covered="5"/><counter type="LINE" missed="0" covered="1"/><counter type="COMPLEXITY" missed="0" covered="1"/><counter type="METHOD" missed="0" covered="1"/></method><method name="getDescription" desc="(Ljava/util/Locale;)Ljava/lang/String;" line="269"><counter type="INSTRUCTION" missed="0" covered="17"/><counter type="LINE" missed="0" covered="2"/><counter type="COMPLEXITY" missed="0" covered="1"/><counter type="METHOD" missed="0" covered="1"/></method><method name="getDisplayFormat" desc="(Ljava/util/Locale;)Ljava/lang/String;" line="275"><counter type="INSTRUCTION" missed="0" covered="10"/><counter type="LINE" missed="0" covered="1"/><counter type="COMPLEXITY" missed="0" covered="1"/><counter type="METHOD" missed="0" covered="1"/></method><method name="getDisplayName" desc="(Ljava/util/Locale;)Ljava/lang/String;" line="280"><counter type="INSTRUCTION" missed="0" covered="10"/><counter type="LINE" missed="0" covered="1"/><counter type="COMPLEXITY" missed="0" covered="1"/><counter type="METHOD" missed="0" covered="1"/></method><method name="getFalseRepresentation" desc="(Ljava/util/Locale;)Ljava/lang/String;" line="285"><counter type="INSTRUCTION" missed="0" covered="17"/><counter type="LINE" missed="0" covered="2"/><counter type="COMPLEXITY" missed="0" covered="1"/><counter type="METHOD" missed="0" covered="1"/></method><method name="getGroupTogetherWith" desc="()Ljava/util/List;" line="291"><counter type="INSTRUCTION" missed="0" covered="4"/><counter type="LINE" missed="0" covered="1"/><counter type="COMPLEXITY" missed="0" covered="1"/><counter type="METHOD" missed="0" covered="1"/></method><method name="getNormalizedType" desc="()Ljava/lang/Class;" line="296"><counter type="INSTRUCTION" missed="3" covered="6"/><counter type="BRANCH" missed="1" covered="1"/><counter type="LINE" missed="0" covered="1"/><counter type="COMPLEXITY" missed="1" covered="1"/><counter type="METHOD" missed="0" covered="1"/></method><method name="getPath" desc="()Ljava/lang/String;" line="301"><counter type="INSTRUCTION" missed="0" covered="22"/><counter type="BRANCH" missed="0" covered="2"/><counter type="LINE" missed="0" covered="5"/><counter type="COMPLEXITY" missed="0" covered="2"/><counter type="METHOD" missed="0" covered="1"/></method><method name="getPrompt" desc="(Ljava/util/Locale;)Ljava/lang/String;" line="313"><counter type="INSTRUCTION" missed="2" covered="22"/><counter type="BRANCH" missed="1" covered="1"/><counter type="LINE" missed="1" covered="3"/><counter type="COMPLEXITY" missed="1" covered="1"/><counter type="METHOD" missed="0" covered="1"/></method><method name="getTrueRepresentation" desc="(Ljava/util/Locale;)Ljava/lang/String;" line="324"><counter type="INSTRUCTION" missed="0" covered="17"/><counter type="LINE" missed="0" covered="2"/><counter type="COMPLEXITY" missed="0" covered="1"/><counter type="METHOD" missed="0" covered="1"/></method><method name="isBoolean" desc="()Z" line="330"><counter type="INSTRUCTION" missed="14" covered="0"/><counter type="BRANCH" missed="4" covered="0"/><counter type="LINE" missed="1" covered="0"/><counter type="COMPLEXITY" missed="3" covered="0"/><counter type="METHOD" missed="1" covered="0"/></method><method name="isEmbedded" desc="()Z" line="335"><counter type="INSTRUCTION" missed="0" covered="5"/><counter type="LINE" missed="0" covered="1"/><counter type="COMPLEXITY" missed="0" covered="1"/><counter type="METHOD" missed="0" covered="1"/></method><method name="isNumerical" desc="()Z" line="340"><counter type="INSTRUCTION" missed="0" covered="4"/><counter type="LINE" missed="0" covered="1"/><counter type="COMPLEXITY" missed="0" covered="1"/><counter type="METHOD" missed="0" covered="1"/></method><method name="isIntegral" desc="()Z" line="345"><counter type="INSTRUCTION" missed="12" covered="0"/><counter type="BRANCH" missed="4" covered="0"/><counter type="LINE" missed="1" covered="0"/><counter type="COMPLEXITY" missed="3" covered="0"/><counter type="METHOD" missed="1" covered="0"/></method><method name="isSearchable" desc="()Z" line="349"><counter type="INSTRUCTION" missed="0" covered="14"/><counter type="BRANCH" missed="0" covered="4"/><counter type="LINE" missed="0" covered="1"/><counter type="COMPLEXITY" missed="0" covered="3"/><counter type="METHOD" missed="0" covered="1"/></method><method name="lookup" desc="(Ljava/util/Map;Ljava/util/Locale;Ljava/lang/String;Ljava/lang/String;Ljava/lang/String;)Ljava/lang/String;" line="364"><counter type="INSTRUCTION" missed="0" covered="49"/><counter type="BRANCH" missed="0" covered="4"/><counter type="LINE" missed="0" covered="9"/><counter type="COMPLEXITY" missed="0" covered="3"/><counter type="METHOD" missed="0" covered="1"/></method><method name="lookupNoDefault" desc="(Ljava/util/Map;Ljava/util/Locale;Ljava/lang/String;)Ljava/lang/String;" line="388"><counter type="INSTRUCTION" missed="18" covered="25"/><counter type="BRANCH" missed="0" covered="2"/><counter type="LINE" missed="3" covered="5"/><counter type="COMPLEXITY" missed="0" covered="2"/><counter type="METHOD" missed="0" covered="1"/></method><method name="removeCascades" desc="()V" line="404"><counter type="INSTRUCTION" missed="4" covered="0"/><counter type="LINE" missed="2" covered="0"/><counter type="COMPLEXITY" missed="1" covered="0"/><counter type="METHOD" missed="1" covered="0"/></method><method name="setCustomSetting" desc="(Ljava/lang/String;Ljava/lang/Object;)V" line="409"><counter type="INSTRUCTION" missed="0" covered="7"/><counter type="LINE" missed="0" covered="2"/><counter type="COMPLEXITY" missed="0" covered="1"/><counter type="METHOD" missed="0" covered="1"/></method><method name="hasSetterMethod" desc="()Z" line="414"><counter type="INSTRUCTION" missed="3" covered="0"/><counter type="LINE" missed="1" covered="0"/><counter type="COMPLEXITY" missed="1" covered="0"/><counter type="METHOD" missed="1" covered="0"/></method><method name="setHasSetterMethod" desc="(Z)V" line="418"><counter type="INSTRUCTION" missed="0" covered="4"/><counter type="LINE" missed="0" covered="2"/><counter type="COMPLEXITY" missed="0" covered="1"/><counter type="METHOD" missed="0" covered="1"/></method><method name="getDynamoProperties" desc="()Lorg/dynamoframework/configuration/DynamoProperties;" line="46"><counter type="INSTRUCTION" missed="3" covered="0"/><counter type="LINE" missed="1" covered="0"/><counter type="COMPLEXITY" missed="1" covered="0"/><counter type="METHOD" missed="1" covered="0"/></method><method name="getAllowedExtensions" desc="()Ljava/util/Set;" line="48"><counter type="INSTRUCTION" missed="0" covered="3"/><counter type="LINE" missed="0" covered="1"/><counter type="COMPLEXITY" missed="0" covered="1"/><counter type="METHOD" missed="0" covered="1"/></method><method name="isAlreadyGrouped" desc="()Z" line="50"><counter type="INSTRUCTION" missed="3" covered="0"/><counter type="LINE" missed="1" covered="0"/><counter type="COMPLEXITY" missed="1" covered="0"/><counter type="METHOD" missed="1" covered="0"/></method><method name="getAttributeType" desc="()Lorg/dynamoframework/domain/model/AttributeType;" line="52"><counter type="INSTRUCTION" missed="0" covered="3"/><counter type="LINE" missed="0" covered="1"/><counter type="COMPLEXITY" missed="0" covered="1"/><counter type="METHOD" missed="0" covered="1"/></method><method name="getAutofillInstructions" desc="()Ljava/lang/String;" line="54"><counter type="INSTRUCTION" missed="0" covered="3"/><counter type="LINE" missed="0" covered="1"/><counter type="COMPLEXITY" missed="0" covered="1"/><counter type="METHOD" missed="0" covered="1"/></method><method name="getBooleanFieldMode" desc="()Lorg/dynamoframework/domain/model/AttributeBooleanFieldMode;" line="56"><counter type="INSTRUCTION" missed="0" covered="3"/><counter type="LINE" missed="0" covered="1"/><counter type="COMPLEXITY" missed="0" covered="1"/><counter type="METHOD" missed="0" covered="1"/></method><method name="getCascadeModes" desc="()Ljava/util/Map;" line="60"><counter type="INSTRUCTION" missed="3" covered="0"/><counter type="LINE" missed="1" covered="0"/><counter type="COMPLEXITY" missed="1" covered="0"/><counter type="METHOD" missed="1" covered="0"/></method><method name="getCollectionTableFieldName" desc="()Ljava/lang/String;" line="62"><counter type="INSTRUCTION" missed="0" covered="3"/><counter type="LINE" missed="0" covered="1"/><counter type="COMPLEXITY" missed="0" covered="1"/><counter type="METHOD" missed="0" covered="1"/></method><method name="getCollectionTableName" desc="()Ljava/lang/String;" line="64"><counter type="INSTRUCTION" missed="0" covered="3"/><counter type="LINE" missed="0" covered="1"/><counter type="COMPLEXITY" missed="0" covered="1"/><counter type="METHOD" missed="0" covered="1"/></method><method name="getCurrencyCode" desc="()Ljava/lang/String;" line="66"><counter type="INSTRUCTION" missed="0" covered="3"/><counter type="LINE" missed="0" covered="1"/><counter type="COMPLEXITY" missed="0" covered="1"/><counter type="METHOD" missed="0" covered="1"/></method><method name="getCustomSettings" desc="()Ljava/util/Map;" line="68"><counter type="INSTRUCTION" missed="3" covered="0"/><counter type="LINE" missed="1" covered="0"/><counter type="COMPLEXITY" missed="1" covered="0"/><counter type="METHOD" missed="1" covered="0"/></method><method name="getDateType" desc="()Lorg/dynamoframework/domain/model/AttributeDateType;" line="70"><counter type="INSTRUCTION" missed="0" covered="3"/><counter type="LINE" missed="0" covered="1"/><counter type="COMPLEXITY" missed="0" covered="1"/><counter type="METHOD" missed="0" covered="1"/></method><method name="getDefaultDescription" desc="()Ljava/lang/String;" line="72"><counter type="INSTRUCTION" missed="3" covered="0"/><counter type="LINE" missed="1" covered="0"/><counter type="COMPLEXITY" missed="1" covered="0"/><counter type="METHOD" missed="1" covered="0"/></method><method name="getDefaultDisplayFormat" desc="()Ljava/lang/String;" line="74"><counter type="INSTRUCTION" missed="3" covered="0"/><counter type="LINE" missed="1" covered="0"/><counter type="COMPLEXITY" missed="1" covered="0"/><counter type="METHOD" missed="1" covered="0"/></method><method name="getDefaultDisplayName" desc="()Ljava/lang/String;" line="76"><counter type="INSTRUCTION" missed="3" covered="0"/><counter type="LINE" missed="1" covered="0"/><counter type="COMPLEXITY" missed="1" covered="0"/><counter type="METHOD" missed="1" covered="0"/></method><method name="getDefaultFalseRepresentation" desc="()Ljava/lang/String;" line="78"><counter type="INSTRUCTION" missed="3" covered="0"/><counter type="LINE" missed="1" covered="0"/><counter type="COMPLEXITY" missed="1" covered="0"/><counter type="METHOD" missed="1" covered="0"/></method><method name="getDefaultPrompt" desc="()Ljava/lang/String;" line="80"><counter type="INSTRUCTION" missed="3" covered="0"/><counter type="LINE" missed="1" covered="0"/><counter type="COMPLEXITY" missed="1" covered="0"/><counter type="METHOD" missed="1" covered="0"/></method><method name="getDefaultTrueRepresentation" desc="()Ljava/lang/String;" line="82"><counter type="INSTRUCTION" missed="3" covered="0"/><counter type="LINE" missed="1" covered="0"/><counter type="COMPLEXITY" missed="1" covered="0"/><counter type="METHOD" missed="1" covered="0"/></method><method name="getDefaultValue" desc="()Ljava/lang/Object;" line="84"><counter type="INSTRUCTION" missed="0" covered="3"/><counter type="LINE" missed="0" covered="1"/><counter type="COMPLEXITY" missed="0" covered="1"/><counter type="METHOD" missed="0" covered="1"/></method><method name="getDefaultSearchValue" desc="()Ljava/lang/Object;" line="86"><counter type="INSTRUCTION" missed="0" covered="3"/><counter type="LINE" missed="0" covered="1"/><counter type="COMPLEXITY" missed="0" covered="1"/><counter type="METHOD" missed="0" covered="1"/></method><method name="getDefaultSearchValueFrom" desc="()Ljava/lang/Object;" line="88"><counter type="INSTRUCTION" missed="0" covered="3"/><counter type="LINE" missed="0" covered="1"/><counter type="COMPLEXITY" missed="0" covered="1"/><counter type="METHOD" missed="0" covered="1"/></method><method name="getDefaultSearchValueTo" desc="()Ljava/lang/Object;" line="90"><counter type="INSTRUCTION" missed="0" covered="3"/><counter type="LINE" missed="0" covered="1"/><counter type="COMPLEXITY" missed="0" covered="1"/><counter type="METHOD" missed="0" covered="1"/></method><method name="getDescriptions" desc="()Ljava/util/Map;" line="92"><counter type="INSTRUCTION" missed="3" covered="0"/><counter type="LINE" missed="1" covered="0"/><counter type="COMPLEXITY" missed="1" covered="0"/><counter type="METHOD" missed="1" covered="0"/></method><method name="getDisplayFormats" desc="()Ljava/util/Map;" line="94"><counter type="INSTRUCTION" missed="3" covered="0"/><counter type="LINE" missed="1" covered="0"/><counter type="COMPLEXITY" missed="1" covered="0"/><counter type="METHOD" missed="1" covered="0"/></method><method name="getDisplayNames" desc="()Ljava/util/Map;" line="96"><counter type="INSTRUCTION" missed="3" covered="0"/><counter type="LINE" missed="1" covered="0"/><counter type="COMPLEXITY" missed="1" covered="0"/><counter type="METHOD" missed="1" covered="0"/></method><method name="isDownloadAllowed" desc="()Z" line="98"><counter type="INSTRUCTION" missed="0" covered="3"/><counter type="LINE" missed="0" covered="1"/><counter type="COMPLEXITY" missed="0" covered="1"/><counter type="METHOD" missed="0" covered="1"/></method><method name="getEditableType" desc="()Lorg/dynamoframework/domain/model/EditableType;" line="100"><counter type="INSTRUCTION" missed="0" covered="3"/><counter type="LINE" missed="0" covered="1"/><counter type="COMPLEXITY" missed="0" covered="1"/><counter type="METHOD" missed="0" covered="1"/></method><method name="getElementCollectionMode" desc="()Lorg/dynamoframework/domain/model/ElementCollectionMode;" line="102"><counter type="INSTRUCTION" missed="3" covered="0"/><counter type="LINE" missed="1" covered="0"/><counter type="COMPLEXITY" missed="1" covered="0"/><counter type="METHOD" missed="1" covered="0"/></method><method name="isEmail" desc="()Z" line="104"><counter type="INSTRUCTION" missed="0" covered="3"/><counter type="LINE" missed="0" covered="1"/><counter type="COMPLEXITY" missed="0" covered="1"/><counter type="METHOD" missed="0" covered="1"/></method><method name="getEnumFieldMode" desc="()Lorg/dynamoframework/domain/model/AttributeEnumFieldMode;" line="106"><counter type="INSTRUCTION" missed="3" covered="0"/><counter type="LINE" missed="1" covered="0"/><counter type="COMPLEXITY" missed="1" covered="0"/><counter type="METHOD" missed="1" covered="0"/></method><method name="getEntityModel" desc="()Lorg/dynamoframework/domain/model/EntityModel;" line="109"><counter type="INSTRUCTION" missed="0" covered="3"/><counter type="LINE" missed="0" covered="1"/><counter type="COMPLEXITY" missed="0" covered="1"/><counter type="METHOD" missed="0" covered="1"/></method><method name="getFalseRepresentations" desc="()Ljava/util/Map;" line="111"><counter type="INSTRUCTION" missed="3" covered="0"/><counter type="LINE" missed="1" covered="0"/><counter type="COMPLEXITY" missed="1" covered="0"/><counter type="METHOD" missed="1" covered="0"/></method><method name="getFileNameProperty" desc="()Ljava/lang/String;" line="113"><counter type="INSTRUCTION" missed="3" covered="0"/><counter type="LINE" missed="1" covered="0"/><counter type="COMPLEXITY" missed="1" covered="0"/><counter type="METHOD" missed="1" covered="0"/></method><method name="getGridOrder" desc="()Ljava/lang/Integer;" line="115"><counter type="INSTRUCTION" missed="0" covered="3"/><counter type="LINE" missed="0" covered="1"/><counter type="COMPLEXITY" missed="0" covered="1"/><counter type="METHOD" missed="0" covered="1"/></method><method name="isIgnoreInSearchFilter" desc="()Z" line="119"><counter type="INSTRUCTION" missed="3" covered="0"/><counter type="LINE" missed="1" covered="0"/><counter type="COMPLEXITY" missed="1" covered="0"/><counter type="METHOD" missed="1" covered="0"/></method><method name="isImage" desc="()Z" line="121"><counter type="INSTRUCTION" missed="0" covered="3"/><counter type="LINE" missed="0" covered="1"/><counter type="COMPLEXITY" missed="0" covered="1"/><counter type="METHOD" missed="0" covered="1"/></method><method name="getLookupEntityReference" desc="()Ljava/lang/String;" line="123"><counter type="INSTRUCTION" missed="0" covered="3"/><counter type="LINE" missed="0" covered="1"/><counter type="COMPLEXITY" missed="0" covered="1"/><counter type="METHOD" missed="0" covered="1"/></method><method name="getLookupQueryType" desc="()Lorg/dynamoframework/domain/model/QueryType;" line="125"><counter type="INSTRUCTION" missed="3" covered="0"/><counter type="LINE" missed="1" covered="0"/><counter type="COMPLEXITY" missed="1" covered="0"/><counter type="METHOD" missed="1" covered="0"/></method><method name="getMaxCollectionSize" desc="()Ljava/lang/Integer;" line="127"><counter type="INSTRUCTION" missed="3" covered="0"/><counter type="LINE" missed="1" covered="0"/><counter type="COMPLEXITY" missed="1" covered="0"/><counter type="METHOD" missed="1" covered="0"/></method><method name="getMaxLength" desc="()Ljava/lang/Integer;" line="129"><counter type="INSTRUCTION" missed="0" covered="3"/><counter type="LINE" missed="0" covered="1"/><counter type="COMPLEXITY" missed="0" covered="1"/><counter type="METHOD" missed="0" covered="1"/></method><method name="getMaxLengthInGrid" desc="()Ljava/lang/Integer;" line="131"><counter type="INSTRUCTION" missed="3" covered="0"/><counter type="LINE" missed="1" covered="0"/><counter type="COMPLEXITY" missed="1" covered="0"/><counter type="METHOD" missed="1" covered="0"/></method><method name="getMaxValue" desc="()Ljava/math/BigDecimal;" line="133"><counter type="INSTRUCTION" missed="0" covered="3"/><counter type="LINE" missed="0" covered="1"/><counter type="COMPLEXITY" missed="0" covered="1"/><counter type="METHOD" missed="0" covered="1"/></method><method name="getMemberType" desc="()Ljava/lang/Class;" line="135"><counter type="INSTRUCTION" missed="0" covered="3"/><counter type="LINE" missed="0" covered="1"/><counter type="COMPLEXITY" missed="0" covered="1"/><counter type="METHOD" missed="0" covered="1"/></method><method name="getMinCollectionSize" desc="()Ljava/lang/Integer;" line="137"><counter type="INSTRUCTION" missed="3" covered="0"/><counter type="LINE" missed="1" covered="0"/><counter type="COMPLEXITY" missed="1" covered="0"/><counter type="METHOD" missed="1" covered="0"/></method><method name="getMinLength" desc="()Ljava/lang/Integer;" line="139"><counter type="INSTRUCTION" missed="3" covered="0"/><counter type="LINE" missed="1" covered="0"/><counter type="COMPLEXITY" missed="1" covered="0"/><counter type="METHOD" missed="1" covered="0"/></method><method name="getMinValue" desc="()Ljava/math/BigDecimal;" line="141"><counter type="INSTRUCTION" missed="0" covered="3"/><counter type="LINE" missed="0" covered="1"/><counter type="COMPLEXITY" missed="0" covered="1"/><counter type="METHOD" missed="0" covered="1"/></method><method name="isMultipleSearch" desc="()Z" line="143"><counter type="INSTRUCTION" missed="0" covered="3"/><counter type="LINE" missed="0" covered="1"/><counter type="COMPLEXITY" missed="0" covered="1"/><counter type="METHOD" missed="0" covered="1"/></method><method name="getName" desc="()Ljava/lang/String;" line="145"><counter type="INSTRUCTION" missed="0" covered="3"/><counter type="LINE" missed="0" covered="1"/><counter type="COMPLEXITY" missed="0" covered="1"/><counter type="METHOD" missed="0" covered="1"/></method><method name="isNeededInData" desc="()Z" line="147"><counter type="INSTRUCTION" missed="3" covered="0"/><counter type="LINE" missed="1" covered="0"/><counter type="COMPLEXITY" missed="1" covered="0"/><counter type="METHOD" missed="1" covered="0"/></method><method name="isNavigable" desc="()Z" line="149"><counter type="INSTRUCTION" missed="0" covered="3"/><counter type="LINE" missed="0" covered="1"/><counter type="COMPLEXITY" missed="0" covered="1"/><counter type="METHOD" missed="0" covered="1"/></method><method name="getNavigationLink" desc="()Ljava/lang/String;" line="151"><counter type="INSTRUCTION" missed="0" covered="3"/><counter type="LINE" missed="0" covered="1"/><counter type="COMPLEXITY" missed="0" covered="1"/><counter type="METHOD" missed="0" covered="1"/></method><method name="isNestedDetails" desc="()Z" line="153"><counter type="INSTRUCTION" missed="3" covered="0"/><counter type="LINE" missed="1" covered="0"/><counter type="COMPLEXITY" missed="1" covered="0"/><counter type="METHOD" missed="1" covered="0"/></method><method name="getNestedEntityModel" desc="()Lorg/dynamoframework/domain/model/EntityModel;" line="155"><counter type="INSTRUCTION" missed="0" covered="3"/><counter type="LINE" missed="0" covered="1"/><counter type="COMPLEXITY" missed="0" covered="1"/><counter type="METHOD" missed="0" covered="1"/></method><method name="getNumberFieldMode" desc="()Lorg/dynamoframework/domain/model/NumberFieldMode;" line="157"><counter type="INSTRUCTION" missed="0" covered="3"/><counter type="LINE" missed="0" covered="1"/><counter type="COMPLEXITY" missed="0" covered="1"/><counter type="METHOD" missed="0" covered="1"/></method><method name="getNumberFieldStep" desc="()Ljava/lang/Integer;" line="159"><counter type="INSTRUCTION" missed="0" covered="3"/><counter type="LINE" missed="0" covered="1"/><counter type="COMPLEXITY" missed="0" covered="1"/><counter type="METHOD" missed="0" covered="1"/></method><method name="getOrder" desc="()Ljava/lang/Integer;" line="161"><counter type="INSTRUCTION" missed="0" covered="3"/><counter type="LINE" missed="0" covered="1"/><counter type="COMPLEXITY" missed="0" covered="1"/><counter type="METHOD" missed="0" covered="1"/></method><method name="isPercentage" desc="()Z" line="163"><counter type="INSTRUCTION" missed="0" covered="3"/><counter type="LINE" missed="0" covered="1"/><counter type="COMPLEXITY" missed="0" covered="1"/><counter type="METHOD" missed="0" covered="1"/></method><method name="getPrecision" desc="()I" line="165"><counter type="INSTRUCTION" missed="0" covered="3"/><counter type="LINE" missed="0" covered="1"/><counter type="COMPLEXITY" missed="0" covered="1"/><counter type="METHOD" missed="0" covered="1"/></method><method name="getPrompts" desc="()Ljava/util/Map;" line="167"><counter type="INSTRUCTION" missed="3" covered="0"/><counter type="LINE" missed="1" covered="0"/><counter type="COMPLEXITY" missed="1" covered="0"/><counter type="METHOD" missed="1" covered="0"/></method><method name="isQuickAddAllowed" desc="()Z" line="169"><counter type="INSTRUCTION" missed="3" covered="0"/><counter type="LINE" missed="1" covered="0"/><counter type="COMPLEXITY" missed="1" covered="0"/><counter type="METHOD" missed="1" covered="0"/></method><method name="getReplacementSearchPath" desc="()Ljava/lang/String;" line="171"><counter type="INSTRUCTION" missed="0" covered="3"/><counter type="LINE" missed="0" covered="1"/><counter type="COMPLEXITY" missed="0" covered="1"/><counter type="METHOD" missed="0" covered="1"/></method><method name="getReplacementSortPath" desc="()Ljava/lang/String;" line="173"><counter type="INSTRUCTION" missed="3" covered="0"/><counter type="LINE" missed="1" covered="0"/><counter type="COMPLEXITY" missed="1" covered="0"/><counter type="METHOD" missed="1" covered="0"/></method><method name="isRequired" desc="()Z" line="175"><counter type="INSTRUCTION" missed="0" covered="3"/><counter type="LINE" missed="0" covered="1"/><counter type="COMPLEXITY" missed="0" covered="1"/><counter type="METHOD" missed="0" covered="1"/></method><method name="isRequiredForSearching" desc="()Z" line="177"><counter type="INSTRUCTION" missed="0" covered="3"/><counter type="LINE" missed="0" covered="1"/><counter type="COMPLEXITY" missed="0" covered="1"/><counter type="METHOD" missed="0" covered="1"/></method><method name="isSearchCaseSensitive" desc="()Z" line="179"><counter type="INSTRUCTION" missed="0" covered="3"/><counter type="LINE" missed="0" covered="1"/><counter type="COMPLEXITY" missed="0" covered="1"/><counter type="METHOD" missed="0" covered="1"/></method><method name="isSearchDateOnly" desc="()Z" line="181"><counter type="INSTRUCTION" missed="0" covered="3"/><counter type="LINE" missed="0" covered="1"/><counter type="COMPLEXITY" missed="0" covered="1"/><counter type="METHOD" missed="0" covered="1"/></method><method name="isSearchForExactValue" desc="()Z" line="183"><counter type="INSTRUCTION" missed="3" covered="0"/><counter type="LINE" missed="1" covered="0"/><counter type="COMPLEXITY" missed="1" covered="0"/><counter type="METHOD" missed="1" covered="0"/></method><method name="getSearchMode" desc="()Lorg/dynamoframework/domain/model/annotation/SearchMode;" line="185"><counter type="INSTRUCTION" missed="0" covered="3"/><counter type="LINE" missed="0" covered="1"/><counter type="COMPLEXITY" missed="0" covered="1"/><counter type="METHOD" missed="0" covered="1"/></method><method name="getSearchOrder" desc="()Ljava/lang/Integer;" line="187"><counter type="INSTRUCTION" missed="0" covered="3"/><counter type="LINE" missed="0" covered="1"/><counter type="COMPLEXITY" missed="0" covered="1"/><counter type="METHOD" missed="0" covered="1"/></method><method name="isSearchPrefixOnly" desc="()Z" line="189"><counter type="INSTRUCTION" missed="0" covered="3"/><counter type="LINE" missed="0" covered="1"/><counter type="COMPLEXITY" missed="0" covered="1"/><counter type="METHOD" missed="0" covered="1"/></method><method name="getSearchSelectMode" desc="()Lorg/dynamoframework/domain/model/AttributeSelectMode;" line="191"><counter type="INSTRUCTION" missed="0" covered="3"/><counter type="LINE" missed="0" covered="1"/><counter type="COMPLEXITY" missed="0" covered="1"/><counter type="METHOD" missed="0" covered="1"/></method><method name="getSelectMode" desc="()Lorg/dynamoframework/domain/model/AttributeSelectMode;" line="193"><counter type="INSTRUCTION" missed="0" covered="3"/><counter type="LINE" missed="0" covered="1"/><counter type="COMPLEXITY" missed="0" covered="1"/><counter type="METHOD" missed="0" covered="1"/></method><method name="isShowPassword" desc="()Z" line="195"><counter type="INSTRUCTION" missed="3" covered="0"/><counter type="LINE" missed="1" covered="0"/><counter type="COMPLEXITY" missed="1" covered="0"/><counter type="METHOD" missed="1" covered="0"/></method><method name="isSortable" desc="()Z" line="197"><counter type="INSTRUCTION" missed="0" covered="3"/><counter type="LINE" missed="0" covered="1"/><counter type="COMPLEXITY" missed="0" covered="1"/><counter type="METHOD" missed="0" covered="1"/></method><method name="getTextFieldMode" desc="()Lorg/dynamoframework/domain/model/AttributeTextFieldMode;" line="199"><counter type="INSTRUCTION" missed="0" covered="3"/><counter type="LINE" missed="0" covered="1"/><counter type="COMPLEXITY" missed="0" covered="1"/><counter type="METHOD" missed="0" covered="1"/></method><method name="isTrimSpaces" desc="()Z" line="201"><counter type="INSTRUCTION" missed="0" covered="3"/><counter type="LINE" missed="0" covered="1"/><counter type="COMPLEXITY" missed="0" covered="1"/><counter type="METHOD" missed="0" covered="1"/></method><method name="getTrueRepresentations" desc="()Ljava/util/Map;" line="203"><counter type="INSTRUCTION" missed="3" covered="0"/><counter type="LINE" missed="1" covered="0"/><counter type="COMPLEXITY" missed="1" covered="0"/><counter type="METHOD" missed="1" covered="0"/></method><method name="getType" desc="()Ljava/lang/Class;" line="205"><counter type="INSTRUCTION" missed="0" covered="3"/><counter type="LINE" missed="0" covered="1"/><counter type="COMPLEXITY" missed="0" covered="1"/><counter type="METHOD" missed="0" covered="1"/></method><method name="isUrl" desc="()Z" line="207"><counter type="INSTRUCTION" missed="0" covered="3"/><counter type="LINE" missed="0" covered="1"/><counter type="COMPLEXITY" missed="0" covered="1"/><counter type="METHOD" missed="0" covered="1"/></method><method name="isVisibleInForm" desc="()Z" line="209"><counter type="INSTRUCTION" missed="0" covered="3"/><counter type="LINE" missed="0" covered="1"/><counter type="COMPLEXITY" missed="0" covered="1"/><counter type="METHOD" missed="0" covered="1"/></method><method name="isVisibleInGrid" desc="()Z" line="211"><counter type="INSTRUCTION" missed="0" covered="3"/><counter type="LINE" missed="0" covered="1"/><counter type="COMPLEXITY" missed="0" covered="1"/><counter type="METHOD" missed="0" covered="1"/></method><method name="isSetterMethod" desc="()Z" line="213"><counter type="INSTRUCTION" missed="3" covered="0"/><counter type="LINE" missed="1" covered="0"/><counter type="COMPLEXITY" missed="1" covered="0"/><counter type="METHOD" missed="1" covered="0"/></method><method name="setAllowedExtensions" desc="(Ljava/util/Set;)V" line="41"><counter type="INSTRUCTION" missed="0" covered="4"/><counter type="LINE" missed="0" covered="1"/><counter type="COMPLEXITY" missed="0" covered="1"/><counter type="METHOD" missed="0" covered="1"/></method><method name="setAlreadyGrouped" desc="(Z)V" line="41"><counter type="INSTRUCTION" missed="0" covered="4"/><counter type="LINE" missed="0" covered="1"/><counter type="COMPLEXITY" missed="0" covered="1"/><counter type="METHOD" missed="0" covered="1"/></method><method name="setAttributeType" desc="(Lorg/dynamoframework/domain/model/AttributeType;)V" line="41"><counter type="INSTRUCTION" missed="0" covered="4"/><counter type="LINE" missed="0" covered="1"/><counter type="COMPLEXITY" missed="0" covered="1"/><counter type="METHOD" missed="0" covered="1"/></method><method name="setAutofillInstructions" desc="(Ljava/lang/String;)V" line="41"><counter type="INSTRUCTION" missed="0" covered="4"/><counter type="LINE" missed="0" covered="1"/><counter type="COMPLEXITY" missed="0" covered="1"/><counter type="METHOD" missed="0" covered="1"/></method><method name="setBooleanFieldMode" desc="(Lorg/dynamoframework/domain/model/AttributeBooleanFieldMode;)V" line="41"><counter type="INSTRUCTION" missed="0" covered="4"/><counter type="LINE" missed="0" covered="1"/><counter type="COMPLEXITY" missed="0" covered="1"/><counter type="METHOD" missed="0" covered="1"/></method><method name="setCascadeModes" desc="(Ljava/util/Map;)V" line="41"><counter type="INSTRUCTION" missed="4" covered="0"/><counter type="LINE" missed="1" covered="0"/><counter type="COMPLEXITY" missed="1" covered="0"/><counter type="METHOD" missed="1" covered="0"/></method><method name="setCollectionTableFieldName" desc="(Ljava/lang/String;)V" line="41"><counter type="INSTRUCTION" missed="0" covered="4"/><counter type="LINE" missed="0" covered="1"/><counter type="COMPLEXITY" missed="0" covered="1"/><counter type="METHOD" missed="0" covered="1"/></method><method name="setCollectionTableName" desc="(Ljava/lang/String;)V" line="41"><counter type="INSTRUCTION" missed="0" covered="4"/><counter type="LINE" missed="0" covered="1"/><counter type="COMPLEXITY" missed="0" covered="1"/><counter type="METHOD" missed="0" covered="1"/></method><method name="setCurrencyCode" desc="(Ljava/lang/String;)V" line="41"><counter type="INSTRUCTION" missed="0" covered="4"/><counter type="LINE" missed="0" covered="1"/><counter type="COMPLEXITY" missed="0" covered="1"/><counter type="METHOD" missed="0" covered="1"/></method><method name="setCustomSettings" desc="(Ljava/util/Map;)V" line="41"><counter type="INSTRUCTION" missed="4" covered="0"/><counter type="LINE" missed="1" covered="0"/><counter type="COMPLEXITY" missed="1" covered="0"/><counter type="METHOD" missed="1" covered="0"/></method><method name="setDateType" desc="(Lorg/dynamoframework/domain/model/AttributeDateType;)V" line="41"><counter type="INSTRUCTION" missed="0" covered="4"/><counter type="LINE" missed="0" covered="1"/><counter type="COMPLEXITY" missed="0" covered="1"/><counter type="METHOD" missed="0" covered="1"/></method><method name="setDefaultDescription" desc="(Ljava/lang/String;)V" line="41"><counter type="INSTRUCTION" missed="0" covered="4"/><counter type="LINE" missed="0" covered="1"/><counter type="COMPLEXITY" missed="0" covered="1"/><counter type="METHOD" missed="0" covered="1"/></method><method name="setDefaultDisplayFormat" desc="(Ljava/lang/String;)V" line="41"><counter type="INSTRUCTION" missed="0" covered="4"/><counter type="LINE" missed="0" covered="1"/><counter type="COMPLEXITY" missed="0" covered="1"/><counter type="METHOD" missed="0" covered="1"/></method><method name="setDefaultDisplayName" desc="(Ljava/lang/String;)V" line="41"><counter type="INSTRUCTION" missed="0" covered="4"/><counter type="LINE" missed="0" covered="1"/><counter type="COMPLEXITY" missed="0" covered="1"/><counter type="METHOD" missed="0" covered="1"/></method><method name="setDefaultFalseRepresentation" desc="(Ljava/lang/String;)V" line="41"><counter type="INSTRUCTION" missed="0" covered="4"/><counter type="LINE" missed="0" covered="1"/><counter type="COMPLEXITY" missed="0" covered="1"/><counter type="METHOD" missed="0" covered="1"/></method><method name="setDefaultPrompt" desc="(Ljava/lang/String;)V" line="41"><counter type="INSTRUCTION" missed="0" covered="4"/><counter type="LINE" missed="0" covered="1"/><counter type="COMPLEXITY" missed="0" covered="1"/><counter type="METHOD" missed="0" covered="1"/></method><method name="setDefaultTrueRepresentation" desc="(Ljava/lang/String;)V" line="41"><counter type="INSTRUCTION" missed="0" covered="4"/><counter type="LINE" missed="0" covered="1"/><counter type="COMPLEXITY" missed="0" covered="1"/><counter type="METHOD" missed="0" covered="1"/></method><method name="setDefaultValue" desc="(Ljava/lang/Object;)V" line="41"><counter type="INSTRUCTION" missed="0" covered="4"/><counter type="LINE" missed="0" covered="1"/><counter type="COMPLEXITY" missed="0" covered="1"/><counter type="METHOD" missed="0" covered="1"/></method><method name="setDefaultSearchValue" desc="(Ljava/lang/Object;)V" line="41"><counter type="INSTRUCTION" missed="0" covered="4"/><counter type="LINE" missed="0" covered="1"/><counter type="COMPLEXITY" missed="0" covered="1"/><counter type="METHOD" missed="0" covered="1"/></method><method name="setDefaultSearchValueFrom" desc="(Ljava/lang/Object;)V" line="41"><counter type="INSTRUCTION" missed="0" covered="4"/><counter type="LINE" missed="0" covered="1"/><counter type="COMPLEXITY" missed="0" covered="1"/><counter type="METHOD" missed="0" covered="1"/></method><method name="setDefaultSearchValueTo" desc="(Ljava/lang/Object;)V" line="41"><counter type="INSTRUCTION" missed="0" covered="4"/><counter type="LINE" missed="0" covered="1"/><counter type="COMPLEXITY" missed="0" covered="1"/><counter type="METHOD" missed="0" covered="1"/></method><method name="setDescriptions" desc="(Ljava/util/Map;)V" line="41"><counter type="INSTRUCTION" missed="4" covered="0"/><counter type="LINE" missed="1" covered="0"/><counter type="COMPLEXITY" missed="1" covered="0"/><counter type="METHOD" missed="1" covered="0"/></method><method name="setDisplayFormats" desc="(Ljava/util/Map;)V" line="41"><counter type="INSTRUCTION" missed="4" covered="0"/><counter type="LINE" missed="1" covered="0"/><counter type="COMPLEXITY" missed="1" covered="0"/><counter type="METHOD" m
[...]
="0"/><line nr="132" mi="0" ci="5" mb="1" cb="3"/><line nr="133" mi="0" ci="4" mb="0" cb="0"/><line nr="135" mi="0" ci="5" mb="0" cb="4"/><line nr="136" mi="0" ci="4" mb="0" cb="0"/><line nr="137" mi="0" ci="16" mb="0" cb="2"/><line nr="138" mi="0" ci="8" mb="0" cb="2"/><line nr="139" mi="0" ci="5" mb="0" cb="0"/><line nr="140" mi="0" ci="4" mb="0" cb="0"/><line nr="141" mi="0" ci="13" mb="0" cb="2"/><line nr="143" mi="0" ci="4" mb="0" cb="0"/><line nr="145" mi="0" ci="5" mb="1" cb="3"/><line nr="146" mi="0" ci="4" mb="0" cb="0"/><line nr="148" mi="0" ci="2" mb="0" cb="0"/><line nr="162" mi="0" ci="3" mb="0" cb="0"/><line nr="163" mi="0" ci="6" mb="0" cb="0"/><line nr="165" mi="0" ci="2" mb="0" cb="0"/><line nr="166" mi="0" ci="3" mb="1" cb="1"/><line nr="167" mi="0" ci="9" mb="0" cb="0"/><line nr="168" mi="0" ci="3" mb="0" cb="2"/><line nr="169" mi="0" ci="9" mb="0" cb="0"/><line nr="170" mi="0" ci="2" mb="1" cb="1"/><line nr="171" mi="0" ci="5" mb="0" cb="0"/><line nr="173" mi="0" ci="1" mb="0" cb="0"/><line nr="175" mi="0" ci="2" mb="0" cb="0"/><line nr="188" mi="0" ci="3" mb="0" cb="0"/><line nr="189" mi="0" ci="3" mb="1" cb="1"/><line nr="190" mi="13" ci="0" mb="0" cb="0"/><line nr="191" mi="2" ci="0" mb="0" cb="0"/><line nr="192" mi="5" ci="0" mb="0" cb="0"/><line nr="193" mi="3" ci="0" mb="0" cb="0"/><line nr="196" mi="0" ci="11" mb="0" cb="0"/><line nr="197" mi="0" ci="2" mb="0" cb="0"/><line nr="210" mi="0" ci="3" mb="0" cb="0"/><line nr="211" mi="0" ci="6" mb="0" cb="0"/><line nr="212" mi="0" ci="3" mb="0" cb="0"/><line nr="217" mi="0" ci="6" mb="0" cb="2"/><line nr="220" mi="0" ci="6" mb="0" cb="0"/><line nr="221" mi="0" ci="9" mb="1" cb="1"/><line nr="224" mi="8" ci="0" mb="0" cb="0"/><line nr="225" mi="2" ci="0" mb="0" cb="0"/><line nr="229" mi="0" ci="6" mb="1" cb="5"/><line nr="231" mi="0" ci="3" mb="1" cb="1"/><line nr="233" mi="8" ci="0" mb="0" cb="0"/><line nr="235" mi="0" ci="5" mb="0" cb="0"/><line nr="237" mi="0" ci="6" mb="0" cb="0"/><line nr="239" mi="0" ci="6" mb="0" cb="0"/><line nr="241" mi="0" ci="6" mb="0" cb="0"/><line nr="243" mi="0" ci="6" mb="0" cb="0"/><line nr="245" mi="2" ci="0" mb="0" cb="0"/><line nr="260" mi="0" ci="3" mb="0" cb="0"/><line nr="261" mi="0" ci="4" mb="0" cb="0"/><line nr="262" mi="0" ci="4" mb="0" cb="0"/><line nr="264" mi="0" ci="12" mb="0" cb="2"/><line nr="266" mi="0" ci="2" mb="0" cb="0"/><line nr="267" mi="0" ci="6" mb="0" cb="0"/><line nr="268" mi="0" ci="2" mb="0" cb="2"/><line nr="269" mi="0" ci="4" mb="0" cb="0"/><line nr="271" mi="0" ci="4" mb="0" cb="0"/><line nr="272" mi="0" ci="3" mb="0" cb="0"/><line nr="273" mi="0" ci="2" mb="0" cb="0"/><line nr="289" mi="0" ci="3" mb="0" cb="0"/><line nr="290" mi="0" ci="3" mb="0" cb="0"/><line nr="291" mi="0" ci="4" mb="0" cb="0"/><line nr="294" mi="0" ci="12" mb="0" cb="0"/><line nr="296" mi="0" ci="2" mb="0" cb="0"/><line nr="297" mi="0" ci="6" mb="0" cb="0"/><line nr="298" mi="0" ci="2" mb="0" cb="2"/><line nr="299" mi="0" ci="4" mb="0" cb="0"/><line nr="301" mi="0" ci="4" mb="0" cb="0"/><line nr="302" mi="0" ci="7" mb="0" cb="0"/><line nr="304" mi="0" ci="4" mb="0" cb="0"/><line nr="305" mi="0" ci="3" mb="0" cb="0"/><line nr="307" mi="0" ci="2" mb="0" cb="0"/><line nr="323" mi="0" ci="3" mb="0" cb="0"/><line nr="324" mi="0" ci="4" mb="0" cb="0"/><line nr="325" mi="0" ci="4" mb="0" cb="0"/><line nr="327" mi="0" ci="4" mb="0" cb="0"/><line nr="328" mi="0" ci="2" mb="1" cb="1"/><line nr="329" mi="3" ci="0" mb="0" cb="0"/><line nr="334" mi="0" ci="4" mb="0" cb="0"/><line nr="335" mi="0" ci="5" mb="0" cb="0"/><line nr="336" mi="0" ci="4" mb="0" cb="0"/><line nr="338" mi="0" ci="2" mb="0" cb="0"/><line nr="339" mi="0" ci="2" mb="0" cb="2"/><line nr="340" mi="0" ci="6" mb="0" cb="0"/><line nr="341" mi="0" ci="2" mb="1" cb="1"/><line nr="342" mi="0" ci="21" mb="0" cb="0"/><line nr="344" mi="11" ci="0" mb="0" cb="0"/><line nr="346" mi="0" ci="1" mb="0" cb="0"/><line nr="347" mi="0" ci="11" mb="0" cb="0"/><line nr="350" mi="0" ci="12" mb="0" cb="2"/><line nr="351" mi="0" ci="4" mb="0" cb="0"/><line nr="353" mi="0" ci="5" mb="0" cb="0"/><line nr="355" mi="0" ci="2" mb="0" cb="2"/><line nr="356" mi="0" ci="3" mb="0" cb="0"/><line nr="359" mi="0" ci="2" mb="0" cb="0"/><line nr="373" mi="0" ci="3" mb="0" cb="0"/><line nr="374" mi="0" ci="4" mb="0" cb="0"/><line nr="375" mi="0" ci="4" mb="0" cb="0"/><line nr="377" mi="0" ci="4" mb="0" cb="0"/><line nr="378" mi="0" ci="4" mb="0" cb="0"/><line nr="380" mi="0" ci="2" mb="0" cb="0"/><line nr="381" mi="0" ci="3" mb="1" cb="1"/><line nr="382" mi="0" ci="5" mb="0" cb="0"/><line nr="383" mi="0" ci="7" mb="0" cb="0"/><line nr="384" mi="3" ci="1" mb="2" cb="0"/><line nr="385" mi="5" ci="0" mb="0" cb="0"/><line nr="386" mi="7" ci="0" mb="0" cb="0"/><line nr="387" mi="4" ci="0" mb="2" cb="0"/><line nr="388" mi="5" ci="0" mb="0" cb="0"/><line nr="389" mi="7" ci="0" mb="0" cb="0"/><line nr="390" mi="1" ci="0" mb="0" cb="0"/><line nr="392" mi="2" ci="0" mb="0" cb="0"/><line nr="393" mi="9" ci="0" mb="0" cb="0"/><line nr="396" mi="0" ci="4" mb="0" cb="0"/><line nr="397" mi="0" ci="2" mb="1" cb="1"/><line nr="398" mi="0" ci="5" mb="0" cb="0"/><line nr="401" mi="0" ci="2" mb="0" cb="0"/><line nr="416" mi="0" ci="3" mb="0" cb="0"/><line nr="417" mi="0" ci="3" mb="0" cb="0"/><line nr="418" mi="0" ci="4" mb="0" cb="0"/><line nr="420" mi="0" ci="4" mb="0" cb="0"/><line nr="421" mi="0" ci="6" mb="0" cb="0"/><line nr="423" mi="0" ci="2" mb="0" cb="0"/><line nr="424" mi="0" ci="6" mb="0" cb="0"/><line nr="425" mi="0" ci="2" mb="1" cb="1"/><line nr="426" mi="4" ci="0" mb="0" cb="0"/><line nr="430" mi="0" ci="4" mb="1" cb="1"/><line nr="431" mi="4" ci="0" mb="0" cb="0"/><line nr="437" mi="0" ci="8" mb="0" cb="0"/><line nr="438" mi="0" ci="4" mb="0" cb="0"/><line nr="439" mi="0" ci="3" mb="0" cb="0"/><line nr="440" mi="0" ci="2" mb="0" cb="0"/><line nr="452" mi="0" ci="3" mb="0" cb="0"/><line nr="453" mi="0" ci="3" mb="0" cb="2"/><line nr="454" mi="0" ci="5" mb="0" cb="0"/><line nr="456" mi="0" ci="5" mb="0" cb="0"/><line nr="470" mi="0" ci="3" mb="0" cb="0"/><line nr="471" mi="0" ci="3" mb="1" cb="1"/><line nr="472" mi="12" ci="0" mb="0" cb="0"/><line nr="473" mi="6" ci="0" mb="0" cb="0"/><line nr="474" mi="2" ci="0" mb="0" cb="0"/><line nr="477" mi="0" ci="10" mb="0" cb="0"/><line nr="490" mi="0" ci="3" mb="0" cb="0"/><line nr="491" mi="0" ci="3" mb="0" cb="2"/><line nr="493" mi="0" ci="13" mb="0" cb="0"/><line nr="494" mi="0" ci="4" mb="0" cb="0"/><line nr="497" mi="0" ci="12" mb="0" cb="0"/><line nr="498" mi="0" ci="4" mb="0" cb="0"/><line nr="513" mi="0" ci="3" mb="0" cb="0"/><line nr="514" mi="0" ci="6" mb="0" cb="0"/><line nr="516" mi="0" ci="2" mb="0" cb="0"/><line nr="517" mi="0" ci="3" mb="1" cb="1"/><line nr="518" mi="0" ci="9" mb="0" cb="0"/><line nr="519" mi="0" ci="3" mb="0" cb="2"/><line nr="520" mi="0" ci="9" mb="0" cb="0"/><line nr="521" mi="0" ci="2" mb="1" cb="1"/><line nr="522" mi="0" ci="5" mb="0" cb="0"/><line nr="524" mi="0" ci="1" mb="0" cb="0"/><line nr="527" mi="0" ci="2" mb="0" cb="0"/><line nr="531" mi="0" ci="4" mb="0" cb="0"/><line nr="545" mi="0" ci="2" mb="0" cb="2"/><line nr="546" mi="0" ci="2" mb="0" cb="0"/><line nr="549" mi="0" ci="3" mb="0" cb="2"/><line nr="550" mi="0" ci="6" mb="0" cb="0"/><line nr="551" mi="0" ci="3" mb="0" cb="2"/><line nr="552" mi="0" ci="6" mb="0" cb="0"/><line nr="553" mi="0" ci="6" mb="0" cb="2"/><line nr="554" mi="0" ci="9" mb="0" cb="0"/><line nr="555" mi="0" ci="6" mb="0" cb="2"/><line nr="556" mi="0" ci="6" mb="0" cb="0"/><line nr="557" mi="0" ci="8" mb="0" cb="0"/><line nr="558" mi="0" ci="3" mb="0" cb="2"/><line nr="559" mi="0" ci="5" mb="0" cb="0"/><line nr="560" mi="0" ci="6" mb="0" cb="2"/><line nr="561" mi="0" ci="6" mb="0" cb="0"/><line nr="562" mi="0" ci="3" mb="1" cb="1"/><line nr="563" mi="4" ci="0" mb="0" cb="0"/><line nr="565" mi="0" ci="4" mb="0" cb="0"/><line nr="566" mi="0" ci="3" mb="0" cb="2"/><line nr="567" mi="0" ci="5" mb="0" cb="0"/><line nr="568" mi="3" ci="3" mb="1" cb="1"/><line nr="569" mi="7" ci="0" mb="0" cb="0"/><line nr="570" mi="3" ci="0" mb="0" cb="0"/><line nr="571" mi="0" ci="6" mb="0" cb="2"/><line nr="572" mi="0" ci="7" mb="1" cb="3"/><line nr="573" mi="0" ci="6" mb="0" cb="0"/><line nr="574" mi="0" ci="6" mb="0" cb="0"/><line nr="576" mi="0" ci="4" mb="1" cb="1"/><line nr="577" mi="4" ci="0" mb="0" cb="0"/><line nr="580" mi="0" ci="5" mb="0" cb="0"/><line nr="581" mi="0" ci="6" mb="0" cb="0"/><line nr="582" mi="0" ci="9" mb="0" cb="0"/><line nr="585" mi="0" ci="6" mb="0" cb="0"/><line nr="586" mi="0" ci="6" mb="0" cb="0"/><line nr="588" mi="0" ci="3" mb="1" cb="1"/><line nr="589" mi="0" ci="5" mb="0" cb="0"/><line nr="592" mi="8" ci="0" mb="0" cb="0"/><line nr="606" mi="0" ci="3" mb="0" cb="0"/><line nr="607" mi="0" ci="4" mb="0" cb="0"/><line nr="608" mi="0" ci="4" mb="0" cb="0"/><line nr="610" mi="0" ci="4" mb="0" cb="0"/><line nr="611" mi="0" ci="4" mb="0" cb="0"/><line nr="612" mi="0" ci="4" mb="0" cb="0"/><line nr="614" mi="0" ci="2" mb="0" cb="0"/><line nr="615" mi="0" ci="6" mb="0" cb="0"/><line nr="616" mi="0" ci="2" mb="0" cb="2"/><line nr="617" mi="0" ci="4" mb="0" cb="0"/><line nr="619" mi="0" ci="7" mb="0" cb="0"/><line nr="620" mi="0" ci="4" mb="0" cb="0"/><line nr="621" mi="0" ci="3" mb="0" cb="0"/><line nr="622" mi="0" ci="2" mb="0" cb="0"/><line nr="637" mi="0" ci="3" mb="0" cb="0"/><line nr="638" mi="0" ci="4" mb="0" cb="0"/><line nr="639" mi="0" ci="4" mb="0" cb="0"/><line nr="641" mi="0" ci="4" mb="0" cb="0"/><line nr="644" mi="0" ci="5" mb="1" cb="3"/><line nr="645" mi="0" ci="13" mb="0" cb="0"/><line nr="646" mi="0" ci="1" mb="0" cb="0"/><line nr="648" mi="0" ci="7" mb="0" cb="0"/><line nr="650" mi="0" ci="4" mb="0" cb="0"/><line nr="651" mi="0" ci="4" mb="0" cb="0"/><line nr="653" mi="0" ci="2" mb="0" cb="0"/><line nr="668" mi="0" ci="3" mb="0" cb="0"/><line nr="669" mi="0" ci="4" mb="0" cb="0"/><line nr="670" mi="0" ci="4" mb="0" cb="0"/><line nr="673" mi="0" ci="5" mb="2" cb="2"/><line nr="674" mi="0" ci="13" mb="0" cb="0"/><line nr="675" mi="0" ci="1" mb="0" cb="0"/><line nr="677" mi="7" ci="0" mb="0" cb="0"/><line nr="679" mi="0" ci="4" mb="0" cb="0"/><line nr="681" mi="0" ci="2" mb="0" cb="0"/><line nr="695" mi="0" ci="5" mb="0" cb="0"/><line nr="697" mi="0" ci="2" mb="0" cb="0"/><line nr="698" mi="0" ci="2" mb="0" cb="0"/><line nr="699" mi="0" ci="16" mb="0" cb="2"/><line nr="700" mi="0" ci="2" mb="0" cb="2"/><line nr="701" mi="0" ci="5" mb="0" cb="0"/><line nr="703" mi="0" ci="4" mb="0" cb="0"/><line nr="706" mi="0" ci="5" mb="2" cb="2"/><line nr="708" mi="2" ci="0" mb="0" cb="0"/><line nr="709" mi="5" ci="0" mb="2" cb="0"/><line nr="710" mi="3" ci="0" mb="0" cb="0"/><line nr="711" mi="2" ci="0" mb="2" cb="0"/><line nr="712" mi="10" ci="0" mb="2" cb="0"/><line nr="713" mi="6" ci="0" mb="2" cb="0"/><line nr="714" mi="2" ci="0" mb="0" cb="0"/><line nr="715" mi="2" ci="0" mb="0" cb="0"/><line nr="716" mi="1" ci="0" mb="0" cb="0"/><line nr="718" mi="1" ci="0" mb="0" cb="0"/><line nr="721" mi="2" ci="0" mb="2" cb="0"/><line nr="722" mi="2" ci="0" mb="2" cb="0"/><line nr="723" mi="5" ci="0" mb="0" cb="0"/><line nr="725" mi="4" ci="0" mb="0" cb="0"/><line nr="727" mi="2" ci="0" mb="0" cb="0"/><line nr="731" mi="0" ci="2" mb="0" cb="0"/><line nr="743" mi="0" ci="5" mb="0" cb="0"/><line nr="745" mi="0" ci="2" mb="0" cb="0"/><line nr="746" mi="0" ci="2" mb="0" cb="0"/><line nr="747" mi="0" ci="16" mb="0" cb="2"/><line nr="748" mi="0" ci="2" mb="1" cb="1"/><line nr="749" mi="0" ci="5" mb="0" cb="0"/><line nr="751" mi="4" ci="0" mb="0" cb="0"/><line nr="754" mi="0" ci="3" mb="1" cb="1"/><line nr="756" mi="2" ci="0" mb="0" cb="0"/><line nr="757" mi="5" ci="0" mb="2" cb="0"/><line nr="758" mi="3" ci="0" mb="0" cb="0"/><line nr="759" mi="2" ci="0" mb="2" cb="0"/><line nr="760" mi="10" ci="0" mb="2" cb="0"/><line nr="761" mi="6" ci="0" mb="2" cb="0"/><line nr="762" mi="2" ci="0" mb="0" cb="0"/><line nr="763" mi="2" ci="0" mb="0" cb="0"/><line nr="764" mi="1" ci="0" mb="0" cb="0"/><line nr="766" mi="1" ci="0" mb="0" cb="0"/><line nr="769" mi="2" ci="0" mb="2" cb="0"/><line nr="770" mi="2" ci="0" mb="2" cb="0"/><line nr="771" mi="6" ci="0" mb="0" cb="0"/><line nr="773" mi="5" ci="0" mb="0" cb="0"/><line nr="775" mi="2" ci="0" mb="0" cb="0"/><line nr="780" mi="0" ci="2" mb="0" cb="0"/><line nr="791" mi="0" ci="2" mb="0" cb="0"/><line nr="793" mi="0" ci="11" mb="0" cb="2"/><line nr="794" mi="0" ci="3" mb="0" cb="0"/><line nr="796" mi="0" ci="3" mb="0" cb="0"/><line nr="797" mi="0" ci="11" mb="2" cb="4"/><line nr="798" mi="0" ci="1" mb="0" cb="0"/><line nr="799" mi="0" ci="2" mb="0" cb="0"/><line nr="803" mi="0" ci="2" mb="0" cb="0"/><line nr="805" mi="2" ci="11" mb="2" cb="2"/><line nr="806" mi="0" ci="1" mb="0" cb="0"/><line nr="808" mi="0" ci="1" mb="0" cb="0"/><line nr="809" mi="0" ci="2" mb="0" cb="0"/><line nr="813" mi="0" ci="2" mb="0" cb="0"/><line nr="816" mi="0" ci="5" mb="1" cb="1"/><line nr="817" mi="2" ci="5" mb="1" cb="1"/><line nr="818" mi="1" ci="0" mb="0" cb="0"/><line nr="820" mi="0" ci="1" mb="0" cb="0"/><line nr="821" mi="0" ci="2" mb="0" cb="0"/><line nr="826" mi="3" ci="0" mb="0" cb="0"/><line nr="836" mi="0" ci="11" mb="0" cb="2"/><line nr="837" mi="0" ci="8" mb="0" cb="0"/><line nr="838" mi="0" ci="1" mb="0" cb="0"/><line nr="839" mi="0" ci="1" mb="0" cb="0"/><line nr="848" mi="0" ci="6" mb="2" cb="1"/><line nr="849" mi="2" ci="0" mb="0" cb="0"/><line nr="850" mi="0" ci="2" mb="0" cb="0"/><line nr="851" mi="1" ci="0" mb="0" cb="0"/><counter type="INSTRUCTION" missed="288" covered="1216"/><counter type="BRANCH" missed="68" covered="121"/><counter type="LINE" missed="66" covered="263"/><counter type="COMPLEXITY" missed="55" covered="72"/><counter type="METHOD" missed="1" covered="29"/><counter type="CLASS" missed="0" covered="1"/></sourcefile><sourcefile name="BaseDaoImpl.java"><line nr="46" mi="0" ci="3" mb="0" cb="0"/><line nr="62" mi="2" ci="0" mb="2" cb="0"/><line nr="63" mi="5" ci="0" mb="0" cb="0"/><line nr="65" mi="1" ci="0" mb="0" cb="0"/><line nr="70" mi="4" ci="0" mb="0" cb="0"/><line nr="75" mi="0" ci="8" mb="0" cb="0"/><line nr="76" mi="0" ci="5" mb="0" cb="0"/><line nr="85" mi="8" ci="0" mb="0" cb="0"/><line nr="94" mi="0" ci="6" mb="0" cb="0"/><line nr="95" mi="0" ci="5" mb="0" cb="0"/><line nr="96" mi="0" ci="2" mb="0" cb="0"/><line nr="105" mi="8" ci="0" mb="0" cb="0"/><line nr="110" mi="4" ci="0" mb="0" cb="0"/><line nr="111" mi="1" ci="0" mb="0" cb="0"/><line nr="115" mi="0" ci="6" mb="0" cb="0"/><line nr="116" mi="0" ci="4" mb="0" cb="0"/><line nr="117" mi="0" ci="1" mb="0" cb="0"/><line nr="121" mi="4" ci="0" mb="0" cb="0"/><line nr="122" mi="1" ci="0" mb="0" cb="0"/><line nr="126" mi="0" ci="7" mb="0" cb="0"/><line nr="131" mi="2" ci="10" mb="1" cb="1"/><line nr="146" mi="0" ci="7" mb="0" cb="0"/><line nr="147" mi="0" ci="9" mb="0" cb="4"/><line nr="148" mi="0" ci="6" mb="0" cb="2"/><line nr="150" mi="0" ci="2" mb="0" cb="2"/><line nr="151" mi="0" ci="5" mb="0" cb="0"/><line nr="152" mi="0" ci="5" mb="0" cb="0"/><line nr="154" mi="0" ci="3" mb="0" cb="0"/><line nr="158" mi="0" ci="6" mb="0" cb="0"/><line nr="159" mi="0" ci="5" mb="0" cb="0"/><line nr="163" mi="0" ci="6" mb="0" cb="0"/><line nr="164" mi="0" ci="5" mb="0" cb="0"/><line nr="169" mi="0" ci="7" mb="0" cb="0"/><line nr="174" mi="0" ci="7" mb="0" cb="0"/><line nr="175" mi="2" ci="7" mb="2" cb="2"/><line nr="176" mi="0" ci="5" mb="0" cb="0"/><line nr="182" mi="0" ci="3" mb="1" cb="1"/><line nr="183" mi="2" ci="0" mb="0" cb="0"/><line nr="185" mi="0" ci="9" mb="0" cb="0"/><line nr="186" mi="2" ci="7" mb="2" cb="2"/><line nr="187" mi="0" ci="3" mb="0" cb="0"/><line nr="192" mi="0" ci="7" mb="0" cb="0"/><line nr="198" mi="0" ci="6" mb="0" cb="0"/><line nr="199" mi="1" ci="11" mb="2" cb="2"/><line nr="200" mi="0" ci="5" mb="0" cb="0"/><line nr="202" mi="0" ci="4" mb="0" cb="0"/><line nr="203" mi="0" ci="1" mb="0" cb="0"/><line nr="204" mi="0" ci="2" mb="0" cb="0"/><line nr="205" mi="1" ci="0" mb="0" cb="0"/><line nr="206" mi="6" ci="0" mb="0" cb="0"/><line nr="212" mi="0" ci="8" mb="0" cb="0"/><line nr="216" mi="0" ci="8" mb="0" cb="0"/><line nr="217" mi="2" ci="4" mb="1" cb="1"/><line nr="219" mi="0" ci="2" mb="1" cb="1"/><line nr="220" mi="5" ci="0" mb="0" cb="0"/><line nr="221" mi="5" ci="0" mb="0" cb="0"/><line nr="223" mi="0" ci="3" mb="0" cb="0"/><line nr="228" mi="0" ci="11" mb="0" cb="0"/><line nr="233" mi="0" ci="5" mb="0" cb="0"/><line nr="238" mi="0" ci="9" mb="0" cb="0"/><line nr="243" mi="0" ci="8" mb="0" cb="0"/><line nr="248" mi="0" ci="9" mb="0" cb="0"/><line nr="250" mi="0" ci="5" mb="0" cb="0"/><line nr="252" mi="0" ci="4" mb="0" cb="0"/><line nr="253" mi="0" ci="1" mb="0" cb="0"/><line nr="254" mi="0" ci="2" mb="0" cb="0"/><line nr="255" mi="1" ci="0" mb="0" cb="0"/><line nr="256" mi="6" ci="0" mb="0" cb="0"/><line nr="263" mi="0" ci="9" mb="0" cb="0"/><line nr="265" mi="0" ci="16" mb="0" cb="0"/><line nr="266" mi="0" ci="1" mb="0" cb="0"/><line nr="272" mi="0" ci="13" mb="0" cb="0"/><line nr="273" mi="0" ci="6" mb="0" cb="0"/><line nr="279" mi="0" ci="8" mb="0" cb="0"/><line nr="280" mi="0" ci="2" mb="1" cb="1"/><line nr="281" mi="5" ci="0" mb="0" cb="0"/><line nr="283" mi="0" ci="17" mb="0" cb="0"/><line nr="288" mi="0" ci="6" mb="0" cb="0"/><line nr="293" mi="0" ci="3" mb="0" cb="0"/><line nr="294" mi="0" ci="3" mb="0" cb="0"/><line nr="295" mi="0" ci="1" mb="0" cb="0"/><line nr="305" mi="0" ci="3" mb="0" cb="0"/><line nr="326" mi="1" ci="11" mb="2" cb="2"/><line nr="336" mi="5" ci="0" mb="0" cb="0"/><line nr="341" mi="0" ci="4" mb="0" cb="0"/><line nr="342" mi="0" ci="10" mb="0" cb="2"/><line nr="343" mi="0" ci="6" mb="0" cb="0"/><line nr="344" mi="0" ci="1" mb="0" cb="0"/><line nr="345" mi="0" ci="2" mb="0" cb="0"/><line nr="350" mi="0" ci="3" mb="0" cb="2"/><line nr="351" mi="0" ci="5" mb="0" cb="0"/><line nr="353" mi="0" ci="6" mb="0" cb="0"/><line nr="355" mi="0" ci="2" mb="0" cb="0"/><counter type="INSTRUCTION" missed="84" covered="417"/><counter type="BRANCH" missed="15" covered="25"/><counter type="LINE" missed="19" covered="74"/><counter type="COMPLEXITY" missed="21" covered="40"/><counter type="METHOD" missed="7" covered="34"/><counter type="CLASS" missed="0" covered="1"/></sourcefile><sourcefile name="DefaultDaoImpl.java"><line nr="53" mi="0" ci="6" mb="0" cb="0"/><line nr="54" mi="0" ci="1" mb="0" cb="0"/><line nr="63" mi="0" ci="2" mb="0" cb="0"/><line nr="64" mi="0" ci="3" mb="0" cb="0"/><line nr="65" mi="0" ci="3" mb="0" cb="0"/><line nr="66" mi="0" ci="3" mb="0" cb="0"/><line nr="67" mi="0" ci="1" mb="0" cb="0"/><line nr="71" mi="0" ci="3" mb="0" cb="0"/><line nr="76" mi="0" ci="3" mb="0" cb="0"/><line nr="81" mi="0" ci="7" mb="1" cb="3"/><line nr="82" mi="0" ci="3" mb="0" cb="0"/><line nr="85" mi="0" ci="9" mb="0" cb="0"/><line nr="86" mi="0" ci="2" mb="0" cb="0"/><line nr="91" mi="7" ci="0" mb="4" cb="0"/><line nr="92" mi="3" ci="0" mb="0" cb="0"/><line nr="95" mi="9" ci="0" mb="0" cb="0"/><line nr="96" mi="2" ci="0" mb="0" cb="0"/><counter type="INSTRUCTION" missed="21" covered="46"/><counter type="BRANCH" missed="5" covered="3"/><counter type="LINE" missed="4" covered="13"/><counter type="COMPLEXITY" missed="4" covered="6"/><counter type="METHOD" missed="1" covered="5"/><counter type="CLASS" missed="0" covered="1"/></sourcefile><counter type="INSTRUCTION" missed="393" covered="1679"/><counter type="BRANCH" missed="88" covered="149"/><counter type="LINE" missed="89" covered="350"/><counter type="COMPLEXITY" missed="80" covered="118"/><counter type="METHOD" missed="9" covered="68"/><counter type="CLASS" missed="0" covered="3"/></package><counter type="INSTRUCTION" missed="4769" covered="12872"/><counter type="BRANCH" missed="865" covered="1296"/><counter type="LINE" missed="465" covered="2432"/><counter type="COMPLEXITY" missed="904" covered="1172"/><counter type="METHOD" missed="298" covered="693"/><counter type="CLASS" missed="6" covered="54"/></report>